--180920 124947: 1.19602394104 - . on ::1
{"param":{"tpl":"app_version.list","tpl_dir":"dev","dynamic":{"api":"dev","method":"getAppVersion","param":{"pageNumber":1,"pageSize":20,"search_text":""}}}}

--180920 124959: 1.2170059680939 - . on ::1
{"param":{"tpl":"app_version.list","tpl_dir":"dev","dynamic":{"api":"dev","method":"getAppVersion","param":{"pageNumber":1,"pageSize":20,"search_text":""}}}}

--180920 130339: 1.1740260124207 - . on ::1


--180920 130431: 1.0760269165039 - . on ::1


--180920 130445: 1.1920509338379 - . on ::1


--180920 130457: 1.1970539093018 - . on ::1


--180920 130510: 1.2060420513153 - . on ::1


--180920 133908: 1.1420660018921 - . on ::1


--180920 134051: 1.362076997757 - . on ::1


--180920 141629: 1.1490662097931 - . on ::1


--180920 150018: 1.1680660247803 - . on ::1


--180920 150032: 1.2650718688965 - . on ::1


--180920 150326: 1.2590720653534 - . on ::1


--180920 153635: 1.2430710792542 - . on ::1


--180920 155106: 1.1140639781952 - . on ::1


--180920 155954: 1.1780669689178 - . on ::1
{"param":{"tpl":"app_version.list","tpl_dir":"dev","dynamic":{"api":"dev","method":"getAppVersion","param":{"pageNumber":1,"pageSize":20,"search_text":""}}}}

--180920 160002: 1.3080739974976 - . on ::1
{}

--180920 160004: 1.3280758857727 - . on ::1
{}

--180920 160006: 1.3180758953094 - . on ::1
{}

--180920 160009: 1.3170750141144 - . on ::1
{}

--180920 160011: 1.3310761451721 - . on ::1
{}

--180920 160014: 1.3310761451721 - . on ::1
{}

--180920 160016: 1.3280761241913 - . on ::1
{}

--180920 160018: 1.3280758857727 - . on ::1
{}

--180920 160019: 1.1370649337769 - . on ::1


--180920 160025: 1.1730668544769 - . on ::1
user_code=admin&user_password=123456

--180920 160027: 1.3110749721527 - . on ::1
{}

--180920 160029: 1.4000799655914 - . on ::1
{}

--180920 160030: 1.3000741004944 - . on ::1
{"param":{"tpl":"dashboard.loan","tpl_dir":"monitor","dynamic":{"api":"monitor","method":"getDashboardLoanData"}}}

--180920 160031: 1.1790668964386 - . on ::1
{"param":{"tpl":"dashboard.business.activity","tpl_dir":"monitor","dynamic":{"api":"monitor","method":"getDashboardBusinessActivity"}}}

--180920 160031: 1.4610831737518 - . on ::1
{"param":{"tpl":"dashboard.savings","tpl_dir":"monitor","dynamic":{"api":"monitor","method":"getDashboardSavingsData"}}}

--180920 160032: 1.3580780029297 - . on ::1
{}

--180920 160033: 1.3430771827698 - . on ::1
{}

--180920 160035: 1.3500769138336 - . on ::1
{}

--180920 160036: 1.2260711193085 - . on ::1
{"param":{"tpl":"branch.list","tpl_dir":"user","dynamic":{"api":"user","method":"getBranchList","param":{"pageNumber":1,"pageSize":20,"search_text":""}}}}

--180920 160037: 1.3170750141144 - . on ::1
{}

--180920 160039: 1.3070750236511 - . on ::1
{}

--180920 160041: 1.3340759277344 - . on ::1
{}

--180920 160043: 1.318076133728 - . on ::1
{}

--180920 160045: 1.293074131012 - . on ::1
{}

--180920 160047: 1.2830729484558 - . on ::1
{}

--180920 160049: 1.3330769538879 - . on ::1
{}

--180920 160051: 1.3090751171112 - . on ::1
{}

--180920 160053: 1.3230760097504 - . on ::1
{}

--180920 160055: 1.321074962616 - . on ::1
{}

--180920 160057: 1.310075044632 - . on ::1
{}

--180920 160059: 1.3410768508911 - . on ::1
{}

--180920 160101: 1.3680779933929 - . on ::1
{}

--180920 160103: 1.3450770378113 - . on ::1
{}

--180920 160105: 1.316074848175 - . on ::1
{}

--180920 160107: 1.3710780143738 - . on ::1
{}

--180920 160109: 1.3970799446106 - . on ::1
{}

--180920 160111: 1.3240759372711 - . on ::1
{}

--180920 160113: 1.3020739555359 - . on ::1
{}

--180920 160115: 1.2710719108582 - . on ::1
{}

--180920 160117: 1.316074848175 - . on ::1
{}

--180920 160119: 1.2840728759766 - . on ::1
{}

--180920 160121: 1.2800731658936 - . on ::1
{}

--180920 160123: 1.3390769958496 - . on ::1
{}

--180920 160125: 1.3260748386383 - . on ::1
{}

--180920 160127: 1.3000738620758 - . on ::1
{}

--180920 160129: 1.3210759162903 - . on ::1
{}

--180920 160131: 1.3180749416351 - . on ::1
{}

--180920 160133: 1.3180758953094 - . on ::1
{}

--180920 160135: 1.3150749206543 - . on ::1
{}

--180920 160137: 1.3410768508911 - . on ::1
{}

--180920 160139: 1.4030809402466 - . on ::1
{}

--180920 160141: 1.3220748901367 - . on ::1
{}

--180920 160143: 1.3330760002136 - . on ::1
{}

--180920 160145: 1.3180749416351 - . on ::1
{}

--180920 160147: 1.3340759277344 - . on ::1
{}

--180920 160149: 1.376079082489 - . on ::1
{}

--180920 160151: 1.3260760307312 - . on ::1
{}

--180920 160153: 1.3260757923126 - . on ::1
{}

--180920 160155: 1.3490772247314 - . on ::1
{}

--180920 160156: 1.2920730113983 - . on ::1
{}

--180920 160158: 1.3090748786926 - . on ::1
{}

--180920 160200: 1.323075056076 - . on ::1
{}

--180920 160202: 1.3000750541687 - . on ::1
{}

--180920 160204: 1.3000741004944 - . on ::1
{}

--180920 160206: 1.3320760726929 - . on ::1
{}

--180920 160209: 1.3540780544281 - . on ::1
{}

--180920 160211: 1.3600771427155 - . on ::1
{}

--180920 160212: 1.2620718479156 - . on ::1
{}

--180920 160214: 1.3060750961304 - . on ::1
{}

--180920 160216: 1.3260760307312 - . on ::1
{}

--180920 160218: 1.3010749816895 - . on ::1
{}

--180920 160219: 1.1340651512146 - . on ::1
{"param":{"tpl":"withdrawal.list","tpl_dir":"member_cash","dynamic":{"api":"member_cash","method":"getWithdrawalList","param":{"pageNumber":1,"pageSize":50}}}}

--180920 160220: 1.3170759677887 - . on ::1
{}

--180920 160222: 1.3060750961304 - . on ::1
{}

--180920 160224: 1.3380768299103 - . on ::1
{}

--180920 160226: 1.3420770168304 - . on ::1
{}

--180920 160228: 1.3360769748688 - . on ::1
{}

--180920 160230: 1.3210752010345 - . on ::1
{}

--180920 160232: 1.3180749416351 - . on ::1
{}

--180920 160234: 1.3070750236511 - . on ::1
{}

--180920 160236: 1.3190751075745 - . on ::1
{}

--180920 160238: 1.3560781478882 - . on ::1
{}

--180920 160240: 1.3170759677887 - . on ::1
{}

--180920 160242: 1.2880737781525 - . on ::1
{}

--180920 160244: 1.2890739440918 - . on ::1
{}

--180920 160246: 1.3380770683289 - . on ::1
{}

--180920 160248: 1.3140749931335 - . on ::1
{}

--180920 160250: 1.3050742149353 - . on ::1
{}

--180920 160251: 1.3480768203735 - . on ::1
{"param":{"currency":"USD","amount":"10000","remark":"12","client_id":"310"}}

--180920 160252: 1.2860732078552 - . on ::1
{}

--180920 160254: 1.335077047348 - . on ::1
{}

--180920 160256: 1.3080751895905 - . on ::1
{}

--180920 160259: 1.3380768299103 - . on ::1
{}

--180920 160301: 1.321074962616 - . on ::1
{}

--180920 160303: 1.2900738716125 - . on ::1
{}

--180920 160305: 1.3420770168304 - . on ::1
{}

--180920 160307: 1.3370759487152 - . on ::1
{}

--180920 160309: 1.3360769748688 - . on ::1
{}

--180920 160311: 1.3080749511719 - . on ::1
{}

--180920 160312: 1.2910740375519 - . on ::1
{}

--180920 160314: 1.3060750961304 - . on ::1
{}

--180920 160314: 1.0860621929169 - . on ::1
{"param":{"tpl":"withdrawal.list","tpl_dir":"member_cash","dynamic":{"api":"member_cash","method":"getWithdrawalList","param":{"pageNumber":1,"pageSize":50}}}}

--180920 160316: 1.3370761871338 - . on ::1
{}

--180920 160318: 1.3550782203674 - . on ::1
{}

--180920 160320: 1.362076997757 - . on ::1
{}

--180920 160322: 1.2960739135742 - . on ::1
{}

--180920 160324: 1.3410768508911 - . on ::1
{}

--180920 160325: 1.334076166153 - . on ::1
{"param":{"currency":"USD","amount":"1000","remark":"ok","client_id":"310"}}

--180920 160326: 1.3330760002136 - . on ::1
{}

--180920 160328: 1.335077047348 - . on ::1
{}

--180920 160330: 1.3590769767761 - . on ::1
{}

--180920 160332: 1.3290758132935 - . on ::1
{}

--180920 160334: 1.3620779514313 - . on ::1
{}

--180920 160334: 1.4320819377899 - . on ::1
{"param":{"currency":"USD","amount":"600","remark":"ok","client_id":"310"}}

--180920 160336: 1.3710780143738 - . on ::1
{}

--180920 160338: 1.3040750026703 - . on ::1
{}

--180920 160340: 1.3090751171112 - . on ::1
{}

--180920 160342: 1.2950739860535 - . on ::1
{}

--180920 160344: 1.3300759792328 - . on ::1
{}

--180920 160345: 1.4090809822083 - . on ::1
{"param":{"currency":"USD","amount":"600","remark":"ok","client_id":"310"}}

--180920 160346: 1.3420770168304 - . on ::1
{}

--180920 160348: 1.3170759677887 - . on ::1
{}

--180920 160350: 1.3570771217346 - . on ::1
{}

--180920 160352: 1.2870728969574 - . on ::1
{}

--180920 160354: 1.3370769023895 - . on ::1
{}

--180920 160356: 1.340075969696 - . on ::1
{}

--180920 160358: 1.3230760097504 - . on ::1
{}

--180920 160400: 1.3040750026703 - . on ::1
{}

--180920 160402: 1.3050742149353 - . on ::1
{}

--180920 160404: 1.312075138092 - . on ::1
{}

--180920 160406: 1.3740780353546 - . on ::1
{}

--180920 160406: 1.4820840358734 - . on ::1
{"param":{"currency":"USD","amount":"50","remark":"ok","client_id":"310"}}

--180920 160408: 1.3350758552551 - . on ::1
{}

--180920 160410: 1.3530778884888 - . on ::1
{}

--180920 160412: 1.3240759372711 - . on ::1
{}

--180920 160413: 1.1020629405975 - . on ::1
{"param":{"tpl":"withdrawal.list","tpl_dir":"member_cash","dynamic":{"api":"member_cash","method":"getWithdrawalList","param":{"pageNumber":1,"pageSize":50}}}}

--180920 160414: 1.3790788650513 - . on ::1
{}

--180920 160415: 1.0670611858368 - . on ::1
{"param":{"tpl":"deposit.list","tpl_dir":"member_cash","dynamic":{"api":"member_cash","method":"getDepositList","param":{"pageNumber":1,"pageSize":50}}}}

--180920 160417: 1.3260760307312 - . on ::1
{}

--180920 160419: 1.3310759067535 - . on ::1
{}

--180920 160421: 1.3250761032104 - . on ::1
{}

--180920 160423: 1.3130750656128 - . on ::1
{}

--180920 160425: 1.3340771198273 - . on ::1
{}

--180920 160427: 1.3660781383514 - . on ::1
{}

--180920 160429: 1.3300759792328 - . on ::1
{}

--180920 160431: 1.4150810241699 - . on ::1
{}

--180920 160433: 1.338075876236 - . on ::1
{}

--180920 160435: 1.3590779304504 - . on ::1
{}

--180920 160436: 1.3110749721527 - . on ::1
{}

--180920 160438: 1.3620781898499 - . on ::1
{}

--180920 160440: 1.3590779304504 - . on ::1
{}

--180920 160442: 1.2890739440918 - . on ::1
{}

--180920 160443: 1.1060628890991 - . on ::1
{"param":{"tpl":"deposit.list","tpl_dir":"member_cash","dynamic":{"api":"member_cash","method":"getDepositList","param":{"pageNumber":1,"pageSize":50}}}}

--180920 160444: 1.335077047348 - . on ::1
{}

--180920 160446: 1.3200759887695 - . on ::1
{}

--180920 160448: 1.3630781173706 - . on ::1
{}

--180920 160450: 1.3510780334473 - . on ::1
{}

--180920 160452: 1.329076051712 - . on ::1
{}

--180920 160453: 1.3780779838562 - . on ::1
{"param":{"currency":"USD","amount":"6000","remark":"ok","client_id":"310"}}

--180920 160454: 1.3350768089294 - . on ::1
{}

--180920 160456: 1.3490769863129 - . on ::1
{}

--180920 160458: 1.3200750350952 - . on ::1
{}

--180920 160500: 1.3530778884888 - . on ::1
{}

--180920 160502: 1.3560769557953 - . on ::1
{}

--180920 160504: 1.3140749931335 - . on ::1
{}

--180920 160506: 1.303074836731 - . on ::1
{}

--180920 160508: 1.4060800075531 - . on ::1
{}

--180920 160510: 1.3470768928528 - . on ::1
{}

--180920 160512: 1.3180751800537 - . on ::1
{}

--180920 160514: 1.3140759468079 - . on ::1
{}

--180920 160516: 1.3370759487152 - . on ::1
{}

--180920 160518: 1.3370759487152 - . on ::1
{}

--180920 160520: 1.3170759677887 - . on ::1
{}

--180920 160522: 1.4030799865723 - . on ::1
{}

--180920 160524: 1.3510768413544 - . on ::1
{}

--180920 160526: 1.3430759906769 - . on ::1
{}

--180920 160528: 1.3080751895905 - . on ::1
{}

--180920 160530: 1.3310759067535 - . on ::1
{}

--180920 160532: 1.3470771312714 - . on ::1
{}

--180920 160534: 1.3500771522522 - . on ::1
{}

--180920 160536: 1.2830741405487 - . on ::1
{}

--180920 160538: 1.2910740375519 - . on ::1
{}

--180920 160540: 1.3420770168304 - . on ::1
{}

--180920 160542: 1.3200750350952 - . on ::1
{}

--180920 160544: 1.3310759067535 - . on ::1
{}

--180920 160546: 1.3100740909576 - . on ::1
{}

--180920 160548: 1.2690718173981 - . on ::1
{}

--180920 160550: 1.3500781059265 - . on ::1
{}

--180920 160552: 1.3220748901367 - . on ::1
{}

--180920 160554: 1.2930738925934 - . on ::1
{}

--180920 160556: 1.3480770587921 - . on ::1
{}

--180920 160558: 1.4040801525116 - . on ::1
{}

--180920 160600: 1.2890741825104 - . on ::1
{}

--180920 160602: 1.2830731868744 - . on ::1
{}

--180920 160604: 1.2770729064941 - . on ::1
{}

--180920 160606: 1.3360769748688 - . on ::1
{}

--180920 160608: 1.3260760307312 - . on ::1
{}

--180920 160610: 1.3940801620483 - . on ::1
{}

--180920 160612: 1.3290758132935 - . on ::1
{}

--180920 160614: 1.3520770072937 - . on ::1
{}

--180920 160616: 1.3650789260864 - . on ::1
{}

--180920 160618: 1.4420821666718 - . on ::1
{}

--180920 160620: 1.376079082489 - . on ::1
{}

--180920 160622: 1.3260760307312 - . on ::1
{}

--180920 160624: 1.3370769023895 - . on ::1
{}

--180920 160626: 1.3260760307312 - . on ::1
{}

--180920 160628: 1.2770729064941 - . on ::1
{}

--180920 160630: 1.305074930191 - . on ::1
{}

--180920 160632: 1.3350758552551 - . on ::1
{}

--180920 160634: 1.3290758132935 - . on ::1
{}

--180920 160636: 1.3300759792328 - . on ::1
{}

--180920 160638: 1.340075969696 - . on ::1
{}

--180920 160640: 1.3160750865936 - . on ::1
{}

--180920 160642: 1.3590769767761 - . on ::1
{}

--180920 160644: 1.3310759067535 - . on ::1
{}

--180920 160646: 1.3150761127472 - . on ::1
{}

--180920 160648: 1.2980749607086 - . on ::1
{}

--180920 160650: 1.3410768508911 - . on ::1
{}

--180920 160652: 1.340075969696 - . on ::1
{}

--180920 160654: 1.3340759277344 - . on ::1
{}

--180920 160656: 1.3560779094696 - . on ::1
{}

--180920 160656: 1.3950798511505 - . on ::1
{"param":{"currency":"USD","amount":"6000","remark":"ok","client_id":"310"}}

--180920 160658: 1.3490772247314 - . on ::1
{}

--180920 160700: 1.3210759162903 - . on ::1
{}

--180920 160702: 1.3320760726929 - . on ::1
{}

--180920 160704: 1.3230760097504 - . on ::1
{}

--180920 160705: 1.3730778694153 - . on ::1
{"param":{"currency":"USD","amount":"6000","remark":"ok","client_id":"310"}}

--180920 160706: 1.3160760402679 - . on ::1
{}

--180920 160708: 1.3150758743286 - . on ::1
{}

--180920 160710: 1.3110749721527 - . on ::1
{}

--180920 160712: 1.3120748996735 - . on ::1
{}

--180920 160714: 1.3400769233704 - . on ::1
{}

--180920 160716: 1.3360769748688 - . on ::1
{}

--180920 160718: 1.3070740699768 - . on ::1
{}

--180920 160720: 1.3070750236511 - . on ::1
{}

--180920 160722: 1.3260750770569 - . on ::1
{}

--180920 160724: 1.0850620269775 - . on ::1


--180920 160729: 1.1600658893585 - . on ::1
user_code=ct01&user_password=123456

--180920 160735: 1.0690610408783 - . on ::1
{"param":{"tpl":"my.storage.list","tpl_dir":"mortgage","dynamic":{"api":"mortgage","method":"getMyStorageList","param":{"pageNumber":1,"pageSize":50,"search_by":"1","country_code":"855","phone_number":""}}}}

--180920 160736: 1.310075044632 - . on ::1
{}

--180920 160738: 1.2420711517334 - . on ::1
{}

--180920 160740: 1.2420711517334 - . on ::1
{}

--180920 160742: 1.2410709857941 - . on ::1
{}

--180920 160744: 1.2330710887909 - . on ::1
{}

--180920 160746: 1.2730720043182 - . on ::1
{}

--180920 160748: 1.252072095871 - . on ::1
{}

--180920 160750: 1.2910737991333 - . on ::1
{}

--180920 160752: 1.3050739765167 - . on ::1
{}

--180920 160754: 1.2230701446533 - . on ::1
{}

--180920 160756: 1.2390701770782 - . on ::1
{}

--180920 160758: 1.2730729579926 - . on ::1
{}

--180920 160800: 1.2560720443726 - . on ::1
{}

--180920 160802: 1.2440710067749 - . on ::1
{}

--180920 160804: 1.2790729999542 - . on ::1
{}

--180920 160806: 1.2480709552765 - . on ::1
{}

--180920 160808: 1.2380712032318 - . on ::1
{}

--180920 160810: 1.2440710067749 - . on ::1
{}

--180920 160812: 1.2850730419159 - . on ::1
{}

--180920 160814: 1.2540719509125 - . on ::1
{}

--180920 160816: 1.2270700931549 - . on ::1
{}

--180920 160818: 1.2680718898773 - . on ::1
{}

--180920 160820: 1.2850739955902 - . on ::1
{}

--180920 160822: 1.2450709342957 - . on ::1
{}

--180920 160824: 1.2600719928741 - . on ::1
{}

--180920 160826: 1.2660717964172 - . on ::1
{}

--180920 160828: 1.2520718574524 - . on ::1
{}

--180920 160830: 1.2820739746094 - . on ::1
{}

--180920 160832: 1.2520711421967 - . on ::1
{}

--180920 160834: 1.2380709648132 - . on ::1
{}

--180920 160836: 1.2730729579926 - . on ::1
{}

--180920 160838: 1.2660717964172 - . on ::1
{}

--180920 160840: 1.2870738506317 - . on ::1
{}

--180920 160842: 1.2900729179382 - . on ::1
{}

--180920 160844: 1.2760729789734 - . on ::1
{}

--180920 160846: 1.2660729885101 - . on ::1
{}

--180920 160848: 1.2680718898773 - . on ::1
{}

--180920 160850: 1.2490718364716 - . on ::1
{}

--180920 160852: 1.2510709762573 - . on ::1
{}

--180920 160854: 1.3350760936737 - . on ::1
{}

--180920 160856: 1.269073009491 - . on ::1
{}

--180920 160858: 1.2780728340149 - . on ::1
{}

--180920 160900: 1.2720730304718 - . on ::1
{}

--180920 160902: 1.2280700206757 - . on ::1
{}

--180920 160904: 1.269073009491 - . on ::1
{}

--180920 160906: 1.288074016571 - . on ::1
{}

--180920 160908: 1.2740728855133 - . on ::1
{}

--180920 160910: 1.2480719089508 - . on ::1
{}

--180920 160912: 1.2520711421967 - . on ::1
{}

--180920 160914: 1.2950739860535 - . on ::1
{}

--180920 160916: 1.3000750541687 - . on ::1
{}

--180920 160918: 1.2890739440918 - . on ::1
{}

--180920 160920: 1.2570719718933 - . on ::1
{}

--180920 160922: 1.2820730209351 - . on ::1
{}

--180920 160924: 1.2440710067749 - . on ::1
{}

--180920 160926: 1.2850739955902 - . on ::1
{}

--180920 160928: 1.2340700626373 - . on ::1
{}

--180920 160930: 1.2670729160309 - . on ::1
{}

--180920 160932: 1.2610721588135 - . on ::1
{}

--180920 160934: 1.2620718479156 - . on ::1
{}

--180920 160936: 1.2590718269348 - . on ::1
{}

--180920 160938: 1.2520709037781 - . on ::1
{}

--180920 160940: 1.2090690135956 - . on ::1
{}

--180920 160942: 1.2290699481964 - . on ::1
{}

--180920 160944: 1.2180690765381 - . on ::1
{}

--180920 160946: 1.239070892334 - . on ::1
{}

--180920 160948: 1.2230689525604 - . on ::1
{}

--180920 160950: 1.2490720748901 - . on ::1
{}

--180920 160952: 1.274071931839 - . on ::1
{}

--180920 160954: 1.2380709648132 - . on ::1
{}

--180920 160956: 1.2460718154907 - . on ::1
{}

--180920 160958: 1.2430720329285 - . on ::1
{}

--180920 161000: 1.2340710163116 - . on ::1
{}

--180920 161002: 1.2230699062347 - . on ::1
{}

--180920 161004: 1.2440710067749 - . on ::1
{}

--180920 161006: 1.2630729675293 - . on ::1
{}

--180920 161008: 1.2580718994141 - . on ::1
{}

--180920 161010: 1.3400769233704 - . on ::1
{}

--180920 161012: 1.2320711612701 - . on ::1
{}

--180920 161014: 1.2360708713531 - . on ::1
{}

--180920 161016: 1.222069978714 - . on ::1
{}

--180920 161018: 1.1960690021515 - . on ::1
{}

--180920 161020: 1.2140700817108 - . on ::1
{}

--180920 161022: 1.269073009491 - . on ::1
{}

--180920 161024: 1.2140691280365 - . on ::1
{}

--180920 161026: 1.2590720653534 - . on ::1
{}

--180920 161028: 1.2300701141357 - . on ::1
{}

--180920 161030: 1.2190699577332 - . on ::1
{}

--180920 161032: 1.2890741825104 - . on ::1
{}

--180920 161034: 1.2300701141357 - . on ::1
{}

--180920 161036: 1.2550718784332 - . on ::1
{}

--180920 161038: 1.2500710487366 - . on ::1
{}

--180920 161040: 1.2140691280365 - . on ::1
{}

--180920 161042: 1.2470719814301 - . on ::1
{}

--180920 161044: 1.2220690250397 - . on ::1
{}

--180920 161046: 1.2330708503723 - . on ::1
{}

--180920 161048: 1.2540709972382 - . on ::1
{}

--180920 161050: 1.2070691585541 - . on ::1
{}

--180920 161052: 1.2640731334686 - . on ::1
{}

--180920 161054: 1.2080690860748 - . on ::1
{}

--180920 161056: 1.2280700206757 - . on ::1
{}

--180920 161058: 1.2670719623566 - . on ::1
{}

--180920 161100: 1.2650721073151 - . on ::1
{}

--180920 161102: 1.256071805954 - . on ::1
{}

--180920 161104: 1.2250699996948 - . on ::1
{}

--180920 161106: 1.2500720024109 - . on ::1
{}

--180920 161108: 1.2230701446533 - . on ::1
{}

--180920 161110: 1.263072013855 - . on ::1
{}

--180920 161112: 1.269073009491 - . on ::1
{}

--180920 161114: 1.2510709762573 - . on ::1
{}

--180920 161116: 1.2140700817108 - . on ::1
{}

--180920 161117: 1.1780681610107 - . on ::1
{}

--180920 161120: 1.2360711097717 - . on ::1
{}

--180920 161122: 1.2350709438324 - . on ::1
{}

--180920 161124: 1.2400708198547 - . on ::1
{}

--180920 161126: 1.2110691070557 - . on ::1
{}

--180920 161128: 1.2370700836182 - . on ::1
{}

--180920 161130: 1.2430708408356 - . on ::1
{}

--180920 161132: 1.2660729885101 - . on ::1
{}

--180920 161134: 1.263072013855 - . on ::1
{}

--180920 161136: 1.2400710582733 - . on ::1
{}

--180920 161138: 1.2470707893372 - . on ::1
{}

--180920 161140: 1.2130689620972 - . on ::1
{}

--180920 161142: 1.2380709648132 - . on ::1
{}

--180920 161144: 1.2250699996948 - . on ::1
{}

--180920 161146: 1.2560720443726 - . on ::1
{}

--180920 161148: 1.2670722007751 - . on ::1
{}

--180920 161150: 1.1970679759979 - . on ::1
{}

--180920 161152: 1.2530720233917 - . on ::1
{}

--180920 161154: 1.2240700721741 - . on ::1
{}

--180920 161156: 1.2530720233917 - . on ::1
{}

--180920 161158: 1.2440707683563 - . on ::1
{}

--180920 161200: 1.2450711727142 - . on ::1
{}

--180920 161202: 1.2550718784332 - . on ::1
{}

--180920 161204: 1.2190690040588 - . on ::1
{}

--180920 161206: 1.239070892334 - . on ::1
{}

--180920 161208: 1.2670719623566 - . on ::1
{}

--180920 161210: 1.2540719509125 - . on ::1
{}

--180920 161212: 1.2370710372925 - . on ::1
{}

--180920 161214: 1.2800731658936 - . on ::1
{}

--180920 161216: 1.2260699272156 - . on ::1
{}

--180920 161218: 1.2460720539093 - . on ::1
{}

--180920 161220: 1.2400708198547 - . on ::1
{}

--180920 161222: 1.2320709228516 - . on ::1
{}

--180920 161224: 1.2500710487366 - . on ::1
{}

--180920 161226: 1.2830739021301 - . on ::1
{}

--180920 161228: 1.2260699272156 - . on ::1
{}

--180920 161230: 1.2350709438324 - . on ::1
{}

--180920 161232: 1.2400710582733 - . on ::1
{}

--180920 161234: 1.2640721797943 - . on ::1
{}

--180920 161236: 1.2330710887909 - . on ::1
{}

--180920 161238: 1.2400708198547 - . on ::1
{}

--180920 161240: 1.2570719718933 - . on ::1
{}

--180920 161242: 1.2290711402893 - . on ::1
{}

--180920 161244: 1.2600719928741 - . on ::1
{}

--180920 161246: 1.2360708713531 - . on ::1
{}

--180920 161248: 1.2390711307526 - . on ::1
{}

--180920 161250: 1.2120690345764 - . on ::1
{}

--180920 161252: 1.2350709438324 - . on ::1
{}

--180920 161254: 1.2380700111389 - . on ::1
{}

--180920 161256: 1.2390711307526 - . on ::1
{}

--180920 161258: 1.24507188797 - . on ::1
{}

--180920 161300: 1.2310700416565 - . on ::1
{}

--180920 161302: 1.2490720748901 - . on ::1
{}

--180920 161304: 1.2210700511932 - . on ::1
{}

--180920 161306: 1.2350709438324 - . on ::1
{}

--180920 161308: 1.2680728435516 - . on ::1
{}

--180920 161310: 1.2530710697174 - . on ::1
{}

--180920 161312: 1.2650730609894 - . on ::1
{}

--180920 161314: 1.2640719413757 - . on ::1
{}

--180920 161316: 1.2620718479156 - . on ::1
{}

--180920 161318: 1.2310709953308 - . on ::1
{}

--180920 161320: 1.2460708618164 - . on ::1
{}

--180920 161322: 1.2830739021301 - . on ::1
{}

--180920 161324: 1.2360701560974 - . on ::1
{}

--180920 161326: 1.250070810318 - . on ::1
{}

--180920 161328: 1.2210698127747 - . on ::1
{}

--180920 161330: 1.229070186615 - . on ::1
{}

--180920 161332: 1.246071100235 - . on ::1
{}

--180920 161334: 1.2280697822571 - . on ::1
{}

--180920 161336: 1.2170698642731 - . on ::1
{}

--180920 161338: 1.2500720024109 - . on ::1
{}

--180920 161340: 1.2500710487366 - . on ::1
{}

--180920 161342: 1.2390711307526 - . on ::1
{}

--180920 161344: 1.274071931839 - . on ::1
{}

--180920 161346: 1.2580718994141 - . on ::1
{}

--180920 161348: 1.2490720748901 - . on ::1
{}

--180920 161350: 1.2370710372925 - . on ::1
{}

--180920 161352: 1.2320709228516 - . on ::1
{}

--180920 161354: 1.2300710678101 - . on ::1
{}

--180920 161356: 1.2490708827972 - . on ::1
{}

--180920 161358: 1.2480719089508 - . on ::1
{}

--180920 161400: 1.2450709342957 - . on ::1
{}

--180920 161402: 1.2450711727142 - . on ::1
{}

--180920 161404: 1.2650730609894 - . on ::1
{}

--180920 161406: 1.2340698242188 - . on ::1
{}

--180920 161408: 1.2590720653534 - . on ::1
{}

--180920 161410: 1.2360701560974 - . on ::1
{}

--180920 161412: 1.263072013855 - . on ::1
{}

--180920 161414: 1.2420718669891 - . on ::1
{}

--180920 161416: 1.2620718479156 - . on ::1
{}

--180920 161418: 1.2870740890503 - . on ::1
{}

--180920 161420: 1.2320699691772 - . on ::1
{}

--180920 161422: 1.2370707988739 - . on ::1
{}

--180920 161424: 1.2460720539093 - . on ::1
{}

--180920 161426: 1.2650718688965 - . on ::1
{}

--180920 161428: 1.2340710163116 - . on ::1
{}

--180920 161430: 1.2550711631775 - . on ::1
{}

--180920 161432: 1.2540721893311 - . on ::1
{}

--180920 161434: 1.2470719814301 - . on ::1
{}

--180920 161436: 1.2440710067749 - . on ::1
{}

--180920 161438: 1.2430710792542 - . on ::1
{}

--180920 161440: 1.2340700626373 - . on ::1
{}

--180920 161442: 1.2420709133148 - . on ::1
{}

--180920 161444: 1.2400708198547 - . on ::1
{}

--180920 161446: 1.216068983078 - . on ::1
{}

--180920 161448: 1.2410709857941 - . on ::1
{}

--180920 161450: 1.2380700111389 - . on ::1
{}

--180920 161452: 1.2180700302124 - . on ::1
{}

--180920 161454: 1.2320709228516 - . on ::1
{}

--180920 161456: 1.2580718994141 - . on ::1
{}

--180920 161458: 1.2180700302124 - . on ::1
{}

--180920 161500: 1.2350699901581 - . on ::1
{}

--180920 161502: 1.2500710487366 - . on ::1
{}

--180920 161504: 1.2520718574524 - . on ::1
{}

--180920 161506: 1.2310700416565 - . on ::1
{}

--180920 161508: 1.2400710582733 - . on ::1
{}

--180920 161510: 1.2490708827972 - . on ::1
{}

--180920 161512: 1.2520718574524 - . on ::1
{}

--180920 161514: 1.1970689296722 - . on ::1
{}

--180920 161516: 1.2400710582733 - . on ::1
{}

--180920 161518: 1.2620720863342 - . on ::1
{}

--180920 161520: 1.2510709762573 - . on ::1
{}

--180920 161522: 1.2180700302124 - . on ::1
{}

--180920 161524: 1.2400710582733 - . on ::1
{}

--180920 161526: 1.2720730304718 - . on ::1
{}

--180920 161528: 1.2190699577332 - . on ::1
{}

--180920 161530: 1.2320699691772 - . on ::1
{}

--180920 161532: 1.2060689926147 - . on ::1
{}

--180920 161534: 1.2720730304718 - . on ::1
{}

--180920 161536: 1.2270700931549 - . on ::1
{}

--180920 161538: 1.2360711097717 - . on ::1
{}

--180920 161540: 1.2380700111389 - . on ::1
{}

--180920 161542: 1.2290699481964 - . on ::1
{}

--180920 161544: 1.2380709648132 - . on ::1
{}

--180920 161546: 1.216068983078 - . on ::1
{}

--180920 161548: 1.2250699996948 - . on ::1
{}

--180920 161550: 1.280072927475 - . on ::1
{}

--180920 161552: 1.2030689716339 - . on ::1
{}

--180920 161554: 1.2230701446533 - . on ::1
{}

--180920 161556: 1.2440710067749 - . on ::1
{}

--180920 161558: 1.2150700092316 - . on ::1
{}

--180920 161600: 1.2260711193085 - . on ::1
{}

--180920 161602: 1.1900680065155 - . on ::1
{}

--180920 161604: 1.2190699577332 - . on ::1
{}

--180920 161606: 1.2360701560974 - . on ::1
{}

--180920 161608: 1.2380712032318 - . on ::1
{}

--180920 161610: 1.2710728645325 - . on ::1
{}

--180920 161612: 1.1860680580139 - . on ::1
{}

--180920 161614: 1.2530720233917 - . on ::1
{}

--180920 161616: 1.2490711212158 - . on ::1
{}

--180920 161618: 1.2610719203949 - . on ::1
{}

--180920 161620: 1.2310709953308 - . on ::1
{}

--180920 161622: 1.1830680370331 - . on ::1
{}

--180920 161624: 1.2290711402893 - . on ::1
{}

--180920 161626: 1.2110688686371 - . on ::1
{}

--180920 161628: 1.2210700511932 - . on ::1
{}

--180920 161630: 1.2300708293915 - . on ::1
{}

--180920 161632: 1.2140688896179 - . on ::1
{}

--180920 161634: 1.2250699996948 - . on ::1
{}

--180920 161636: 1.2500710487366 - . on ::1
{}

--180920 161638: 1.2440710067749 - . on ::1
{}

--180920 161640: 1.1940689086914 - . on ::1
{}

--180920 161642: 1.199068069458 - . on ::1
{}

--180920 161644: 1.2450709342957 - . on ::1
{}

--180920 161646: 1.2240698337555 - . on ::1
{}

--180920 161648: 1.2290699481964 - . on ::1
{}

--180920 161650: 1.239070892334 - . on ::1
{}

--180920 161652: 1.2120690345764 - . on ::1
{}

--180920 161654: 1.2270700931549 - . on ::1
{}

--180920 161656: 1.233069896698 - . on ::1
{}

--180920 161658: 1.2440710067749 - . on ::1
{}

--180920 161700: 1.2530720233917 - . on ::1
{}

--180920 161702: 1.2350699901581 - . on ::1
{}

--180920 161704: 1.2230701446533 - . on ::1
{}

--180920 161706: 1.2290699481964 - . on ::1
{}

--180920 161708: 1.2420709133148 - . on ::1
{}

--180920 161710: 1.2850739955902 - . on ::1
{}

--180920 161712: 1.2320699691772 - . on ::1
{}

--180920 161714: 1.2500720024109 - . on ::1
{}

--180920 161716: 1.2140688896179 - . on ::1
{}

--180920 161718: 1.2240700721741 - . on ::1
{}

--180920 161720: 1.2440719604492 - . on ::1
{}

--180920 161722: 1.2170691490173 - . on ::1
{}

--180920 161724: 1.2600722312927 - . on ::1
{}

--180920 161726: 1.2580718994141 - . on ::1
{}

--180920 161728: 1.2500710487366 - . on ::1
{}

--180920 161730: 1.2270710468292 - . on ::1
{}

--180920 161732: 1.2350702285767 - . on ::1
{}

--180920 161734: 1.2450709342957 - . on ::1
{}

--180920 161736: 1.2290699481964 - . on ::1
{}

--180920 161738: 1.2370710372925 - . on ::1
{}

--180920 161740: 1.24507188797 - . on ::1
{}

--180920 161742: 1.2250699996948 - . on ::1
{}

--180920 161744: 1.246071100235 - . on ::1
{}

--180920 161746: 1.2430717945099 - . on ::1
{}

--180920 161748: 1.2230699062347 - . on ::1
{}

--180920 161750: 1.2310709953308 - . on ::1
{}

--180920 161752: 1.2440710067749 - . on ::1
{}

--180920 161754: 1.2230699062347 - . on ::1
{}

--180920 161756: 1.2320709228516 - . on ::1
{}

--180920 161758: 1.2530720233917 - . on ::1
{}

--180920 161800: 1.19406914711 - . on ::1
{}

--180920 161802: 1.2050678730011 - . on ::1
{}

--180920 161804: 1.1990690231323 - . on ::1
{}

--180920 161806: 1.199068069458 - . on ::1
{}

--180920 161808: 1.239070892334 - . on ::1
{}

--180920 161810: 1.1970689296722 - . on ::1
{}

--180920 161813: 1.199068069458 - . on ::1
{}

--180920 161814: 1.2250699996948 - . on ::1
{"param":{"tpl":"transactions.list","tpl_dir":"cash_in_vault","dynamic":{"api":"cash_in_vault","method":"getTransactionsList","param":{"currency":"USD","date_start":"2018-08-21","date_end":"2018-09-20","pageNumber":1,"pageSize":20}}}}

--180920 161815: 1.2210700511932 - . on ::1
{}

--180920 161816: 1.1160640716553 - . on ::1
{"param":{"tpl":"cash.in.list","tpl_dir":"cash_in_vault","dynamic":{"api":"cash_in_vault","method":"getCashInList","param":{"pageNumber":1,"pageSize":50}}}}

--180920 161817: 1.2260708808899 - . on ::1
{}

--180920 161819: 1.2140691280365 - . on ::1
{}

--180920 161820: 1.2350709438324 - . on ::1
{}

--180920 161822: 1.1970679759979 - . on ::1
{}

--180920 161824: 1.2130701541901 - . on ::1
{}

--180920 161826: 1.2510709762573 - . on ::1
{}

--180920 161828: 1.2890741825104 - . on ::1
{}

--180920 161830: 1.2390711307526 - . on ::1
{}

--180920 161832: 1.2430710792542 - . on ::1
{}

--180920 161834: 1.2470719814301 - . on ::1
{}

--180920 161836: 1.2610721588135 - . on ::1
{}

--180920 161838: 1.2340710163116 - . on ::1
{}

--180920 161840: 1.2170689105988 - . on ::1
{}

--180920 161843: 1.2370710372925 - . on ::1
{}

--180920 161845: 1.1910679340363 - . on ::1
{}

--180920 161847: 1.2280700206757 - . on ::1
{}

--180920 161848: 1.2590718269348 - . on ::1
{}

--180920 161850: 1.2850739955902 - . on ::1
{}

--180920 161852: 1.2390699386597 - . on ::1
{}

--180920 161854: 1.2770729064941 - . on ::1
{}

--180920 161856: 1.2330708503723 - . on ::1
{}

--180920 161858: 1.2370700836182 - . on ::1
{}

--180920 161900: 1.2250699996948 - . on ::1
{}

--180920 161901: 1.318076133728 - . on ::1
{"param":{"currency":"USD","amount":"20","remark":"ok"}}

--180920 161902: 1.2310700416565 - . on ::1
{}

--180920 161904: 1.2340700626373 - . on ::1
{}

--180920 161906: 1.256071805954 - . on ::1
{}

--180920 161908: 1.2110691070557 - . on ::1
{}

--180920 161910: 1.2550718784332 - . on ::1
{}

--180920 161912: 1.2290699481964 - . on ::1
{}

--180920 161914: 1.2230699062347 - . on ::1
{}

--180920 161916: 1.2190699577332 - . on ::1
{}

--180920 161918: 1.2740728855133 - . on ::1
{}

--180920 161920: 1.2370710372925 - . on ::1
{}

--180920 161922: 1.2440719604492 - . on ::1
{}

--180920 161924: 1.2260699272156 - . on ::1
{}

--180920 161926: 1.1940679550171 - . on ::1
{}

--180920 161928: 1.1950678825378 - . on ::1
{}

--180920 161928: 1.3290770053864 - . on ::1
{"param":{"currency":"USD","amount":"20","remark":"ok"}}

--180920 161930: 1.2210698127747 - . on ::1
{}

--180920 161932: 1.260073184967 - . on ::1
{}

--180920 161934: 1.2570722103119 - . on ::1
{}

--180920 161936: 1.2240700721741 - . on ::1
{}

--180920 161938: 1.2320699691772 - . on ::1
{}

--180920 161940: 1.2430708408356 - . on ::1
{}

--180920 161942: 1.2480719089508 - . on ::1
{}

--180920 161944: 1.2380709648132 - . on ::1
{}

--180920 161946: 1.2460720539093 - . on ::1
{}

--180920 161948: 1.2490711212158 - . on ::1
{}

--180920 161950: 1.2720730304718 - . on ::1
{}

--180920 161952: 1.2300701141357 - . on ::1
{}

--180920 161954: 1.2200698852539 - . on ::1
{}

--180920 161956: 1.2360699176788 - . on ::1
{}

--180920 161958: 1.2750730514526 - . on ::1
{}

--180920 162000: 1.2160699367523 - . on ::1
{}

--180920 162002: 1.2380709648132 - . on ::1
{}

--180920 162004: 1.2320699691772 - . on ::1
{}

--180920 162006: 1.2420711517334 - . on ::1
{}

--180920 162006: 1.3250761032104 - . on ::1
{"param":{"currency":"USD","amount":"20","remark":"ok"}}

--180920 162008: 1.2320702075958 - . on ::1
{}

--180920 162010: 1.2500720024109 - . on ::1
{}

--180920 162012: 1.2710728645325 - . on ::1
{}

--180920 162014: 1.263072013855 - . on ::1
{}

--180920 162015: 1.1690669059753 - . on ::1
{"param":{"tpl":"cash.in.list","tpl_dir":"cash_in_vault","dynamic":{"api":"cash_in_vault","method":"getCashInList","param":{"pageNumber":1,"pageSize":50}}}}

--180920 162016: 1.2310709953308 - . on ::1
{}

--180920 162018: 1.2120687961578 - . on ::1
{}

--180920 162020: 1.2170698642731 - . on ::1
{}

--180920 162021: 1.3090748786926 - . on ::1
{"param":{"currency":"USD","amount":"600","remark":"ok"}}

--180920 162022: 1.2410709857941 - . on ::1
{}

--180920 162024: 1.2210700511932 - . on ::1
{}

--180920 162026: 1.2650730609894 - . on ::1
{}

--180920 162028: 1.2170689105988 - . on ::1
{}

--180920 162030: 1.2240700721741 - . on ::1
{}

--180920 162032: 1.2080690860748 - . on ::1
{}

--180920 162034: 1.2380709648132 - . on ::1
{}

--180920 162036: 1.2190701961517 - . on ::1
{}

--180920 162038: 1.2380709648132 - . on ::1
{}

--180920 162040: 1.2370710372925 - . on ::1
{}

--180920 162042: 1.222069978714 - . on ::1
{}

--180920 162044: 1.2410712242126 - . on ::1
{}

--180920 162046: 1.2440710067749 - . on ::1
{}

--180920 162048: 1.1810669898987 - . on ::1
{}

--180920 162050: 1.2400710582733 - . on ::1
{}

--180920 162052: 1.2430710792542 - . on ::1
{}

--180920 162054: 1.2330701351166 - . on ::1
{}

--180920 162056: 1.1870679855347 - . on ::1
{}

--180920 162058: 1.2390699386597 - . on ::1
{}

--180920 162100: 1.2280700206757 - . on ::1
{}

--180920 162100: 1.1530661582947 - . on ::1
{"param":{"tpl":"cash.in.list","tpl_dir":"cash_in_vault","dynamic":{"api":"cash_in_vault","method":"getCashInList","param":{"pageNumber":1,"pageSize":50}}}}

--180920 162102: 1.2090690135956 - . on ::1
{}

--180920 162104: 1.2340700626373 - . on ::1
{}

--180920 162106: 1.2300708293915 - . on ::1
{}

--180920 162108: 1.233069896698 - . on ::1
{}

--180920 162110: 1.2300701141357 - . on ::1
{}

--180920 162112: 1.198068857193 - . on ::1
{}

--180920 162114: 1.2350699901581 - . on ::1
{}

--180920 162116: 1.2580718994141 - . on ::1
{}

--180920 162118: 1.2340710163116 - . on ::1
{}

--180920 162120: 1.2380709648132 - . on ::1
{}

--180920 162122: 1.2450721263885 - . on ::1
{}

--180920 162124: 1.2280700206757 - . on ::1
{}

--180920 162126: 1.2460708618164 - . on ::1
{}

--180920 162128: 1.2230699062347 - . on ::1
{}

--180920 162130: 1.2620720863342 - . on ::1
{}

--180920 162132: 1.3080749511719 - . on ::1
{}

--180920 162134: 1.2610731124878 - . on ::1
{}

--180920 162136: 1.2930738925934 - . on ::1
{}

--180920 162138: 1.2700729370117 - . on ::1
{}

--180920 162140: 1.2970740795135 - . on ::1
{}

--180920 162142: 1.2820739746094 - . on ::1
{}

--180920 162144: 1.2550709247589 - . on ::1
{}

--180920 162146: 1.2120690345764 - . on ::1
{}

--180920 162148: 1.2270710468292 - . on ::1
{}

--180920 162150: 1.2390711307526 - . on ::1
{}

--180920 162152: 1.252072095871 - . on ::1
{}

--180920 162154: 1.2070689201355 - . on ::1
{}

--180920 162156: 1.2420709133148 - . on ::1
{}

--180920 162158: 1.2400710582733 - . on ::1
{}

--180920 162200: 1.2340700626373 - . on ::1
{}

--180920 162202: 1.235071182251 - . on ::1
{}

--180920 162204: 1.2430708408356 - . on ::1
{}

--180920 162206: 1.2590718269348 - . on ::1
{}

--180920 162208: 1.2630729675293 - . on ::1
{}

--180920 162210: 1.2410709857941 - . on ::1
{}

--180920 162212: 1.2340707778931 - . on ::1
{}

--180920 162214: 1.2200689315796 - . on ::1
{}

--180920 162216: 1.2410709857941 - . on ::1
{}

--180920 162218: 1.2170701026917 - . on ::1
{}

--180920 162220: 1.2400708198547 - . on ::1
{}

--180920 162222: 1.2450709342957 - . on ::1
{}

--180920 162224: 1.2600719928741 - . on ::1
{}

--180920 162226: 1.2360708713531 - . on ::1
{}

--180920 162228: 1.2610731124878 - . on ::1
{}

--180920 162230: 1.2530717849731 - . on ::1
{}

--180920 162232: 1.2370710372925 - . on ::1
{}

--180920 162234: 1.2590720653534 - . on ::1
{}

--180920 162236: 1.2810730934143 - . on ::1
{}

--180920 162238: 1.2770729064941 - . on ::1
{}

--180920 162240: 1.2420711517334 - . on ::1
{}

--180920 162242: 1.2640719413757 - . on ::1
{}

--180920 162244: 1.2490708827972 - . on ::1
{}

--180920 162246: 1.2340710163116 - . on ::1
{}

--180920 162248: 1.2560720443726 - . on ::1
{}

--180920 162250: 1.2300698757172 - . on ::1
{}

--180920 162252: 1.2380709648132 - . on ::1
{}

--180920 162254: 1.2130689620972 - . on ::1
{}

--180920 162256: 1.2580718994141 - . on ::1
{}

--180920 162258: 1.2450721263885 - . on ::1
{}

--180920 162300: 1.2720720767975 - . on ::1
{}

--180920 162302: 1.2360708713531 - . on ::1
{}

--180920 162304: 1.280072927475 - . on ::1
{}

--180920 162306: 1.2500710487366 - . on ::1
{}

--180920 162308: 1.222069978714 - . on ::1
{}

--180920 162310: 1.2440710067749 - . on ::1
{}

--180920 162312: 1.2840738296509 - . on ::1
{}

--180920 162314: 1.2150700092316 - . on ::1
{}

--180920 162316: 1.2430710792542 - . on ::1
{}

--180920 162318: 1.2230701446533 - . on ::1
{}

--180920 162320: 1.2280700206757 - . on ::1
{}

--180920 162322: 1.2350709438324 - . on ::1
{}

--180920 162324: 1.2530710697174 - . on ::1
{}

--180920 162326: 1.2470710277557 - . on ::1
{}

--180920 162328: 1.2360711097717 - . on ::1
{}

--180920 162330: 1.2150688171387 - . on ::1
{}

--180920 162332: 1.2180700302124 - . on ::1
{}

--180920 162334: 1.2900738716125 - . on ::1
{}

--180920 162336: 1.2660720348358 - . on ::1
{}

--180920 162338: 1.2540719509125 - . on ::1
{}

--180920 162340: 1.2490708827972 - . on ::1
{}

--180920 162342: 1.2580718994141 - . on ::1
{}

--180920 162344: 1.2590720653534 - . on ::1
{}

--180920 162346: 1.2420711517334 - . on ::1
{}

--180920 162348: 1.2190699577332 - . on ::1
{}

--180920 162350: 1.2870728969574 - . on ::1
{}

--180920 162352: 1.2300701141357 - . on ::1
{}

--180920 162354: 1.2240700721741 - . on ::1
{}

--180920 162356: 1.2580718994141 - . on ::1
{}

--180920 162358: 1.2360711097717 - . on ::1
{}

--180920 162400: 1.222069978714 - . on ::1
{}

--180920 162402: 1.2500720024109 - . on ::1
{}

--180920 162404: 1.2440719604492 - . on ::1
{}

--180920 162406: 1.2480711936951 - . on ::1
{}

--180920 162408: 1.209068775177 - . on ::1
{}

--180920 162410: 1.2450709342957 - . on ::1
{}

--180920 162412: 1.2500720024109 - . on ::1
{}

--180920 162414: 1.2570719718933 - . on ::1
{}

--180920 162416: 1.2410712242126 - . on ::1
{}

--180920 162418: 1.2150700092316 - . on ::1
{}

--180920 162420: 1.2590720653534 - . on ::1
{}

--180920 162422: 1.2530720233917 - . on ::1
{}

--180920 162424: 1.2400710582733 - . on ::1
{}

--180920 162426: 1.239070892334 - . on ::1
{}

--180920 162428: 1.2560720443726 - . on ::1
{}

--180920 162430: 1.2420709133148 - . on ::1
{}

--180920 162432: 1.222069978714 - . on ::1
{}

--180920 162434: 1.2590720653534 - . on ::1
{}

--180920 162436: 1.276073217392 - . on ::1
{}

--180920 162438: 1.2300708293915 - . on ::1
{}

--180920 162440: 1.2670719623566 - . on ::1
{}

--180920 162442: 1.2490711212158 - . on ::1
{}

--180920 162444: 1.222069978714 - . on ::1
{}

--180920 162446: 1.2460708618164 - . on ::1
{}

--180920 162448: 1.2590720653534 - . on ::1
{}

--180920 162450: 1.2420709133148 - . on ::1
{}

--180920 162452: 1.2410709857941 - . on ::1
{}

--180920 162454: 1.2440719604492 - . on ::1
{}

--180920 162456: 1.2310700416565 - . on ::1
{}

--180920 162458: 1.2080690860748 - . on ::1
{}

--180920 162500: 1.2030689716339 - . on ::1
{}

--180920 162502: 1.222069978714 - . on ::1
{}

--180920 162504: 1.2400708198547 - . on ::1
{}

--180920 162506: 1.2190690040588 - . on ::1
{}

--180920 162508: 1.2260699272156 - . on ::1
{}

--180920 162510: 1.2760729789734 - . on ::1
{}

--180920 162512: 1.2830729484558 - . on ::1
{}

--180920 162514: 1.22807097435 - . on ::1
{}

--180920 162516: 1.2420709133148 - . on ::1
{}

--180920 162518: 1.2640719413757 - . on ::1
{}

--180920 162520: 1.2310709953308 - . on ::1
{}

--180920 162522: 1.2580721378326 - . on ::1
{}

--180920 162524: 1.2480719089508 - . on ::1
{}

--180920 162526: 1.3020739555359 - . on ::1
{}

--180920 162528: 1.269073009491 - . on ::1
{}

--180920 162530: 1.271073102951 - . on ::1
{}

--180920 162532: 1.2760729789734 - . on ::1
{}

--180920 162534: 1.2670731544495 - . on ::1
{}

--180920 162536: 1.2840728759766 - . on ::1
{}

--180920 162538: 1.2320709228516 - . on ::1
{}

--180920 162540: 1.2670729160309 - . on ::1
{}

--180920 162542: 1.2700719833374 - . on ::1
{}

--180920 162544: 1.2230699062347 - . on ::1
{}

--180920 162546: 1.2360701560974 - . on ::1
{}

--180920 162548: 1.2840731143951 - . on ::1
{}

--180920 162550: 1.2600729465485 - . on ::1
{}

--180920 162552: 1.2280700206757 - . on ::1
{}

--180920 162554: 1.2720730304718 - . on ::1
{}

--180920 162556: 1.2690720558167 - . on ::1
{}

--180920 162558: 1.2360711097717 - . on ::1
{}

--180920 162600: 1.2950751781464 - . on ::1
{}

--180920 162602: 1.2520709037781 - . on ::1
{}

--180920 162604: 1.2600719928741 - . on ::1
{}

--180920 162606: 1.2210688591003 - . on ::1
{}

--180920 162608: 1.2200698852539 - . on ::1
{}

--180920 162610: 1.2700729370117 - . on ::1
{}

--180920 162612: 1.2610721588135 - . on ::1
{}

--180920 162614: 1.2380709648132 - . on ::1
{}

--180920 162616: 1.2110691070557 - . on ::1
{}

--180920 162618: 1.1810669898987 - . on ::1
{}

--180920 162620: 1.2630729675293 - . on ::1
{}

--180920 162622: 1.229070186615 - . on ::1
{}

--180920 162624: 1.1860680580139 - . on ::1
{}

--180920 162626: 1.1860680580139 - . on ::1
{}

--180920 162628: 1.2380709648132 - . on ::1
{}

--180920 162630: 1.2220702171326 - . on ::1
{}

--180920 162632: 1.2450709342957 - . on ::1
{}

--180920 162634: 1.2460708618164 - . on ::1
{}

--180920 162636: 1.2480709552765 - . on ::1
{}

--180920 162638: 1.2320711612701 - . on ::1
{}

--180920 162640: 1.2420709133148 - . on ::1
{}

--180920 162642: 1.3570780754089 - . on ::1
{}

--180920 162644: 1.3280761241913 - . on ::1
{}

--180920 162646: 1.2360708713531 - . on ::1
{}

--180920 162648: 1.2310712337494 - . on ::1
{}

--180920 162650: 1.2290699481964 - . on ::1
{}

--180920 162652: 1.2190690040588 - . on ::1
{}

--180920 162654: 1.2300710678101 - . on ::1
{}

--180920 162656: 1.2170689105988 - . on ::1
{}

--180920 162658: 1.1900680065155 - . on ::1
{}

--180920 162700: 1.2470710277557 - . on ::1
{}

--180920 162702: 1.2000679969788 - . on ::1
{}

--180920 162704: 1.2420709133148 - . on ::1
{}

--180920 162706: 1.2520711421967 - . on ::1
{}

--180920 162708: 1.2430708408356 - . on ::1
{}

--180920 162710: 1.2410709857941 - . on ::1
{}

--180920 162712: 1.2650718688965 - . on ::1
{}

--180920 162714: 1.2250699996948 - . on ::1
{}

--180920 162716: 1.2320702075958 - . on ::1
{}

--180920 162718: 1.2450709342957 - . on ::1
{}

--180920 162720: 1.2210690975189 - . on ::1
{}

--180920 162722: 1.2640719413757 - . on ::1
{}

--180920 162724: 1.2810740470886 - . on ::1
{}

--180920 162726: 1.250070810318 - . on ::1
{}

--180920 162728: 1.2450709342957 - . on ::1
{}

--180920 162730: 1.3150749206543 - . on ::1
{}

--180920 162732: 1.2490708827972 - . on ::1
{}

--180920 162734: 1.2580718994141 - . on ::1
{}

--180920 162736: 1.287073135376 - . on ::1
{}

--180920 162738: 1.222069978714 - . on ::1
{}

--180920 162740: 1.2590718269348 - . on ::1
{}

--180920 162742: 1.2400710582733 - . on ::1
{}

--180920 162744: 1.2850739955902 - . on ::1
{}

--180920 162746: 1.2460708618164 - . on ::1
{}

--180920 162748: 1.2380709648132 - . on ::1
{}

--180920 162750: 1.2340707778931 - . on ::1
{}

--180920 162752: 1.2250699996948 - . on ::1
{}

--180920 162754: 1.2420711517334 - . on ::1
{}

--180920 162756: 1.2570719718933 - . on ::1
{}

--180920 162758: 1.2550721168518 - . on ::1
{}

--180920 162800: 1.2660720348358 - . on ::1
{}

--180920 162802: 1.2520718574524 - . on ::1
{}

--180920 162804: 1.2380709648132 - . on ::1
{}

--180920 162806: 1.250070810318 - . on ::1
{}

--180920 162808: 1.229070186615 - . on ::1
{}

--180920 162810: 1.2410709857941 - . on ::1
{}

--180920 162812: 1.2400710582733 - . on ::1
{}

--180920 162814: 1.2270708084106 - . on ::1
{}

--180920 162816: 1.2250699996948 - . on ::1
{}

--180920 162818: 1.2520718574524 - . on ::1
{}

--180920 162820: 1.2580711841583 - . on ::1
{}

--180920 162822: 1.2530720233917 - . on ::1
{}

--180920 162824: 1.2120690345764 - . on ::1
{}

--180920 162826: 1.2440719604492 - . on ::1
{}

--180920 162828: 1.2620720863342 - . on ::1
{}

--180920 162830: 1.239070892334 - . on ::1
{}

--180920 162832: 1.2600719928741 - . on ::1
{}

--180920 162834: 1.2320709228516 - . on ::1
{}

--180920 162836: 1.2290709018707 - . on ::1
{}

--180920 162838: 1.2080690860748 - . on ::1
{}

--180920 162840: 1.2040691375732 - . on ::1
{}

--180920 162842: 1.2830731868744 - . on ::1
{}

--180920 162844: 1.2400710582733 - . on ::1
{}

--180920 162846: 1.2270700931549 - . on ::1
{}

--180920 162848: 1.2780730724335 - . on ::1
{}

--180920 162850: 1.2240700721741 - . on ::1
{}

--180920 162852: 1.2270698547363 - . on ::1
{}

--180920 162854: 1.2430708408356 - . on ::1
{}

--180920 162856: 1.2540709972382 - . on ::1
{}

--180920 162858: 1.235071182251 - . on ::1
{}

--180920 162900: 1.2600729465485 - . on ::1
{}

--180920 162902: 1.2820730209351 - . on ::1
{}

--180920 162904: 1.2760729789734 - . on ::1
{}

--180920 162906: 1.2430710792542 - . on ::1
{}

--180920 162908: 1.2230701446533 - . on ::1
{}

--180920 162910: 1.2400710582733 - . on ::1
{}

--180920 162912: 1.2880728244781 - . on ::1
{}

--180920 162914: 1.2500720024109 - . on ::1
{}

--180920 162916: 1.2850730419159 - . on ::1
{}

--180920 162918: 1.2320699691772 - . on ::1
{}

--180920 162920: 1.2410709857941 - . on ::1
{}

--180920 162922: 1.1980679035187 - . on ::1
{}

--180920 162924: 1.2350709438324 - . on ::1
{}

--180920 162926: 1.2420709133148 - . on ::1
{}

--180920 162928: 1.222069978714 - . on ::1
{}

--180920 162930: 1.2100689411163 - . on ::1
{}

--180920 162932: 1.2220690250397 - . on ::1
{}

--180920 162934: 1.2360708713531 - . on ::1
{}

--180920 162936: 1.1790678501129 - . on ::1
{}

--180920 162938: 1.2280700206757 - . on ::1
{}

--180920 162940: 1.2320699691772 - . on ::1
{}

--180920 162942: 1.2270698547363 - . on ::1
{}

--180920 162944: 1.2660729885101 - . on ::1
{}

--180920 162946: 1.2020690441132 - . on ::1
{}

--180920 162948: 1.2010691165924 - . on ::1
{}

--180920 162950: 1.2430708408356 - . on ::1
{}

--180920 162952: 1.2640719413757 - . on ::1
{}

--180920 162954: 1.2500720024109 - . on ::1
{}

--180920 162956: 1.3010740280151 - . on ::1
{}

--180920 162958: 1.2280700206757 - . on ::1
{}

--180920 163000: 1.2940740585327 - . on ::1
{}

--180920 163002: 1.2070701122284 - . on ::1
{}

--180920 163004: 1.2650730609894 - . on ::1
{}

--180920 163006: 1.2440710067749 - . on ::1
{}

--180920 163008: 1.2540721893311 - . on ::1
{}

--180920 163010: 1.222069978714 - . on ::1
{}

--180920 163012: 1.2410709857941 - . on ::1
{}

--180920 163014: 1.1880679130554 - . on ::1
{}

--180920 163016: 1.2120699882507 - . on ::1
{}

--180920 163018: 1.2530708312988 - . on ::1
{}

--180920 163020: 1.2010691165924 - . on ::1
{}

--180920 163022: 1.2330701351166 - . on ::1
{}

--180920 163024: 1.2360711097717 - . on ::1
{}

--180920 163026: 1.2510721683502 - . on ::1
{}

--180920 163028: 1.2400710582733 - . on ::1
{}

--180920 163030: 1.2140698432922 - . on ::1
{}

--180920 163032: 1.2920739650726 - . on ::1
{}

--180920 163034: 1.2330710887909 - . on ::1
{}

--180920 163036: 1.2700729370117 - . on ::1
{}

--180920 163038: 1.2770729064941 - . on ::1
{}

--180920 163040: 1.2370710372925 - . on ::1
{}

--180920 163042: 1.2390711307526 - . on ::1
{}

--180920 163044: 1.2290699481964 - . on ::1
{}

--180920 163046: 1.2250699996948 - . on ::1
{}

--180920 163048: 1.2430710792542 - . on ::1
{}

--180920 163050: 1.2460720539093 - . on ::1
{}

--180920 163052: 1.2140688896179 - . on ::1
{}

--180920 163054: 1.2280700206757 - . on ::1
{}

--180920 163056: 1.2620730400085 - . on ::1
{}

--180920 163058: 1.233069896698 - . on ::1
{}

--180920 163100: 1.2380709648132 - . on ::1
{}

--180920 163102: 1.2470710277557 - . on ::1
{}

--180920 163104: 1.2490708827972 - . on ::1
{}

--180920 163106: 1.2390711307526 - . on ::1
{}

--180920 163108: 1.2270700931549 - . on ::1
{}

--180920 163110: 1.2310700416565 - . on ::1
{}

--180920 163112: 1.169065952301 - . on ::1
{}

--180920 163114: 1.216068983078 - . on ::1
{}

--180920 163116: 1.2770729064941 - . on ::1
{}

--180920 163118: 1.2020690441132 - . on ::1
{}

--180920 163120: 1.2410709857941 - . on ::1
{}

--180920 163122: 1.1920680999756 - . on ::1
{}

--180920 163124: 1.2670719623566 - . on ::1
{}

--180920 163126: 1.2120699882507 - . on ::1
{}

--180920 163128: 1.2370710372925 - . on ::1
{}

--180920 163130: 1.1890680789948 - . on ::1
{}

--180920 163132: 1.2320699691772 - . on ::1
{}

--180920 163134: 1.2500710487366 - . on ::1
{}

--180920 163136: 1.1720669269562 - . on ::1
{}

--180920 163138: 1.2180700302124 - . on ::1
{}

--180920 163140: 1.2160692214966 - . on ::1
{}

--180920 163142: 1.250070810318 - . on ::1
{}

--180920 163144: 1.1990678310394 - . on ::1
{}

--180920 163146: 1.2210698127747 - . on ::1
{}

--180920 163148: 1.2410709857941 - . on ::1
{}

--180920 163150: 1.1930680274963 - . on ::1
{}

--180920 163152: 1.1980690956116 - . on ::1
{}

--180920 163154: 1.239070892334 - . on ::1
{}

--180920 163156: 1.2660732269287 - . on ::1
{}

--180920 163158: 1.2020690441132 - . on ::1
{}

--180920 163200: 1.2360701560974 - . on ::1
{}

--180920 163202: 1.2260711193085 - . on ::1
{}

--180920 163204: 1.2200698852539 - . on ::1
{}

--180920 163206: 1.2420709133148 - . on ::1
{}

--180920 163208: 1.2140700817108 - . on ::1
{}

--180920 163210: 1.2750730514526 - . on ::1
{}

--180920 163212: 1.2120699882507 - . on ::1
{}

--180920 163214: 1.2180690765381 - . on ::1
{}

--180920 163216: 1.2310709953308 - . on ::1
{}

--180920 163218: 1.2380700111389 - . on ::1
{}

--180920 163220: 1.2470710277557 - . on ::1
{}

--180920 163222: 1.2620730400085 - . on ::1
{}

--180920 163224: 1.2410712242126 - . on ::1
{}

--180920 163226: 1.2030689716339 - . on ::1
{}

--180920 163228: 1.2550711631775 - . on ::1
{}

--180920 163230: 1.2000679969788 - . on ::1
{}

--180920 163232: 1.2580721378326 - . on ::1
{}

--180920 163234: 1.2170689105988 - . on ::1
{}

--180920 163236: 1.2260699272156 - . on ::1
{}

--180920 163238: 1.2600719928741 - . on ::1
{}

--180920 163240: 1.2250699996948 - . on ::1
{}

--180920 163242: 1.2470719814301 - . on ::1
{}

--180920 163244: 1.2770729064941 - . on ::1
{}

--180920 163246: 1.2620720863342 - . on ::1
{}

--180920 163248: 1.2440710067749 - . on ::1
{}

--180920 163250: 1.2510712146759 - . on ::1
{}

--180920 163252: 1.252072095871 - . on ::1
{}

--180920 163254: 1.2890739440918 - . on ::1
{}

--180920 163256: 1.2470719814301 - . on ::1
{}

--180920 163258: 1.233069896698 - . on ::1
{}

--180920 163300: 1.2000679969788 - . on ::1
{}

--180920 163302: 1.269073009491 - . on ::1
{}

--180920 163304: 1.2830729484558 - . on ::1
{}

--180920 163306: 1.2040691375732 - . on ::1
{}

--180920 163308: 1.240070104599 - . on ::1
{}

--180920 163310: 1.1980681419373 - . on ::1
{}

--180920 163312: 1.2380709648132 - . on ::1
{}

--180920 163314: 1.2480709552765 - . on ::1
{}

--180920 163316: 1.2540719509125 - . on ::1
{}

--180920 163318: 1.2100691795349 - . on ::1
{}

--180920 163320: 1.2510709762573 - . on ::1
{}

--180920 163322: 1.2580718994141 - . on ::1
{}

--180920 163324: 1.2590720653534 - . on ::1
{}

--180920 163326: 1.2020690441132 - . on ::1
{}

--180920 163328: 1.2800738811493 - . on ::1
{}

--180920 163330: 1.2110688686371 - . on ::1
{}

--180920 163332: 1.2460720539093 - . on ::1
{}

--180920 163334: 1.2360699176788 - . on ::1
{}

--180920 163336: 1.2400710582733 - . on ::1
{}

--180920 163338: 1.2830741405487 - . on ::1
{}

--180920 163340: 1.1800668239594 - . on ::1
{}

--180920 163342: 1.22807097435 - . on ::1
{}

--180920 163344: 1.2530710697174 - . on ::1
{}

--180920 163346: 1.1890680789948 - . on ::1
{}

--180920 163348: 1.1900680065155 - . on ::1
{}

--180920 163350: 1.2010679244995 - . on ::1
{}

--180920 163352: 1.2660729885101 - . on ::1
{}

--180920 163354: 1.2620720863342 - . on ::1
{}

--180920 163356: 1.2430708408356 - . on ::1
{}

--180920 163358: 1.239070892334 - . on ::1
{}

--180920 163400: 1.2380709648132 - . on ::1
{}

--180920 163402: 1.2570719718933 - . on ::1
{}

--180920 163404: 1.2110698223114 - . on ::1
{}

--180920 163406: 1.2040688991547 - . on ::1
{}

--180920 163408: 1.2130699157715 - . on ::1
{}

--180920 163410: 1.2290699481964 - . on ::1
{}

--180920 163412: 1.235071182251 - . on ::1
{}

--180920 163414: 1.2570722103119 - . on ::1
{}

--180920 163416: 1.2480709552765 - . on ::1
{}

--180920 163418: 1.2330708503723 - . on ::1
{}

--180920 163420: 1.2190699577332 - . on ::1
{}

--180920 163422: 1.2510719299316 - . on ::1
{}

--180920 163424: 1.2600719928741 - . on ::1
{}

--180920 163426: 1.2520718574524 - . on ::1
{}

--180920 163428: 1.2590718269348 - . on ::1
{}

--180920 163430: 1.239070892334 - . on ::1
{}

--180920 163432: 1.2430710792542 - . on ::1
{}

--180920 163434: 1.2330701351166 - . on ::1
{}

--180920 163436: 1.2290699481964 - . on ::1
{}

--180920 163438: 1.2920742034912 - . on ::1
{}

--180920 163440: 1.2330701351166 - . on ::1
{}

--180920 163442: 1.2140691280365 - . on ::1
{}

--180920 163444: 1.2020688056946 - . on ::1
{}

--180920 163446: 1.2070689201355 - . on ::1
{}

--180920 163448: 1.2570719718933 - . on ::1
{}

--180920 163450: 1.2200698852539 - . on ::1
{}

--180920 163452: 1.2240700721741 - . on ::1
{}

--180920 163454: 1.2350699901581 - . on ::1
{}

--180920 163456: 1.2450711727142 - . on ::1
{}

--180920 163458: 1.2670729160309 - . on ::1
{}

--180920 163500: 1.2440710067749 - . on ::1
{}

--180920 163502: 1.2770729064941 - . on ::1
{}

--180920 163504: 1.2370700836182 - . on ::1
{}

--180920 163506: 1.2430708408356 - . on ::1
{}

--180920 163508: 1.2170701026917 - . on ::1
{}

--180920 163510: 1.2240700721741 - . on ::1
{}

--180920 163512: 1.2410709857941 - . on ::1
{}

--180920 163514: 1.2760729789734 - . on ::1
{}

--180920 163516: 1.2240698337555 - . on ::1
{}

--180920 163518: 1.2230699062347 - . on ::1
{}

--180920 163520: 1.2850730419159 - . on ::1
{}

--180920 163522: 1.2230701446533 - . on ::1
{}

--180920 163524: 1.2730720043182 - . on ::1
{}

--180920 163526: 1.2380709648132 - . on ::1
{}

--180920 163528: 1.2570719718933 - . on ::1
{}

--180920 163530: 1.192067861557 - . on ::1
{}

--180920 163532: 1.3080749511719 - . on ::1
{}

--180920 163534: 1.2260711193085 - . on ::1
{}

--180920 163536: 1.2370710372925 - . on ::1
{}

--180920 163538: 1.1860680580139 - . on ::1
{}

--180920 163540: 1.2250699996948 - . on ::1
{}

--180920 163542: 1.205069065094 - . on ::1
{}

--180920 163544: 1.2600729465485 - . on ::1
{}

--180920 163546: 1.2150690555573 - . on ::1
{}

--180920 163548: 1.2010688781738 - . on ::1
{}

--180920 163550: 1.2100698947906 - . on ::1
{}

--180920 163552: 1.2430708408356 - . on ::1
{}

--180920 163554: 1.2240700721741 - . on ::1
{}

--180920 163556: 1.2650718688965 - . on ::1
{}

--180920 163558: 1.205069065094 - . on ::1
{}

--180920 163600: 1.2330701351166 - . on ::1
{}

--180920 163602: 1.2940738201141 - . on ::1
{}

--180920 163604: 1.2210700511932 - . on ::1
{}

--180920 163606: 1.1970679759979 - . on ::1
{}

--180920 163608: 1.2350709438324 - . on ::1
{}

--180920 163610: 1.2190690040588 - . on ::1
{}

--180920 163612: 1.2300698757172 - . on ::1
{}

--180920 163614: 1.2660729885101 - . on ::1
{}

--180920 163616: 1.2520709037781 - . on ::1
{}

--180920 163618: 1.2480719089508 - . on ::1
{}

--180920 163620: 1.2470710277557 - . on ::1
{}

--180920 163622: 1.246071100235 - . on ::1
{}

--180920 163624: 1.2240700721741 - . on ::1
{}

--180920 163626: 1.2580721378326 - . on ::1
{}

--180920 163628: 1.2400710582733 - . on ::1
{}

--180920 163630: 1.2360699176788 - . on ::1
{}

--180920 163632: 1.2430708408356 - . on ::1
{}

--180920 163634: 1.2980749607086 - . on ::1
{}

--180920 163636: 1.2250699996948 - . on ::1
{}

--180920 163638: 1.2250709533691 - . on ::1
{}

--180920 163640: 1.2490711212158 - . on ::1
{}

--180920 163642: 1.2340710163116 - . on ::1
{}

--180920 163644: 1.2600719928741 - . on ::1
{}

--180920 163646: 1.2140691280365 - . on ::1
{}

--180920 163648: 1.2430710792542 - . on ::1
{}

--180920 163650: 1.2720720767975 - . on ::1
{}

--180920 163652: 1.2260699272156 - . on ::1
{}

--180920 163654: 1.2190699577332 - . on ::1
{}

--180920 163656: 1.2650721073151 - . on ::1
{}

--180920 163658: 1.1950690746307 - . on ::1
{}

--180920 163700: 1.2770729064941 - . on ::1
{}

--180920 163702: 1.2280700206757 - . on ::1
{}

--180920 163704: 1.2150700092316 - . on ::1
{}

--180920 163706: 1.2360711097717 - . on ::1
{}

--180920 163708: 1.235071182251 - . on ::1
{}

--180920 163710: 1.2300710678101 - . on ::1
{}

--180920 163712: 1.2610719203949 - . on ::1
{}

--180920 163714: 1.2300708293915 - . on ::1
{}

--180920 163716: 1.222069978714 - . on ::1
{}

--180920 163718: 1.1910679340363 - . on ::1
{}

--180920 163720: 1.2280700206757 - . on ::1
{}

--180920 163722: 1.2910740375519 - . on ::1
{}

--180920 163724: 1.2200701236725 - . on ::1
{}

--180920 163726: 1.2500710487366 - . on ::1
{}

--180920 163728: 1.2420709133148 - . on ::1
{}

--180920 163730: 1.2200701236725 - . on ::1
{}

--180920 163732: 1.2310700416565 - . on ::1
{}

--180920 163734: 1.2160699367523 - . on ::1
{}

--180920 163736: 1.2280697822571 - . on ::1
{}

--180920 163738: 1.2270698547363 - . on ::1
{}

--180920 163740: 1.2230701446533 - . on ::1
{}

--180920 163742: 1.2420709133148 - . on ::1
{}

--180920 163744: 1.2620718479156 - . on ::1
{}

--180920 163746: 1.2710719108582 - . on ::1
{}

--180920 163748: 1.2440710067749 - . on ::1
{}

--180920 163750: 1.2270710468292 - . on ::1
{}

--180920 163752: 1.2660720348358 - . on ::1
{}

--180920 163754: 1.2300710678101 - . on ::1
{}

--180920 163756: 1.2420711517334 - . on ::1
{}

--180920 163758: 1.216068983078 - . on ::1
{}

--180920 163800: 1.257071018219 - . on ::1
{}

--180920 163802: 1.2200698852539 - . on ::1
{}

--180920 163804: 1.2430710792542 - . on ::1
{}

--180920 163806: 1.2140691280365 - . on ::1
{}

--180920 163808: 1.2310709953308 - . on ::1
{}

--180920 163810: 1.2210700511932 - . on ::1
{}

--180920 163812: 1.2430710792542 - . on ::1
{}

--180920 163814: 1.2070689201355 - . on ::1
{}

--180920 163816: 1.1840670108795 - . on ::1
{}

--180920 163818: 1.2210700511932 - . on ::1
{}

--180920 163820: 1.2420709133148 - . on ::1
{}

--180920 163822: 1.2070691585541 - . on ::1
{}

--180920 163824: 1.199068069458 - . on ::1
{}

--180920 163826: 1.1750679016113 - . on ::1
{}

--180920 163828: 1.1800670623779 - . on ::1
{}

--180920 163830: 1.2230699062347 - . on ::1
{}

--180920 163832: 1.2010691165924 - . on ::1
{}

--180920 163834: 1.2010688781738 - . on ::1
{}

--180920 163836: 1.2250699996948 - . on ::1
{}

--180920 163838: 1.2290699481964 - . on ::1
{}

--180920 163840: 1.2060689926147 - . on ::1
{}

--180920 163842: 1.2310698032379 - . on ::1
{}

--180920 163844: 1.2070691585541 - . on ::1
{}

--180920 163846: 1.216068983078 - . on ::1
{}

--180920 163848: 1.2540719509125 - . on ::1
{}

--180920 163850: 1.2380709648132 - . on ::1
{}

--180920 163852: 1.2130689620972 - . on ::1
{}

--180920 163854: 1.2200701236725 - . on ::1
{}

--180920 163856: 1.2100689411163 - . on ::1
{}

--180920 163858: 1.2110688686371 - . on ::1
{}

--180920 163900: 1.2210700511932 - . on ::1
{}

--180920 163902: 1.229070186615 - . on ::1
{}

--180920 163904: 1.239070892334 - . on ::1
{}

--180920 163906: 1.2290699481964 - . on ::1
{}

--180920 163908: 1.2470710277557 - . on ::1
{}

--180920 163910: 1.2720730304718 - . on ::1
{}

--180920 163912: 1.2250699996948 - . on ::1
{}

--180920 163914: 1.2360711097717 - . on ::1
{}

--180920 163916: 1.233069896698 - . on ::1
{}

--180920 163918: 1.2210700511932 - . on ::1
{}

--180920 163920: 1.2570719718933 - . on ::1
{}

--180920 163922: 1.2170689105988 - . on ::1
{}

--180920 163924: 1.2170698642731 - . on ::1
{}

--180920 163926: 1.2260699272156 - . on ::1
{}

--180920 163928: 1.2080690860748 - . on ::1
{}

--180920 163930: 1.2230701446533 - . on ::1
{}

--180920 163932: 1.2060689926147 - . on ::1
{}

--180920 163934: 1.2180700302124 - . on ::1
{}

--180920 163936: 1.2230689525604 - . on ::1
{}

--180920 163938: 1.1840670108795 - . on ::1
{}

--180920 163940: 1.2360711097717 - . on ::1
{}

--180920 163942: 1.2190690040588 - . on ::1
{}

--180920 163944: 1.2330708503723 - . on ::1
{}

--180920 163946: 1.2170701026917 - . on ::1
{}

--180920 163948: 1.1980679035187 - . on ::1
{}

--180920 163950: 1.2350709438324 - . on ::1
{}

--180920 163952: 1.2390699386597 - . on ::1
{}

--180920 163954: 1.2190699577332 - . on ::1
{}

--180920 163956: 1.1950690746307 - . on ::1
{}

--180920 163958: 1.2140691280365 - . on ::1
{}

--180920 164000: 1.222069978714 - . on ::1
{}

--180920 164002: 1.2240700721741 - . on ::1
{}

--180920 164004: 1.2300698757172 - . on ::1
{}

--180920 164006: 1.2310709953308 - . on ::1
{}

--180920 164008: 1.269073009491 - . on ::1
{}

--180920 164010: 1.1990690231323 - . on ::1
{}

--180920 164012: 1.205069065094 - . on ::1
{}

--180920 164014: 1.2150690555573 - . on ::1
{}

--180920 164016: 1.2420709133148 - . on ::1
{}

--180920 164018: 1.2040679454803 - . on ::1
{}

--180920 164020: 1.2080690860748 - . on ::1
{}

--180920 164022: 1.2130699157715 - . on ::1
{}

--180920 164024: 1.2020680904388 - . on ::1
{}

--180920 164026: 1.2310709953308 - . on ::1
{}

--180920 164028: 1.2040691375732 - . on ::1
{}

--180920 164030: 1.2140700817108 - . on ::1
{}

--180920 164032: 1.2440719604492 - . on ::1
{}

--180920 164034: 1.2390711307526 - . on ::1
{}

--180920 164036: 1.2800741195679 - . on ::1
{}

--180920 164038: 1.2380712032318 - . on ::1
{}

--180920 164040: 1.2130689620972 - . on ::1
{}

--180920 164042: 1.2440710067749 - . on ::1
{}

--180920 164044: 1.2330710887909 - . on ::1
{}

--180920 164046: 1.2440719604492 - . on ::1
{}

--180920 164048: 1.2200698852539 - . on ::1
{}

--180920 164050: 1.1940679550171 - . on ::1
{}

--180920 164052: 1.2010688781738 - . on ::1
{}

--180920 164054: 1.2070689201355 - . on ::1
{}

--180920 164056: 1.2090690135956 - . on ::1
{}

--180920 164058: 1.2130692005157 - . on ::1
{}

--180920 164100: 1.2240700721741 - . on ::1
{}

--180920 164102: 1.2110688686371 - . on ::1
{}

--180920 164104: 1.2280697822571 - . on ::1
{}

--180920 164106: 1.22807097435 - . on ::1
{}

--180920 164108: 1.2380709648132 - . on ::1
{}

--180920 164110: 1.2740731239319 - . on ::1
{}

--180920 164112: 1.2050688266754 - . on ::1
{}

--180920 164114: 1.2490711212158 - . on ::1
{}

--180920 164116: 1.2560720443726 - . on ::1
{}

--180920 164118: 1.1540658473969 - . on ::1
{}

--180920 164120: 1.2250699996948 - . on ::1
{}

--180920 164122: 1.2140698432922 - . on ::1
{}

--180920 164124: 1.216068983078 - . on ::1
{}

--180920 164126: 1.22807097435 - . on ::1
{}

--180920 164128: 1.1790678501129 - . on ::1
{}

--180920 164130: 1.222069978714 - . on ::1
{}

--180920 164132: 1.26407289505 - . on ::1
{}

--180920 164134: 1.2010691165924 - . on ::1
{}

--180920 164136: 1.2380709648132 - . on ::1
{}

--180920 164138: 1.2570722103119 - . on ::1
{}

--180920 164140: 1.2200698852539 - . on ::1
{}

--180920 164142: 1.2070689201355 - . on ::1
{}

--180920 164144: 1.2150690555573 - . on ::1
{}

--180920 164146: 1.1990690231323 - . on ::1
{}

--180920 164148: 1.2300698757172 - . on ::1
{}

--180920 164150: 1.205069065094 - . on ::1
{}

--180920 164152: 1.2550721168518 - . on ::1
{}

--180920 164154: 1.2210700511932 - . on ::1
{}

--180920 164156: 1.2530720233917 - . on ::1
{}

--180920 164158: 1.239070892334 - . on ::1
{}

--180920 164200: 1.252072095871 - . on ::1
{}

--180920 164202: 1.2400710582733 - . on ::1
{}

--180920 164204: 1.239070892334 - . on ::1
{}

--180920 164206: 1.2600719928741 - . on ::1
{}

--180920 164208: 1.2310698032379 - . on ::1
{}

--180920 164210: 1.2480709552765 - . on ::1
{}

--180920 164212: 1.2140700817108 - . on ::1
{}

--180920 164214: 1.2210700511932 - . on ::1
{}

--180920 164216: 1.2400710582733 - . on ::1
{}

--180920 164218: 1.2210688591003 - . on ::1
{}

--180920 164220: 1.2310700416565 - . on ::1
{}

--180920 164222: 1.2340710163116 - . on ::1
{}

--180920 164224: 1.2140691280365 - . on ::1
{}

--180920 164226: 1.2280700206757 - . on ::1
{}

--180920 164228: 1.2410712242126 - . on ::1
{}

--180920 164230: 1.2120687961578 - . on ::1
{}

--180920 164232: 1.2230699062347 - . on ::1
{}

--180920 164234: 1.246071100235 - . on ::1
{}

--180920 164236: 1.2240698337555 - . on ::1
{}

--180920 164238: 1.2610719203949 - . on ::1
{}

--180920 164240: 1.239070892334 - . on ::1
{}

--180920 164242: 1.2150700092316 - . on ::1
{}

--180920 164244: 1.2310700416565 - . on ::1
{}

--180920 164246: 1.2400710582733 - . on ::1
{}

--180920 164248: 1.216068983078 - . on ::1
{}

--180920 164250: 1.1920680999756 - . on ::1
{}

--180920 164252: 1.2380712032318 - . on ::1
{}

--180920 164254: 1.229070186615 - . on ::1
{}

--180920 164256: 1.2260699272156 - . on ::1
{}

--180920 164258: 1.2270710468292 - . on ::1
{}

--180920 164300: 1.1840679645538 - . on ::1
{}

--180920 164302: 1.2750730514526 - . on ::1
{}

--180920 164304: 1.2280697822571 - . on ::1
{}

--180920 164306: 1.2460708618164 - . on ::1
{}

--180920 164308: 1.2440710067749 - . on ::1
{}

--180920 164310: 1.1970679759979 - . on ::1
{}

--180920 164312: 1.2360701560974 - . on ::1
{}

--180920 164314: 1.2610721588135 - . on ::1
{}

--180920 164316: 1.2250699996948 - . on ::1
{}

--180920 164318: 1.1910679340363 - . on ::1
{}

--180920 164318: 1.0960628986359 - . on ::1


--180920 164320: 1.2400710582733 - . on ::1
{}

--180920 164322: 1.2230699062347 - . on ::1
{}

--180920 164324: 1.2190701961517 - . on ::1
{}

--180920 164326: 1.2740728855133 - . on ::1
{}

--180920 164328: 1.2080690860748 - . on ::1
{}

--180920 164330: 1.2060689926147 - . on ::1
{}

--180920 164332: 1.2070689201355 - . on ::1
{}

--180920 164334: 1.2170689105988 - . on ::1
{}

--180920 164336: 1.2170698642731 - . on ::1
{}

--180920 164338: 1.2000689506531 - . on ::1
{}

--180920 164340: 1.1870679855347 - . on ::1
{}

--180920 164342: 1.0890629291534 - . on ::1


--180920 164342: 1.2590720653534 - . on ::1
{}

--180920 164344: 1.2190690040588 - . on ::1
{}

--180920 164346: 1.2950739860535 - . on ::1
{}

--180920 164348: 1.2510719299316 - . on ::1
{}

--180920 164350: 1.2310700416565 - . on ::1
{}

--180920 164352: 1.2320711612701 - . on ::1
{}

--180920 164354: 1.2180700302124 - . on ::1
{}

--180920 164356: 1.2230701446533 - . on ::1
{}

--180920 164358: 1.2110698223114 - . on ::1
{}

--180920 164400: 1.2320699691772 - . on ::1
{}

--180920 164402: 1.2470710277557 - . on ::1
{}

--180920 164404: 1.2790729999542 - . on ::1
{}

--180920 164406: 1.2170698642731 - . on ::1
{}

--180920 164408: 1.2950739860535 - . on ::1
{}

--180920 164410: 1.2800731658936 - . on ::1
{}

--180920 164412: 1.2270698547363 - . on ::1
{}

--180920 164414: 1.2430708408356 - . on ::1
{}

--180920 164416: 1.1950678825378 - . on ::1
{}

--180920 164418: 1.2270710468292 - . on ::1
{}

--180920 164420: 1.1850678920746 - . on ::1
{}

--180920 164422: 1.2730729579926 - . on ::1
{}

--180920 164424: 1.2270698547363 - . on ::1
{}

--180920 164426: 1.2440710067749 - . on ::1
{}

--180920 164427: 1.2270700931549 - . on ::1


--180920 164428: 1.2640719413757 - . on ::1
{}

--180920 164430: 1.263072013855 - . on ::1
{}

--180920 164432: 1.2440710067749 - . on ::1
{}

--180920 164434: 1.2570722103119 - . on ::1
{}

--180920 164436: 1.2360701560974 - . on ::1
{}

--180920 164438: 1.2460720539093 - . on ::1
{}

--180920 164440: 1.2680718898773 - . on ::1
{}

--180920 164442: 1.2360711097717 - . on ::1
{}

--180920 164444: 1.2350699901581 - . on ::1
{}

--180920 164446: 1.2430710792542 - . on ::1
{}

--180920 164448: 1.2570719718933 - . on ::1
{}

--180920 164450: 1.2340698242188 - . on ::1
{}

--180920 164452: 1.2820739746094 - . on ::1
{}

--180920 164454: 1.271073102951 - . on ::1
{}

--180920 164456: 1.2280697822571 - . on ::1
{}

--180920 164458: 1.2770731449127 - . on ::1
{}

--180920 164500: 1.2340700626373 - . on ::1
{}

--180920 164502: 1.2360711097717 - . on ::1
{}

--180920 164504: 1.246071100235 - . on ::1
{}

--180920 164506: 1.2320699691772 - . on ::1
{}

--180920 164508: 1.2450721263885 - . on ::1
{}

--180920 164510: 1.2480709552765 - . on ::1
{}

--180920 164512: 1.2600719928741 - . on ::1
{}

--180920 164514: 1.2470710277557 - . on ::1
{}

--180920 164516: 1.2560720443726 - . on ::1
{}

--180920 164518: 1.2540721893311 - . on ::1
{}

--180920 164520: 1.2280700206757 - . on ::1
{}

--180920 164522: 1.2890739440918 - . on ::1
{}

--180920 164524: 1.2620730400085 - . on ::1
{}

--180920 164526: 1.2250699996948 - . on ::1
{}

--180920 164528: 1.2370707988739 - . on ::1
{}

--180920 164530: 1.2440710067749 - . on ::1
{}

--180920 164532: 1.2310709953308 - . on ::1
{}

--180920 164534: 1.2660729885101 - . on ::1
{}

--180920 164536: 1.2610719203949 - . on ::1
{}

--180920 164538: 1.2450711727142 - . on ::1
{}

--180920 164540: 1.2450709342957 - . on ::1
{}

--180920 164542: 1.246071100235 - . on ::1
{}

--180920 164544: 1.22807097435 - . on ::1
{}

--180920 164546: 1.2540721893311 - . on ::1
{}

--180920 164548: 1.2270710468292 - . on ::1
{}

--180920 164550: 1.2310700416565 - . on ::1
{}

--180920 164552: 1.2450711727142 - . on ::1
{}

--180920 164554: 1.2540719509125 - . on ::1
{}

--180920 164556: 1.2470707893372 - . on ::1
{}

--180920 164558: 1.2350709438324 - . on ::1
{}

--180920 164600: 1.2330701351166 - . on ::1
{}

--180920 164602: 1.2410709857941 - . on ::1
{}

--180920 164604: 1.2100689411163 - . on ::1
{}

--180920 164606: 1.250070810318 - . on ::1
{}

--180920 164608: 1.2660729885101 - . on ::1
{}

--180920 164610: 1.3840789794922 - . on ::1
{}

--180920 164612: 1.1770670413971 - . on ::1
{}

--180920 164614: 1.2270710468292 - . on ::1
{}

--180920 164616: 1.2460708618164 - . on ::1
{}

--180920 164618: 1.205069065094 - . on ::1
{}

--180920 164620: 1.2400710582733 - . on ::1
{}

--180920 164622: 1.2360711097717 - . on ::1
{}

--180920 164624: 1.2720730304718 - . on ::1
{}

--180920 164626: 1.2260699272156 - . on ::1
{}

--180920 164628: 1.239070892334 - . on ::1
{}

--180920 164630: 1.2690720558167 - . on ::1
{}

--180920 164632: 1.2380709648132 - . on ::1
{}

--180920 164634: 1.2010691165924 - . on ::1
{}

--180920 164636: 1.2370700836182 - . on ::1
{}

--180920 164638: 1.2590720653534 - . on ::1
{}

--180920 164640: 1.1810681819916 - . on ::1
{}

--180920 164642: 1.2310700416565 - . on ::1
{}

--180920 164644: 1.1790668964386 - . on ::1
{}

--180920 164646: 1.2140691280365 - . on ::1
{}

--180920 164648: 1.2170689105988 - . on ::1
{}

--180920 164650: 1.2560720443726 - . on ::1
{}

--180920 164652: 1.3090748786926 - . on ::1
{}

--180920 164654: 1.2330708503723 - . on ::1
{}

--180920 164656: 1.2780730724335 - . on ::1
{}

--180920 164658: 1.2790729999542 - . on ::1
{}

--180920 164700: 1.2850730419159 - . on ::1
{}

--180920 164702: 1.3610780239105 - . on ::1
{}

--180920 164704: 1.286073923111 - . on ::1
{}

--180920 164706: 1.2890729904175 - . on ::1
{}

--180920 164708: 1.293074131012 - . on ::1
{}

--180920 164710: 1.2820730209351 - . on ::1
{}

--180920 164712: 1.2860729694366 - . on ::1
{}

--180920 164714: 1.2790729999542 - . on ::1
{}

--180920 164716: 1.2870728969574 - . on ::1
{}

--180920 164718: 1.2820730209351 - . on ::1
{}

--180920 164720: 1.2740728855133 - . on ::1
{}

--180920 164722: 1.2530710697174 - . on ::1
{}

--180920 164724: 1.269073009491 - . on ::1
{}

--180920 164726: 1.2700719833374 - . on ::1
{}

--180920 164728: 1.3160750865936 - . on ::1
{}

--180920 164730: 1.3410770893097 - . on ::1
{}

--180920 164732: 1.2740728855133 - . on ::1
{}

--180920 164734: 1.3130748271942 - . on ::1
{}

--180920 164736: 1.2900741100311 - . on ::1
{}

--180920 164738: 1.359078168869 - . on ::1
{}

--180920 164740: 1.2870740890503 - . on ::1
{}

--180920 164742: 1.3530769348145 - . on ::1
{}

--180920 164744: 1.2810740470886 - . on ::1
{}

--180920 164746: 1.3130750656128 - . on ::1
{}

--180920 164748: 1.3000741004944 - . on ::1
{}

--180920 164750: 1.3510780334473 - . on ::1
{}

--180920 164752: 1.3240759372711 - . on ::1
{}

--180920 164754: 1.3180749416351 - . on ::1
{}

--180920 164756: 1.2950749397278 - . on ::1
{}

--180920 164758: 1.3560781478882 - . on ::1
{}

--180920 164800: 1.286073923111 - . on ::1
{}

--180920 164802: 1.2650721073151 - . on ::1
{}

--180920 164804: 1.2600719928741 - . on ::1
{}

--180920 164806: 1.3200759887695 - . on ::1
{}

--180920 164808: 1.2900741100311 - . on ::1
{}

--180920 164810: 1.3150758743286 - . on ::1
{}

--180920 164812: 1.2840731143951 - . on ::1
{}

--180920 164814: 1.3020739555359 - . on ::1
{}

--180920 164816: 1.2880730628967 - . on ::1
{}

--180920 164818: 1.3180749416351 - . on ::1
{}

--180920 164820: 1.2660729885101 - . on ::1
{}

--180920 164822: 1.3150749206543 - . on ::1
{}

--180920 164824: 1.2380709648132 - . on ::1
{}

--180920 164826: 1.2620720863342 - . on ::1
{}

--180920 164828: 1.3200759887695 - . on ::1
{}

--180920 164830: 1.2810730934143 - . on ::1
{}

--180920 164832: 1.2970740795135 - . on ::1
{}

--180920 164834: 1.2640719413757 - . on ::1
{}

--180920 164836: 1.3090741634369 - . on ::1
{}

--180920 164838: 1.2680718898773 - . on ::1
{}

--180920 164840: 1.3200759887695 - . on ::1
{}

--180920 164842: 1.2880730628967 - . on ::1
{}

--180920 164844: 1.2870740890503 - . on ::1
{}

--180920 164846: 1.334076166153 - . on ::1
{}

--180920 164848: 1.3260760307312 - . on ::1
{}

--180920 164850: 1.3390769958496 - . on ::1
{}

--180920 164852: 1.3250749111176 - . on ::1
{}

--180920 164854: 1.3410770893097 - . on ::1
{}

--180920 164856: 1.2650730609894 - . on ::1
{}

--180920 164858: 1.2920739650726 - . on ::1
{}

--180920 164900: 1.2780730724335 - . on ::1
{}

--180920 164902: 1.2820739746094 - . on ::1
{}

--180920 164904: 1.2570719718933 - . on ::1
{}

--180920 164906: 1.3480780124664 - . on ::1
{}

--180920 164908: 1.2590720653534 - . on ::1
{}

--180920 164910: 1.2250699996948 - . on ::1
{}

--180920 164912: 1.2400708198547 - . on ::1
{}

--180920 164914: 1.2170691490173 - . on ::1
{}

--180920 164916: 1.2740728855133 - . on ::1
{}

--180920 164918: 1.2540719509125 - . on ::1
{}

--180920 164920: 1.2990748882294 - . on ::1
{}

--180920 164922: 1.2430710792542 - . on ::1
{}

--180920 164924: 1.2600719928741 - . on ::1
{}

--180920 164926: 1.2190699577332 - . on ::1
{}

--180920 164928: 1.2780728340149 - . on ::1
{}

--180920 164930: 1.2260699272156 - . on ::1
{}

--180920 164932: 1.2370700836182 - . on ::1
{}

--180920 164934: 1.2180700302124 - . on ::1
{}

--180920 164936: 1.2370710372925 - . on ::1
{}

--180920 164938: 1.2710721492767 - . on ::1
{}

--180920 164940: 1.2850739955902 - . on ::1
{}

--180920 164942: 1.2690720558167 - . on ::1
{}

--180920 164944: 1.2810730934143 - . on ::1
{}

--180920 164946: 1.2420709133148 - . on ::1
{}

--180920 164948: 1.2300710678101 - . on ::1
{}

--180920 164950: 1.2470710277557 - . on ::1
{}

--180920 164952: 1.2280700206757 - . on ::1
{}

--180920 164954: 1.233069896698 - . on ::1
{}

--180920 164956: 1.235071182251 - . on ::1
{}

--180920 164958: 1.2380712032318 - . on ::1
{}

--180920 165000: 1.2900738716125 - . on ::1
{}

--180920 165002: 1.2230701446533 - . on ::1
{}

--180920 165004: 1.235071182251 - . on ::1
{}

--180920 165006: 1.2710728645325 - . on ::1
{}

--180920 165008: 1.2260699272156 - . on ::1
{}

--180920 165010: 1.2370710372925 - . on ::1
{}

--180920 165012: 1.2130692005157 - . on ::1
{}

--180920 165014: 1.2550718784332 - . on ::1
{}

--180920 165016: 1.2770729064941 - . on ::1
{}

--180920 165018: 1.2570719718933 - . on ::1
{}

--180920 165020: 1.246071100235 - . on ::1
{}

--180920 165022: 1.2550709247589 - . on ::1
{}

--180920 165024: 1.2530720233917 - . on ::1
{}

--180920 165026: 1.2630729675293 - . on ::1
{}

--180920 165028: 1.2530710697174 - . on ::1
{}

--180920 165030: 1.2570719718933 - . on ::1
{}

--180920 165032: 1.2660720348358 - . on ::1
{}

--180920 165034: 1.2430710792542 - . on ::1
{}

--180920 165036: 1.2580718994141 - . on ::1
{}

--180920 165038: 1.3060739040375 - . on ::1
{}

--180920 165040: 1.2450711727142 - . on ::1
{}

--180920 165042: 1.2790729999542 - . on ::1
{}

--180920 165044: 1.2090690135956 - . on ::1
{}

--180920 165045: 1.2430708408356 - . on ::1


--180920 165046: 1.2700719833374 - . on ::1
{}

--180920 165048: 1.2510709762573 - . on ::1
{}

--180920 165050: 1.2060689926147 - . on ::1
{}

--180920 165052: 1.2680730819702 - . on ::1
{}

--180920 165054: 1.310075044632 - . on ::1
{}

--180920 165056: 1.2700731754303 - . on ::1
{}

--180920 165058: 1.2520709037781 - . on ::1
{}

--180920 165100: 1.2490708827972 - . on ::1
{}

--180920 165102: 1.2720730304718 - . on ::1
{}

--180920 165104: 1.2420709133148 - . on ::1
{}

--180920 165106: 1.2490720748901 - . on ::1
{}

--180920 165108: 1.2780728340149 - . on ::1
{}

--180920 165110: 1.2130689620972 - . on ::1
{}

--180920 165112: 1.3380761146545 - . on ::1
{}

--180920 165114: 1.2850730419159 - . on ::1
{}

--180920 165116: 1.2410709857941 - . on ::1
{}

--180920 165118: 1.2010679244995 - . on ::1
{}

--180920 165120: 1.205069065094 - . on ::1
{}

--180920 165122: 1.2570719718933 - . on ::1
{}

--180920 165124: 1.2390711307526 - . on ::1
{}

--180920 165126: 1.2960739135742 - . on ::1
{}

--180920 165128: 1.2460708618164 - . on ::1
{}

--180920 165130: 1.2470710277557 - . on ::1
{}

--180920 165132: 1.2140688896179 - . on ::1
{}

--180920 165134: 1.2120690345764 - . on ::1
{}

--180920 165136: 1.2460708618164 - . on ::1
{}

--180920 165138: 1.2530720233917 - . on ::1
{}

--180920 165140: 1.2270700931549 - . on ::1
{}

--180920 165142: 1.2460718154907 - . on ::1
{}

--180920 165144: 1.2270700931549 - . on ::1
{}

--180920 165146: 1.2100689411163 - . on ::1
{}

--180920 165148: 1.2410709857941 - . on ::1
{}

--180920 165150: 1.2140688896179 - . on ::1
{}

--180920 165152: 1.22807097435 - . on ::1
{}

--180920 165154: 1.2380709648132 - . on ::1
{}

--180920 165156: 1.2900741100311 - . on ::1
{}

--180920 165158: 1.1690669059753 - . on ::1
{}

--180920 165200: 1.2230699062347 - . on ::1
{}

--180920 165202: 1.2560720443726 - . on ::1
{}

--180920 165204: 1.233069896698 - . on ::1
{}

--180920 165206: 1.2360708713531 - . on ::1
{}

--180920 165208: 1.2380709648132 - . on ::1
{}

--180920 165210: 1.246071100235 - . on ::1
{}

--180920 165212: 1.2820739746094 - . on ::1
{}

--180920 165214: 1.2240698337555 - . on ::1
{}

--180920 165216: 1.2640719413757 - . on ::1
{}

--180920 165218: 1.2250699996948 - . on ::1
{}

--180920 165220: 1.2540721893311 - . on ::1
{}

--180920 165222: 1.2400710582733 - . on ::1
{}

--180920 165224: 1.2500710487366 - . on ::1
{}

--180920 165226: 1.2330710887909 - . on ::1
{}

--180920 165228: 1.3000738620758 - . on ::1
{}

--180920 165230: 1.2010691165924 - . on ::1
{}

--180920 165232: 1.2340710163116 - . on ::1
{}

--180920 165234: 1.2140688896179 - . on ::1
{}

--180920 165236: 1.2490708827972 - . on ::1
{}

--180920 165238: 1.2110691070557 - . on ::1
{}

--180920 165240: 1.2960741519928 - . on ::1
{}

--180920 165242: 1.2440710067749 - . on ::1
{}

--180920 165244: 1.2430708408356 - . on ::1
{}

--180920 165246: 1.2350709438324 - . on ::1
{}

--180920 165248: 1.2370710372925 - . on ::1
{}

--180920 165250: 1.2560720443726 - . on ::1
{}

--180920 165252: 1.2180700302124 - . on ::1
{}

--180920 165254: 1.21107006073 - . on ::1
{}

--180920 165256: 1.286073923111 - . on ::1
{}

--180920 165258: 1.2240700721741 - . on ::1
{}

--180920 165300: 1.2480709552765 - . on ::1
{}

--180920 165302: 1.2470719814301 - . on ::1
{}

--180920 165304: 1.2720720767975 - . on ::1
{}

--180920 165306: 1.2140688896179 - . on ::1
{}

--180920 165308: 1.1770668029785 - . on ::1
{}

--180920 165310: 1.2130692005157 - . on ::1
{}

--180920 165312: 1.2090690135956 - . on ::1
{}

--180920 165314: 1.1830680370331 - . on ::1
{}

--180920 165316: 1.1850669384003 - . on ::1
{}

--180920 165318: 1.2290709018707 - . on ::1
{}

--180920 165320: 1.2400708198547 - . on ::1
{}

--180920 165322: 1.2530720233917 - . on ::1
{}

--180920 165324: 1.2090699672699 - . on ::1
{}

--180920 165326: 1.2380709648132 - . on ::1
{}

--180920 165328: 1.2170701026917 - . on ::1
{}

--180920 165330: 1.1970682144165 - . on ::1
{}

--180920 165332: 1.2580718994141 - . on ::1
{}

--180920 165334: 1.2600719928741 - . on ::1
{}

--180920 165336: 1.2250699996948 - . on ::1
{}

--180920 165338: 1.2390711307526 - . on ::1
{}

--180920 165340: 1.2680718898773 - . on ::1
{}

--180920 165342: 1.2250699996948 - . on ::1
{}

--180920 165344: 1.2650721073151 - . on ::1
{}

--180920 165346: 1.2590720653534 - . on ::1
{}

--180920 165348: 1.2100701332092 - . on ::1
{}

--180920 165350: 1.2170689105988 - . on ::1
{}

--180920 165352: 1.2360708713531 - . on ::1
{}

--180920 165354: 1.2540709972382 - . on ::1
{}

--180920 165356: 1.2170701026917 - . on ::1
{}

--180920 165358: 1.2390711307526 - . on ::1
{}

--180920 165400: 1.2460708618164 - . on ::1
{}

--180920 165402: 1.2480719089508 - . on ::1
{}

--180920 165404: 1.2120699882507 - . on ::1
{}

--180920 165406: 1.2340710163116 - . on ::1
{}

--180920 165408: 1.2490720748901 - . on ::1
{}

--180920 165410: 1.2210698127747 - . on ::1
{}

--180920 165412: 1.2370710372925 - . on ::1
{}

--180920 165414: 1.2450711727142 - . on ::1
{}

--180920 165416: 1.2380709648132 - . on ::1
{}

--180920 165418: 1.24507188797 - . on ::1
{}

--180920 165420: 1.2510709762573 - . on ::1
{}

--180920 165422: 1.2200701236725 - . on ::1
{}

--180920 165424: 1.2540709972382 - . on ::1
{}

--180920 165426: 1.2530720233917 - . on ::1
{}

--180920 165428: 1.2570719718933 - . on ::1
{}

--180920 165430: 1.2020680904388 - . on ::1
{}

--180920 165432: 1.2850739955902 - . on ::1
{}

--180920 165434: 1.2670719623566 - . on ::1
{}

--180920 165436: 1.2220690250397 - . on ::1
{}

--180920 165438: 1.2800731658936 - . on ::1
{}

--180920 165440: 1.233069896698 - . on ::1
{}

--180920 165442: 1.2600719928741 - . on ::1
{}

--180920 165444: 1.2800741195679 - . on ::1
{}

--180920 165446: 1.263072013855 - . on ::1
{}

--180920 165448: 1.2590718269348 - . on ::1
{}

--180920 165450: 1.216068983078 - . on ::1
{}

--180920 165452: 1.288074016571 - . on ::1
{}

--180920 165454: 1.2500720024109 - . on ::1
{}

--180920 165456: 1.2460708618164 - . on ::1
{}

--180920 165458: 1.2510719299316 - . on ::1
{}

--180920 165500: 1.2110691070557 - . on ::1
{}

--180920 165502: 1.2450711727142 - . on ::1
{}

--180920 165504: 1.2380712032318 - . on ::1
{}

--180920 165506: 1.2590720653534 - . on ::1
{}

--180920 165508: 1.2560720443726 - . on ::1
{}

--180920 165510: 1.2290699481964 - . on ::1
{}

--180920 165512: 1.2360711097717 - . on ::1
{}

--180920 165514: 1.2510721683502 - . on ::1
{}

--180920 165516: 1.2420709133148 - . on ::1
{}

--180920 165518: 1.2330710887909 - . on ::1
{}

--180920 165520: 1.2080690860748 - . on ::1
{}

--180920 165522: 1.2510721683502 - . on ::1
{}

--180920 165524: 1.2620730400085 - . on ::1
{}

--180920 165526: 1.2540719509125 - . on ::1
{}

--180920 165528: 1.2710728645325 - . on ::1
{}

--180920 165530: 1.2370700836182 - . on ::1
{}

--180920 165532: 1.2480711936951 - . on ::1
{}

--180920 165534: 1.2520718574524 - . on ::1
{}

--180920 165536: 1.2340700626373 - . on ::1
{}

--180920 165538: 1.2570719718933 - . on ::1
{}

--180920 165540: 1.2510709762573 - . on ::1
{}

--180920 165542: 1.2060689926147 - . on ::1
{}

--180920 165544: 1.2460720539093 - . on ::1
{}

--180920 165546: 1.2470710277557 - . on ::1
{}

--180920 165548: 1.2330710887909 - . on ::1
{}

--180920 165550: 1.2480709552765 - . on ::1
{}

--180920 165552: 1.2210700511932 - . on ::1
{}

--180920 165554: 1.293074131012 - . on ::1
{}

--180920 165556: 1.2550709247589 - . on ::1
{}

--180920 165558: 1.26407289505 - . on ::1
{}

--180920 165600: 1.2290709018707 - . on ::1
{}

--180920 165602: 1.2640719413757 - . on ::1
{}

--180920 165604: 1.2410709857941 - . on ::1
{}

--180920 165606: 1.2760729789734 - . on ::1
{}

--180920 165608: 1.2430710792542 - . on ::1
{}

--180920 165610: 1.2160699367523 - . on ::1
{}

--180920 165612: 1.2310698032379 - . on ::1
{}

--180920 165614: 1.2240698337555 - . on ::1
{}

--180920 165616: 1.2170689105988 - . on ::1
{}

--180920 165618: 1.2350709438324 - . on ::1
{}

--180920 165620: 1.2310709953308 - . on ::1
{}

--180920 165622: 1.2770731449127 - . on ::1
{}

--180920 165624: 1.2270700931549 - . on ::1
{}

--180920 165626: 1.2430710792542 - . on ::1
{}

--180920 165628: 1.2530720233917 - . on ::1
{}

--180920 165630: 1.2300710678101 - . on ::1
{}

--180920 165632: 1.2480709552765 - . on ::1
{}

--180920 165634: 1.2380709648132 - . on ::1
{}

--180920 165636: 1.2550709247589 - . on ::1
{}

--180920 165638: 1.2600719928741 - . on ::1
{}

--180920 165640: 1.2430720329285 - . on ::1
{}

--180920 165642: 1.2430708408356 - . on ::1
{}

--180920 165644: 1.2410709857941 - . on ::1
{}

--180920 165646: 1.2720718383789 - . on ::1
{}

--180920 165648: 1.2000689506531 - . on ::1
{}

--180920 165650: 1.2100698947906 - . on ::1
{}

--180920 165652: 1.2280700206757 - . on ::1
{}

--180920 165654: 1.2600719928741 - . on ::1
{}

--180920 165656: 1.2840728759766 - . on ::1
{}

--180920 165658: 1.2500720024109 - . on ::1
{}

--180920 165700: 1.2610731124878 - . on ::1
{}

--180920 165702: 1.2370710372925 - . on ::1
{}

--180920 165704: 1.2430710792542 - . on ::1
{}

--180920 165706: 1.2280697822571 - . on ::1
{}

--180920 165708: 1.2450711727142 - . on ::1
{}

--180920 165710: 1.2430708408356 - . on ::1
{}

--180920 165712: 1.2780740261078 - . on ::1
{}

--180920 165714: 1.2400710582733 - . on ::1
{}

--180920 165716: 1.2370700836182 - . on ::1
{}

--180920 165718: 1.2290699481964 - . on ::1
{}

--180920 165720: 1.2320711612701 - . on ::1
{}

--180920 165722: 1.2740728855133 - . on ::1
{}

--180920 165724: 1.2270700931549 - . on ::1
{}

--180920 165726: 1.2360701560974 - . on ::1
{}

--180920 165728: 1.2620720863342 - . on ::1
{}

--180920 165730: 1.2400708198547 - . on ::1
{}

--180920 165732: 1.2440710067749 - . on ::1
{}

--180920 165734: 1.2440710067749 - . on ::1
{}

--180920 165736: 1.2300701141357 - . on ::1
{}

--180920 165738: 1.2360708713531 - . on ::1
{}

--180920 165740: 1.28107380867 - . on ::1
{}

--180920 165742: 1.2580718994141 - . on ::1
{}

--180920 165744: 1.2650730609894 - . on ::1
{}

--180920 165746: 1.2200691699982 - . on ::1
{}

--180920 165748: 1.2360699176788 - . on ::1
{}

--180920 165750: 1.2610721588135 - . on ::1
{}

--180920 165752: 1.2530710697174 - . on ::1
{}

--180920 165754: 1.2370710372925 - . on ::1
{}

--180920 165756: 1.2640719413757 - . on ::1
{}

--180920 165758: 1.2770731449127 - . on ::1
{}

--180920 165800: 1.3040750026703 - . on ::1
{}

--180920 165802: 1.2410709857941 - . on ::1
{}

--180920 165804: 1.2720730304718 - . on ::1
{}

--180920 165806: 1.2990751266479 - . on ::1
{}

--180920 165808: 1.2590718269348 - . on ::1
{}

--180920 165810: 1.2520718574524 - . on ::1
{}

--180920 165812: 1.2700719833374 - . on ::1
{}

--180920 165814: 1.2360708713531 - . on ::1
{}

--180920 165816: 1.2410709857941 - . on ::1
{}

--180920 165818: 1.2380709648132 - . on ::1
{}

--180920 165820: 1.2820739746094 - . on ::1
{}

--180920 165822: 1.2210690975189 - . on ::1
{}

--180920 165824: 1.229070186615 - . on ::1
{}

--180920 165826: 1.2190699577332 - . on ::1
{}

--180920 165828: 1.2240710258484 - . on ::1
{}

