--181018 093443: coSubmitBmTaskClass Not Found
--181018 093606: coSubmitBmTaskClass Not Found
--181018 093606: bmRejectCoSubmitTaskClass Not Found
--181018 093606: bmNewConsultTaskClass Not Found
--181018 093606: bmRequestForCreditTaskClass Not Found
--181018 093606: operatorMyConsultTaskClass Not Found
--181018 093608: coSubmitBmTaskClass Not Found
--181018 093608: bmRejectCoSubmitTaskClass Not Found
--181018 093608: bmNewConsultTaskClass Not Found
--181018 093608: bmRequestForCreditTaskClass Not Found
--181018 093608: operatorMyConsultTaskClass Not Found
--181018 093618: coSubmitBmTaskClass Not Found
--181018 093618: bmRejectCoSubmitTaskClass Not Found
--181018 093618: bmNewConsultTaskClass Not Found
--181018 093618: bmRequestForCreditTaskClass Not Found
--181018 093618: operatorMyConsultTaskClass Not Found
--181018 093628: coSubmitBmTaskClass Not Found
--181018 093628: bmRejectCoSubmitTaskClass Not Found
--181018 093628: bmNewConsultTaskClass Not Found
--181018 093628: bmRequestForCreditTaskClass Not Found
--181018 093628: operatorMyConsultTaskClass Not Found
--181018 093638: coSubmitBmTaskClass Not Found
--181018 093638: bmRejectCoSubmitTaskClass Not Found
--181018 093638: bmNewConsultTaskClass Not Found
--181018 093638: bmRequestForCreditTaskClass Not Found
--181018 093638: operatorMyConsultTaskClass Not Found
--181018 093648: coSubmitBmTaskClass Not Found
--181018 093648: bmRejectCoSubmitTaskClass Not Found
--181018 093648: bmNewConsultTaskClass Not Found
--181018 093648: bmRequestForCreditTaskClass Not Found
--181018 093648: operatorMyConsultTaskClass Not Found
--181018 093658: coSubmitBmTaskClass Not Found
--181018 093658: bmRejectCoSubmitTaskClass Not Found
--181018 093658: bmNewConsultTaskClass Not Found
--181018 093658: bmRequestForCreditTaskClass Not Found
--181018 093658: operatorMyConsultTaskClass Not Found
--181018 093708: coSubmitBmTaskClass Not Found
--181018 093708: bmRejectCoSubmitTaskClass Not Found
--181018 093708: bmNewConsultTaskClass Not Found
--181018 093708: bmRequestForCreditTaskClass Not Found
--181018 093708: operatorMyConsultTaskClass Not Found
--181018 093718: coSubmitBmTaskClass Not Found
--181018 093718: bmRejectCoSubmitTaskClass Not Found
--181018 093718: bmNewConsultTaskClass Not Found
--181018 093718: bmRequestForCreditTaskClass Not Found
--181018 093718: operatorMyConsultTaskClass Not Found
--181018 093728: coSubmitBmTaskClass Not Found
--181018 093728: bmRejectCoSubmitTaskClass Not Found
--181018 093728: bmNewConsultTaskClass Not Found
--181018 093728: bmRequestForCreditTaskClass Not Found
--181018 093728: operatorMyConsultTaskClass Not Found
--181018 093738: coSubmitBmTaskClass Not Found
--181018 093738: bmRejectCoSubmitTaskClass Not Found
--181018 093738: bmNewConsultTaskClass Not Found
--181018 093738: bmRequestForCreditTaskClass Not Found
--181018 093738: operatorMyConsultTaskClass Not Found
--181018 093748: coSubmitBmTaskClass Not Found
--181018 093748: bmRejectCoSubmitTaskClass Not Found
--181018 093748: bmNewConsultTaskClass Not Found
--181018 093748: bmRequestForCreditTaskClass Not Found
--181018 093748: operatorMyConsultTaskClass Not Found
--181018 093758: coSubmitBmTaskClass Not Found
--181018 093758: bmRejectCoSubmitTaskClass Not Found
--181018 093758: bmNewConsultTaskClass Not Found
--181018 093758: bmRequestForCreditTaskClass Not Found
--181018 093758: operatorMyConsultTaskClass Not Found
--181018 093808: coSubmitBmTaskClass Not Found
--181018 093808: bmRejectCoSubmitTaskClass Not Found
--181018 093808: bmNewConsultTaskClass Not Found
--181018 093808: bmRequestForCreditTaskClass Not Found
--181018 093808: operatorMyConsultTaskClass Not Found
--181018 093818: coSubmitBmTaskClass Not Found
--181018 093818: bmRejectCoSubmitTaskClass Not Found
--181018 093818: bmNewConsultTaskClass Not Found
--181018 093818: bmRequestForCreditTaskClass Not Found
--181018 093818: operatorMyConsultTaskClass Not Found
--181018 093828: coSubmitBmTaskClass Not Found
--181018 093828: bmRejectCoSubmitTaskClass Not Found
--181018 093828: bmNewConsultTaskClass Not Found
--181018 093828: bmRequestForCreditTaskClass Not Found
--181018 093828: operatorMyConsultTaskClass Not Found
--181018 093838: coSubmitBmTaskClass Not Found
--181018 093838: bmRejectCoSubmitTaskClass Not Found
--181018 093838: bmNewConsultTaskClass Not Found
--181018 093838: bmRequestForCreditTaskClass Not Found
--181018 093838: operatorMyConsultTaskClass Not Found
--181018 093848: coSubmitBmTaskClass Not Found
--181018 093848: bmRejectCoSubmitTaskClass Not Found
--181018 093848: bmNewConsultTaskClass Not Found
--181018 093848: bmRequestForCreditTaskClass Not Found
--181018 093848: operatorMyConsultTaskClass Not Found
--181018 093858: coSubmitBmTaskClass Not Found
--181018 093858: bmRejectCoSubmitTaskClass Not Found
--181018 093858: bmNewConsultTaskClass Not Found
--181018 093858: bmRequestForCreditTaskClass Not Found
--181018 093858: operatorMyConsultTaskClass Not Found
--181018 093908: coSubmitBmTaskClass Not Found
--181018 093908: bmRejectCoSubmitTaskClass Not Found
--181018 093908: bmNewConsultTaskClass Not Found
--181018 093908: bmRequestForCreditTaskClass Not Found
--181018 093908: operatorMyConsultTaskClass Not Found
--181018 093918: coSubmitBmTaskClass Not Found
--181018 093918: bmRejectCoSubmitTaskClass Not Found
--181018 093918: bmNewConsultTaskClass Not Found
--181018 093918: bmRequestForCreditTaskClass Not Found
--181018 093918: operatorMyConsultTaskClass Not Found
--181018 093928: coSubmitBmTaskClass Not Found
--181018 093928: bmRejectCoSubmitTaskClass Not Found
--181018 093928: bmNewConsultTaskClass Not Found
--181018 093928: bmRequestForCreditTaskClass Not Found
--181018 093928: operatorMyConsultTaskClass Not Found
--181018 093938: coSubmitBmTaskClass Not Found
--181018 093938: bmRejectCoSubmitTaskClass Not Found
--181018 093938: bmNewConsultTaskClass Not Found
--181018 093938: bmRequestForCreditTaskClass Not Found
--181018 093938: operatorMyConsultTaskClass Not Found
--181018 093948: coSubmitBmTaskClass Not Found
--181018 093948: bmRejectCoSubmitTaskClass Not Found
--181018 093948: bmNewConsultTaskClass Not Found
--181018 093948: bmRequestForCreditTaskClass Not Found
--181018 093948: operatorMyConsultTaskClass Not Found
--181018 093958: coSubmitBmTaskClass Not Found
--181018 093958: bmRejectCoSubmitTaskClass Not Found
--181018 093958: bmNewConsultTaskClass Not Found
--181018 093958: bmRequestForCreditTaskClass Not Found
--181018 093958: operatorMyConsultTaskClass Not Found
--181018 094008: coSubmitBmTaskClass Not Found
--181018 094008: bmRejectCoSubmitTaskClass Not Found
--181018 094008: bmNewConsultTaskClass Not Found
--181018 094008: bmRequestForCreditTaskClass Not Found
--181018 094008: operatorMyConsultTaskClass Not Found
--181018 094018: coSubmitBmTaskClass Not Found
--181018 094018: bmRejectCoSubmitTaskClass Not Found
--181018 094018: bmNewConsultTaskClass Not Found
--181018 094018: bmRequestForCreditTaskClass Not Found
--181018 094018: operatorMyConsultTaskClass Not Found
--181018 094028: coSubmitBmTaskClass Not Found
--181018 094028: bmRejectCoSubmitTaskClass Not Found
--181018 094028: bmNewConsultTaskClass Not Found
--181018 094028: bmRequestForCreditTaskClass Not Found
--181018 094028: operatorMyConsultTaskClass Not Found
--181018 094038: coSubmitBmTaskClass Not Found
--181018 094038: bmRejectCoSubmitTaskClass Not Found
--181018 094038: bmNewConsultTaskClass Not Found
--181018 094038: bmRequestForCreditTaskClass Not Found
--181018 094038: operatorMyConsultTaskClass Not Found
--181018 094048: coSubmitBmTaskClass Not Found
--181018 094048: bmRejectCoSubmitTaskClass Not Found
--181018 094048: bmNewConsultTaskClass Not Found
--181018 094048: bmRequestForCreditTaskClass Not Found
--181018 094048: operatorMyConsultTaskClass Not Found
--181018 094058: coSubmitBmTaskClass Not Found
--181018 094058: bmRejectCoSubmitTaskClass Not Found
--181018 094058: bmNewConsultTaskClass Not Found
--181018 094058: bmRequestForCreditTaskClass Not Found
--181018 094058: operatorMyConsultTaskClass Not Found
--181018 094108: coSubmitBmTaskClass Not Found
--181018 094108: bmRejectCoSubmitTaskClass Not Found
--181018 094108: bmNewConsultTaskClass Not Found
--181018 094108: bmRequestForCreditTaskClass Not Found
--181018 094108: operatorMyConsultTaskClass Not Found
--181018 094118: coSubmitBmTaskClass Not Found
--181018 094118: bmRejectCoSubmitTaskClass Not Found
--181018 094118: bmNewConsultTaskClass Not Found
--181018 094118: bmRequestForCreditTaskClass Not Found
--181018 094118: operatorMyConsultTaskClass Not Found
--181018 094128: coSubmitBmTaskClass Not Found
--181018 094128: bmRejectCoSubmitTaskClass Not Found
--181018 094128: bmNewConsultTaskClass Not Found
--181018 094128: bmRequestForCreditTaskClass Not Found
--181018 094128: operatorMyConsultTaskClass Not Found
--181018 094138: coSubmitBmTaskClass Not Found
--181018 094138: bmRejectCoSubmitTaskClass Not Found
--181018 094138: bmNewConsultTaskClass Not Found
--181018 094138: bmRequestForCreditTaskClass Not Found
--181018 094138: operatorMyConsultTaskClass Not Found
--181018 094148: coSubmitBmTaskClass Not Found
--181018 094148: bmRejectCoSubmitTaskClass Not Found
--181018 094148: bmNewConsultTaskClass Not Found
--181018 094148: bmRequestForCreditTaskClass Not Found
--181018 094148: operatorMyConsultTaskClass Not Found
--181018 094158: coSubmitBmTaskClass Not Found
--181018 094158: bmRejectCoSubmitTaskClass Not Found
--181018 094158: bmNewConsultTaskClass Not Found
--181018 094158: bmRequestForCreditTaskClass Not Found
--181018 094158: operatorMyConsultTaskClass Not Found
--181018 094208: coSubmitBmTaskClass Not Found
--181018 094208: bmRejectCoSubmitTaskClass Not Found
--181018 094208: bmNewConsultTaskClass Not Found
--181018 094208: bmRequestForCreditTaskClass Not Found
--181018 094208: operatorMyConsultTaskClass Not Found
--181018 094218: coSubmitBmTaskClass Not Found
--181018 094218: bmRejectCoSubmitTaskClass Not Found
--181018 094218: bmNewConsultTaskClass Not Found
--181018 094218: bmRequestForCreditTaskClass Not Found
--181018 094218: operatorMyConsultTaskClass Not Found
--181018 094228: coSubmitBmTaskClass Not Found
--181018 094228: bmRejectCoSubmitTaskClass Not Found
--181018 094228: bmNewConsultTaskClass Not Found
--181018 094228: bmRequestForCreditTaskClass Not Found
--181018 094228: operatorMyConsultTaskClass Not Found
--181018 094238: coSubmitBmTaskClass Not Found
--181018 094238: bmRejectCoSubmitTaskClass Not Found
--181018 094238: bmNewConsultTaskClass Not Found
--181018 094238: bmRequestForCreditTaskClass Not Found
--181018 094238: operatorMyConsultTaskClass Not Found
--181018 094248: coSubmitBmTaskClass Not Found
--181018 094248: bmRejectCoSubmitTaskClass Not Found
--181018 094248: bmNewConsultTaskClass Not Found
--181018 094248: bmRequestForCreditTaskClass Not Found
--181018 094248: operatorMyConsultTaskClass Not Found
--181018 094258: coSubmitBmTaskClass Not Found
--181018 094258: bmRejectCoSubmitTaskClass Not Found
--181018 094258: bmNewConsultTaskClass Not Found
--181018 094258: bmRequestForCreditTaskClass Not Found
--181018 094258: operatorMyConsultTaskClass Not Found
--181018 094308: coSubmitBmTaskClass Not Found
--181018 094308: bmRejectCoSubmitTaskClass Not Found
--181018 094308: bmNewConsultTaskClass Not Found
--181018 094308: bmRequestForCreditTaskClass Not Found
--181018 094308: operatorMyConsultTaskClass Not Found
--181018 094318: coSubmitBmTaskClass Not Found
--181018 094318: bmRejectCoSubmitTaskClass Not Found
--181018 094318: bmNewConsultTaskClass Not Found
--181018 094318: bmRequestForCreditTaskClass Not Found
--181018 094318: operatorMyConsultTaskClass Not Found
--181018 094328: coSubmitBmTaskClass Not Found
--181018 094328: bmRejectCoSubmitTaskClass Not Found
--181018 094328: bmNewConsultTaskClass Not Found
--181018 094328: bmRequestForCreditTaskClass Not Found
--181018 094328: operatorMyConsultTaskClass Not Found
--181018 094338: coSubmitBmTaskClass Not Found
--181018 094338: bmRejectCoSubmitTaskClass Not Found
--181018 094338: bmNewConsultTaskClass Not Found
--181018 094338: bmRequestForCreditTaskClass Not Found
--181018 094338: operatorMyConsultTaskClass Not Found
--181018 094348: coSubmitBmTaskClass Not Found
--181018 094348: bmRejectCoSubmitTaskClass Not Found
--181018 094348: bmNewConsultTaskClass Not Found
--181018 094348: bmRequestForCreditTaskClass Not Found
--181018 094348: operatorMyConsultTaskClass Not Found
--181018 094358: coSubmitBmTaskClass Not Found
--181018 094358: bmRejectCoSubmitTaskClass Not Found
--181018 094358: bmNewConsultTaskClass Not Found
--181018 094358: bmRequestForCreditTaskClass Not Found
--181018 094358: operatorMyConsultTaskClass Not Found
--181018 094408: coSubmitBmTaskClass Not Found
--181018 094408: bmRejectCoSubmitTaskClass Not Found
--181018 094408: bmNewConsultTaskClass Not Found
--181018 094408: bmRequestForCreditTaskClass Not Found
--181018 094408: operatorMyConsultTaskClass Not Found
--181018 094418: coSubmitBmTaskClass Not Found
--181018 094418: bmRejectCoSubmitTaskClass Not Found
--181018 094418: bmNewConsultTaskClass Not Found
--181018 094418: bmRequestForCreditTaskClass Not Found
--181018 094418: operatorMyConsultTaskClass Not Found
--181018 094428: coSubmitBmTaskClass Not Found
--181018 094428: bmRejectCoSubmitTaskClass Not Found
--181018 094428: bmNewConsultTaskClass Not Found
--181018 094428: bmRequestForCreditTaskClass Not Found
--181018 094428: operatorMyConsultTaskClass Not Found
--181018 094438: coSubmitBmTaskClass Not Found
--181018 094438: bmRejectCoSubmitTaskClass Not Found
--181018 094438: bmNewConsultTaskClass Not Found
--181018 094438: bmRequestForCreditTaskClass Not Found
--181018 094438: operatorMyConsultTaskClass Not Found
--181018 094448: coSubmitBmTaskClass Not Found
--181018 094448: bmRejectCoSubmitTaskClass Not Found
--181018 094448: bmNewConsultTaskClass Not Found
--181018 094448: bmRequestForCreditTaskClass Not Found
--181018 094448: operatorMyConsultTaskClass Not Found
--181018 094458: coSubmitBmTaskClass Not Found
--181018 094458: bmRejectCoSubmitTaskClass Not Found
--181018 094458: bmNewConsultTaskClass Not Found
--181018 094458: bmRequestForCreditTaskClass Not Found
--181018 094458: operatorMyConsultTaskClass Not Found
--181018 094508: coSubmitBmTaskClass Not Found
--181018 094508: bmRejectCoSubmitTaskClass Not Found
--181018 094508: bmNewConsultTaskClass Not Found
--181018 094508: bmRequestForCreditTaskClass Not Found
--181018 094508: operatorMyConsultTaskClass Not Found
--181018 094518: coSubmitBmTaskClass Not Found
--181018 094518: bmRejectCoSubmitTaskClass Not Found
--181018 094518: bmNewConsultTaskClass Not Found
--181018 094518: bmRequestForCreditTaskClass Not Found
--181018 094518: operatorMyConsultTaskClass Not Found
--181018 094528: coSubmitBmTaskClass Not Found
--181018 094528: bmRejectCoSubmitTaskClass Not Found
--181018 094528: bmNewConsultTaskClass Not Found
--181018 094528: bmRequestForCreditTaskClass Not Found
--181018 094528: operatorMyConsultTaskClass Not Found
--181018 094538: coSubmitBmTaskClass Not Found
--181018 094538: bmRejectCoSubmitTaskClass Not Found
--181018 094538: bmNewConsultTaskClass Not Found
--181018 094538: bmRequestForCreditTaskClass Not Found
--181018 094538: operatorMyConsultTaskClass Not Found
--181018 094548: coSubmitBmTaskClass Not Found
--181018 094548: bmRejectCoSubmitTaskClass Not Found
--181018 094548: bmNewConsultTaskClass Not Found
--181018 094548: bmRequestForCreditTaskClass Not Found
--181018 094548: operatorMyConsultTaskClass Not Found
--181018 094558: coSubmitBmTaskClass Not Found
--181018 094558: bmRejectCoSubmitTaskClass Not Found
--181018 094558: bmNewConsultTaskClass Not Found
--181018 094558: bmRequestForCreditTaskClass Not Found
--181018 094558: operatorMyConsultTaskClass Not Found
--181018 094608: coSubmitBmTaskClass Not Found
--181018 094608: bmRejectCoSubmitTaskClass Not Found
--181018 094608: bmNewConsultTaskClass Not Found
--181018 094608: bmRequestForCreditTaskClass Not Found
--181018 094608: operatorMyConsultTaskClass Not Found
--181018 094618: coSubmitBmTaskClass Not Found
--181018 094618: bmRejectCoSubmitTaskClass Not Found
--181018 094618: bmNewConsultTaskClass Not Found
--181018 094618: bmRequestForCreditTaskClass Not Found
--181018 094618: operatorMyConsultTaskClass Not Found
--181018 094628: coSubmitBmTaskClass Not Found
--181018 094628: bmRejectCoSubmitTaskClass Not Found
--181018 094628: bmNewConsultTaskClass Not Found
--181018 094628: bmRequestForCreditTaskClass Not Found
--181018 094628: operatorMyConsultTaskClass Not Found
--181018 094638: coSubmitBmTaskClass Not Found
--181018 094638: bmRejectCoSubmitTaskClass Not Found
--181018 094638: bmNewConsultTaskClass Not Found
--181018 094638: bmRequestForCreditTaskClass Not Found
--181018 094638: operatorMyConsultTaskClass Not Found
--181018 094648: coSubmitBmTaskClass Not Found
--181018 094648: bmRejectCoSubmitTaskClass Not Found
--181018 094648: bmNewConsultTaskClass Not Found
--181018 094648: bmRequestForCreditTaskClass Not Found
--181018 094648: operatorMyConsultTaskClass Not Found
--181018 094658: coSubmitBmTaskClass Not Found
--181018 094658: bmRejectCoSubmitTaskClass Not Found
--181018 094658: bmNewConsultTaskClass Not Found
--181018 094658: bmRequestForCreditTaskClass Not Found
--181018 094658: operatorMyConsultTaskClass Not Found
--181018 094708: coSubmitBmTaskClass Not Found
--181018 094708: bmRejectCoSubmitTaskClass Not Found
--181018 094708: bmNewConsultTaskClass Not Found
--181018 094708: bmRequestForCreditTaskClass Not Found
--181018 094708: operatorMyConsultTaskClass Not Found
--181018 094718: coSubmitBmTaskClass Not Found
--181018 094718: bmRejectCoSubmitTaskClass Not Found
--181018 094718: bmNewConsultTaskClass Not Found
--181018 094718: bmRequestForCreditTaskClass Not Found
--181018 094718: operatorMyConsultTaskClass Not Found
--181018 094728: coSubmitBmTaskClass Not Found
--181018 094728: bmRejectCoSubmitTaskClass Not Found
--181018 094728: bmNewConsultTaskClass Not Found
--181018 094728: bmRequestForCreditTaskClass Not Found
--181018 094728: operatorMyConsultTaskClass Not Found
--181018 094738: coSubmitBmTaskClass Not Found
--181018 094738: bmRejectCoSubmitTaskClass Not Found
--181018 094738: bmNewConsultTaskClass Not Found
--181018 094738: bmRequestForCreditTaskClass Not Found
--181018 094738: operatorMyConsultTaskClass Not Found
--181018 094748: coSubmitBmTaskClass Not Found
--181018 094748: bmRejectCoSubmitTaskClass Not Found
--181018 094748: bmNewConsultTaskClass Not Found
--181018 094748: bmRequestForCreditTaskClass Not Found
--181018 094748: operatorMyConsultTaskClass Not Found
--181018 094758: coSubmitBmTaskClass Not Found
--181018 094758: bmRejectCoSubmitTaskClass Not Found
--181018 094758: bmNewConsultTaskClass Not Found
--181018 094758: bmRequestForCreditTaskClass Not Found
--181018 094758: operatorMyConsultTaskClass Not Found
--181018 094808: coSubmitBmTaskClass Not Found
--181018 094808: bmRejectCoSubmitTaskClass Not Found
--181018 094808: bmNewConsultTaskClass Not Found
--181018 094808: bmRequestForCreditTaskClass Not Found
--181018 094808: operatorMyConsultTaskClass Not Found
--181018 094818: coSubmitBmTaskClass Not Found
--181018 094818: bmRejectCoSubmitTaskClass Not Found
--181018 094818: bmNewConsultTaskClass Not Found
--181018 094818: bmRequestForCreditTaskClass Not Found
--181018 094818: operatorMyConsultTaskClass Not Found
--181018 094828: coSubmitBmTaskClass Not Found
--181018 094828: bmRejectCoSubmitTaskClass Not Found
--181018 094828: bmNewConsultTaskClass Not Found
--181018 094828: bmRequestForCreditTaskClass Not Found
--181018 094828: operatorMyConsultTaskClass Not Found
--181018 094838: coSubmitBmTaskClass Not Found
--181018 094838: bmRejectCoSubmitTaskClass Not Found
--181018 094838: bmNewConsultTaskClass Not Found
--181018 094838: bmRequestForCreditTaskClass Not Found
--181018 094838: operatorMyConsultTaskClass Not Found
--181018 094848: coSubmitBmTaskClass Not Found
--181018 094848: bmRejectCoSubmitTaskClass Not Found
--181018 094848: bmNewConsultTaskClass Not Found
--181018 094848: bmRequestForCreditTaskClass Not Found
--181018 094848: operatorMyConsultTaskClass Not Found
--181018 094858: coSubmitBmTaskClass Not Found
--181018 094858: bmRejectCoSubmitTaskClass Not Found
--181018 094858: bmNewConsultTaskClass Not Found
--181018 094858: bmRequestForCreditTaskClass Not Found
--181018 094858: operatorMyConsultTaskClass Not Found
--181018 094908: coSubmitBmTaskClass Not Found
--181018 094908: bmRejectCoSubmitTaskClass Not Found
--181018 094908: bmNewConsultTaskClass Not Found
--181018 094908: bmRequestForCreditTaskClass Not Found
--181018 094908: operatorMyConsultTaskClass Not Found
--181018 094918: coSubmitBmTaskClass Not Found
--181018 094918: bmRejectCoSubmitTaskClass Not Found
--181018 094918: bmNewConsultTaskClass Not Found
--181018 094918: bmRequestForCreditTaskClass Not Found
--181018 094918: operatorMyConsultTaskClass Not Found
--181018 094928: coSubmitBmTaskClass Not Found
--181018 094928: bmRejectCoSubmitTaskClass Not Found
--181018 094928: bmNewConsultTaskClass Not Found
--181018 094928: bmRequestForCreditTaskClass Not Found
--181018 094928: operatorMyConsultTaskClass Not Found
--181018 094938: coSubmitBmTaskClass Not Found
--181018 094938: bmRejectCoSubmitTaskClass Not Found
--181018 094938: bmNewConsultTaskClass Not Found
--181018 094938: bmRequestForCreditTaskClass Not Found
--181018 094938: operatorMyConsultTaskClass Not Found
--181018 094948: coSubmitBmTaskClass Not Found
--181018 094948: bmRejectCoSubmitTaskClass Not Found
--181018 094948: bmNewConsultTaskClass Not Found
--181018 094948: bmRequestForCreditTaskClass Not Found
--181018 094948: operatorMyConsultTaskClass Not Found
--181018 094958: coSubmitBmTaskClass Not Found
--181018 094958: bmRejectCoSubmitTaskClass Not Found
--181018 094958: bmNewConsultTaskClass Not Found
--181018 094958: bmRequestForCreditTaskClass Not Found
--181018 094958: operatorMyConsultTaskClass Not Found
--181018 095008: coSubmitBmTaskClass Not Found
--181018 095008: bmRejectCoSubmitTaskClass Not Found
--181018 095008: bmNewConsultTaskClass Not Found
--181018 095008: bmRequestForCreditTaskClass Not Found
--181018 095008: operatorMyConsultTaskClass Not Found
--181018 095018: coSubmitBmTaskClass Not Found
--181018 095018: bmRejectCoSubmitTaskClass Not Found
--181018 095018: bmNewConsultTaskClass Not Found
--181018 095018: bmRequestForCreditTaskClass Not Found
--181018 095018: operatorMyConsultTaskClass Not Found
--181018 095028: coSubmitBmTaskClass Not Found
--181018 095028: bmRejectCoSubmitTaskClass Not Found
--181018 095028: bmNewConsultTaskClass Not Found
--181018 095028: bmRequestForCreditTaskClass Not Found
--181018 095028: operatorMyConsultTaskClass Not Found
--181018 095038: coSubmitBmTaskClass Not Found
--181018 095038: bmRejectCoSubmitTaskClass Not Found
--181018 095038: bmNewConsultTaskClass Not Found
--181018 095038: bmRequestForCreditTaskClass Not Found
--181018 095038: operatorMyConsultTaskClass Not Found
--181018 095048: coSubmitBmTaskClass Not Found
--181018 095048: bmRejectCoSubmitTaskClass Not Found
--181018 095048: bmNewConsultTaskClass Not Found
--181018 095048: bmRequestForCreditTaskClass Not Found
--181018 095048: operatorMyConsultTaskClass Not Found
--181018 095058: coSubmitBmTaskClass Not Found
--181018 095058: bmRejectCoSubmitTaskClass Not Found
--181018 095058: bmNewConsultTaskClass Not Found
--181018 095058: bmRequestForCreditTaskClass Not Found
--181018 095058: operatorMyConsultTaskClass Not Found
--181018 095108: coSubmitBmTaskClass Not Found
--181018 095108: bmRejectCoSubmitTaskClass Not Found
--181018 095108: bmNewConsultTaskClass Not Found
--181018 095108: bmRequestForCreditTaskClass Not Found
--181018 095108: operatorMyConsultTaskClass Not Found
--181018 095118: coSubmitBmTaskClass Not Found
--181018 095118: bmRejectCoSubmitTaskClass Not Found
--181018 095118: bmNewConsultTaskClass Not Found
--181018 095118: bmRequestForCreditTaskClass Not Found
--181018 095118: operatorMyConsultTaskClass Not Found
--181018 095128: coSubmitBmTaskClass Not Found
--181018 095128: bmRejectCoSubmitTaskClass Not Found
--181018 095128: bmNewConsultTaskClass Not Found
--181018 095128: bmRequestForCreditTaskClass Not Found
--181018 095128: operatorMyConsultTaskClass Not Found
--181018 095138: coSubmitBmTaskClass Not Found
--181018 095138: bmRejectCoSubmitTaskClass Not Found
--181018 095138: bmNewConsultTaskClass Not Found
--181018 095138: bmRequestForCreditTaskClass Not Found
--181018 095138: operatorMyConsultTaskClass Not Found
--181018 095148: coSubmitBmTaskClass Not Found
--181018 095148: bmRejectCoSubmitTaskClass Not Found
--181018 095148: bmNewConsultTaskClass Not Found
--181018 095148: bmRequestForCreditTaskClass Not Found
--181018 095148: operatorMyConsultTaskClass Not Found
--181018 095158: coSubmitBmTaskClass Not Found
--181018 095158: bmRejectCoSubmitTaskClass Not Found
--181018 095158: bmNewConsultTaskClass Not Found
--181018 095158: bmRequestForCreditTaskClass Not Found
--181018 095158: operatorMyConsultTaskClass Not Found
--181018 095208: coSubmitBmTaskClass Not Found
--181018 095208: bmRejectCoSubmitTaskClass Not Found
--181018 095208: bmNewConsultTaskClass Not Found
--181018 095208: bmRequestForCreditTaskClass Not Found
--181018 095208: operatorMyConsultTaskClass Not Found
--181018 095218: coSubmitBmTaskClass Not Found
--181018 095218: bmRejectCoSubmitTaskClass Not Found
--181018 095218: bmNewConsultTaskClass Not Found
--181018 095218: bmRequestForCreditTaskClass Not Found
--181018 095218: operatorMyConsultTaskClass Not Found
--181018 095228: coSubmitBmTaskClass Not Found
--181018 095228: bmRejectCoSubmitTaskClass Not Found
--181018 095228: bmNewConsultTaskClass Not Found
--181018 095228: bmRequestForCreditTaskClass Not Found
--181018 095228: operatorMyConsultTaskClass Not Found
--181018 095238: coSubmitBmTaskClass Not Found
--181018 095238: bmRejectCoSubmitTaskClass Not Found
--181018 095238: bmNewConsultTaskClass Not Found
--181018 095238: bmRequestForCreditTaskClass Not Found
--181018 095238: operatorMyConsultTaskClass Not Found
--181018 095248: coSubmitBmTaskClass Not Found
--181018 095248: bmRejectCoSubmitTaskClass Not Found
--181018 095248: bmNewConsultTaskClass Not Found
--181018 095248: bmRequestForCreditTaskClass Not Found
--181018 095248: operatorMyConsultTaskClass Not Found
--181018 095258: coSubmitBmTaskClass Not Found
--181018 095258: bmRejectCoSubmitTaskClass Not Found
--181018 095258: bmNewConsultTaskClass Not Found
--181018 095258: bmRequestForCreditTaskClass Not Found
--181018 095258: operatorMyConsultTaskClass Not Found
--181018 095308: coSubmitBmTaskClass Not Found
--181018 095308: bmRejectCoSubmitTaskClass Not Found
--181018 095308: bmNewConsultTaskClass Not Found
--181018 095308: bmRequestForCreditTaskClass Not Found
--181018 095308: operatorMyConsultTaskClass Not Found
--181018 095318: coSubmitBmTaskClass Not Found
--181018 095318: bmRejectCoSubmitTaskClass Not Found
--181018 095318: bmNewConsultTaskClass Not Found
--181018 095318: bmRequestForCreditTaskClass Not Found
--181018 095318: operatorMyConsultTaskClass Not Found
--181018 095328: coSubmitBmTaskClass Not Found
--181018 095328: bmRejectCoSubmitTaskClass Not Found
--181018 095328: bmNewConsultTaskClass Not Found
--181018 095328: bmRequestForCreditTaskClass Not Found
--181018 095328: operatorMyConsultTaskClass Not Found
--181018 095338: coSubmitBmTaskClass Not Found
--181018 095338: bmRejectCoSubmitTaskClass Not Found
--181018 095338: bmNewConsultTaskClass Not Found
--181018 095338: bmRequestForCreditTaskClass Not Found
--181018 095338: operatorMyConsultTaskClass Not Found
--181018 095348: coSubmitBmTaskClass Not Found
--181018 095348: bmRejectCoSubmitTaskClass Not Found
--181018 095348: bmNewConsultTaskClass Not Found
--181018 095348: bmRequestForCreditTaskClass Not Found
--181018 095348: operatorMyConsultTaskClass Not Found
--181018 095358: coSubmitBmTaskClass Not Found
--181018 095358: bmRejectCoSubmitTaskClass Not Found
--181018 095358: bmNewConsultTaskClass Not Found
--181018 095358: bmRequestForCreditTaskClass Not Found
--181018 095358: operatorMyConsultTaskClass Not Found
--181018 095408: coSubmitBmTaskClass Not Found
--181018 095408: bmRejectCoSubmitTaskClass Not Found
--181018 095408: bmNewConsultTaskClass Not Found
--181018 095408: bmRequestForCreditTaskClass Not Found
--181018 095408: operatorMyConsultTaskClass Not Found
--181018 095418: coSubmitBmTaskClass Not Found
--181018 095418: bmRejectCoSubmitTaskClass Not Found
--181018 095418: bmNewConsultTaskClass Not Found
--181018 095418: bmRequestForCreditTaskClass Not Found
--181018 095418: operatorMyConsultTaskClass Not Found
--181018 095428: coSubmitBmTaskClass Not Found
--181018 095428: bmRejectCoSubmitTaskClass Not Found
--181018 095428: bmNewConsultTaskClass Not Found
--181018 095428: bmRequestForCreditTaskClass Not Found
--181018 095428: operatorMyConsultTaskClass Not Found
--181018 095438: coSubmitBmTaskClass Not Found
--181018 095438: bmRejectCoSubmitTaskClass Not Found
--181018 095438: bmNewConsultTaskClass Not Found
--181018 095438: bmRequestForCreditTaskClass Not Found
--181018 095438: operatorMyConsultTaskClass Not Found
--181018 095448: coSubmitBmTaskClass Not Found
--181018 095448: bmRejectCoSubmitTaskClass Not Found
--181018 095448: bmNewConsultTaskClass Not Found
--181018 095448: bmRequestForCreditTaskClass Not Found
--181018 095448: operatorMyConsultTaskClass Not Found
--181018 095458: coSubmitBmTaskClass Not Found
--181018 095458: bmRejectCoSubmitTaskClass Not Found
--181018 095458: bmNewConsultTaskClass Not Found
--181018 095458: bmRequestForCreditTaskClass Not Found
--181018 095458: operatorMyConsultTaskClass Not Found
--181018 095508: coSubmitBmTaskClass Not Found
--181018 095508: bmRejectCoSubmitTaskClass Not Found
--181018 095508: bmNewConsultTaskClass Not Found
--181018 095508: bmRequestForCreditTaskClass Not Found
--181018 095508: operatorMyConsultTaskClass Not Found
--181018 095519: coSubmitBmTaskClass Not Found
--181018 095519: bmRejectCoSubmitTaskClass Not Found
--181018 095519: bmNewConsultTaskClass Not Found
--181018 095519: bmRequestForCreditTaskClass Not Found
--181018 095519: operatorMyConsultTaskClass Not Found
--181018 095529: coSubmitBmTaskClass Not Found
--181018 095529: bmRejectCoSubmitTaskClass Not Found
--181018 095529: bmNewConsultTaskClass Not Found
--181018 095529: bmRequestForCreditTaskClass Not Found
--181018 095529: operatorMyConsultTaskClass Not Found
--181018 095531: coSubmitBmTaskClass Not Found
--181018 095538: coSubmitBmTaskClass Not Found
--181018 095538: bmRejectCoSubmitTaskClass Not Found
--181018 095538: bmNewConsultTaskClass Not Found
--181018 095538: bmRequestForCreditTaskClass Not Found
--181018 095538: operatorMyConsultTaskClass Not Found
--181018 095548: coSubmitBmTaskClass Not Found
--181018 095548: bmRejectCoSubmitTaskClass Not Found
--181018 095548: bmNewConsultTaskClass Not Found
--181018 095548: bmRequestForCreditTaskClass Not Found
--181018 095548: operatorMyConsultTaskClass Not Found
--181018 095558: coSubmitBmTaskClass Not Found
--181018 095558: bmRejectCoSubmitTaskClass Not Found
--181018 095558: bmNewConsultTaskClass Not Found
--181018 095558: bmRequestForCreditTaskClass Not Found
--181018 095558: operatorMyConsultTaskClass Not Found
--181018 095608: coSubmitBmTaskClass Not Found
--181018 095608: bmRejectCoSubmitTaskClass Not Found
--181018 095608: bmNewConsultTaskClass Not Found
--181018 095608: bmRequestForCreditTaskClass Not Found
--181018 095608: operatorMyConsultTaskClass Not Found
--181018 095618: coSubmitBmTaskClass Not Found
--181018 095618: bmRejectCoSubmitTaskClass Not Found
--181018 095618: bmNewConsultTaskClass Not Found
--181018 095618: bmRequestForCreditTaskClass Not Found
--181018 095618: operatorMyConsultTaskClass Not Found
--181018 095628: coSubmitBmTaskClass Not Found
--181018 095628: bmRejectCoSubmitTaskClass Not Found
--181018 095628: bmNewConsultTaskClass Not Found
--181018 095628: bmRequestForCreditTaskClass Not Found
--181018 095628: operatorMyConsultTaskClass Not Found
--181018 095638: coSubmitBmTaskClass Not Found
--181018 095638: bmRejectCoSubmitTaskClass Not Found
--181018 095638: bmNewConsultTaskClass Not Found
--181018 095638: bmRequestForCreditTaskClass Not Found
--181018 095638: operatorMyConsultTaskClass Not Found
--181018 095648: coSubmitBmTaskClass Not Found
--181018 095648: bmRejectCoSubmitTaskClass Not Found
--181018 095648: bmNewConsultTaskClass Not Found
--181018 095648: bmRequestForCreditTaskClass Not Found
--181018 095648: operatorMyConsultTaskClass Not Found
--181018 095658: coSubmitBmTaskClass Not Found
--181018 095658: bmRejectCoSubmitTaskClass Not Found
--181018 095658: bmNewConsultTaskClass Not Found
--181018 095658: bmRequestForCreditTaskClass Not Found
--181018 095658: operatorMyConsultTaskClass Not Found
--181018 095708: coSubmitBmTaskClass Not Found
--181018 095708: bmRejectCoSubmitTaskClass Not Found
--181018 095708: bmNewConsultTaskClass Not Found
--181018 095708: bmRequestForCreditTaskClass Not Found
--181018 095708: operatorMyConsultTaskClass Not Found
--181018 095718: coSubmitBmTaskClass Not Found
--181018 095718: bmRejectCoSubmitTaskClass Not Found
--181018 095718: bmNewConsultTaskClass Not Found
--181018 095718: bmRequestForCreditTaskClass Not Found
--181018 095718: operatorMyConsultTaskClass Not Found
--181018 095728: coSubmitBmTaskClass Not Found
--181018 095728: bmRejectCoSubmitTaskClass Not Found
--181018 095728: bmNewConsultTaskClass Not Found
--181018 095728: bmRequestForCreditTaskClass Not Found
--181018 095728: operatorMyConsultTaskClass Not Found
--181018 095738: coSubmitBmTaskClass Not Found
--181018 095738: bmRejectCoSubmitTaskClass Not Found
--181018 095738: bmNewConsultTaskClass Not Found
--181018 095738: bmRequestForCreditTaskClass Not Found
--181018 095738: operatorMyConsultTaskClass Not Found
--181018 095748: coSubmitBmTaskClass Not Found
--181018 095748: bmRejectCoSubmitTaskClass Not Found
--181018 095748: bmNewConsultTaskClass Not Found
--181018 095748: bmRequestForCreditTaskClass Not Found
--181018 095748: operatorMyConsultTaskClass Not Found
--181018 095758: coSubmitBmTaskClass Not Found
--181018 095758: bmRejectCoSubmitTaskClass Not Found
--181018 095758: bmNewConsultTaskClass Not Found
--181018 095758: bmRequestForCreditTaskClass Not Found
--181018 095758: operatorMyConsultTaskClass Not Found
--181018 095808: coSubmitBmTaskClass Not Found
--181018 095808: bmRejectCoSubmitTaskClass Not Found
--181018 095808: bmNewConsultTaskClass Not Found
--181018 095808: bmRequestForCreditTaskClass Not Found
--181018 095808: operatorMyConsultTaskClass Not Found
--181018 095818: coSubmitBmTaskClass Not Found
--181018 095818: bmRejectCoSubmitTaskClass Not Found
--181018 095818: bmNewConsultTaskClass Not Found
--181018 095818: bmRequestForCreditTaskClass Not Found
--181018 095818: operatorMyConsultTaskClass Not Found
--181018 095828: coSubmitBmTaskClass Not Found
--181018 095828: bmRejectCoSubmitTaskClass Not Found
--181018 095828: bmNewConsultTaskClass Not Found
--181018 095828: bmRequestForCreditTaskClass Not Found
--181018 095828: operatorMyConsultTaskClass Not Found
--181018 095838: coSubmitBmTaskClass Not Found
--181018 095838: bmRejectCoSubmitTaskClass Not Found
--181018 095838: bmNewConsultTaskClass Not Found
--181018 095838: bmRequestForCreditTaskClass Not Found
--181018 095838: operatorMyConsultTaskClass Not Found
--181018 095848: coSubmitBmTaskClass Not Found
--181018 095848: bmRejectCoSubmitTaskClass Not Found
--181018 095848: bmNewConsultTaskClass Not Found
--181018 095848: bmRequestForCreditTaskClass Not Found
--181018 095848: operatorMyConsultTaskClass Not Found
--181018 095858: coSubmitBmTaskClass Not Found
--181018 095858: bmRejectCoSubmitTaskClass Not Found
--181018 095858: bmNewConsultTaskClass Not Found
--181018 095858: bmRequestForCreditTaskClass Not Found
--181018 095858: operatorMyConsultTaskClass Not Found
--181018 095908: coSubmitBmTaskClass Not Found
--181018 095908: bmRejectCoSubmitTaskClass Not Found
--181018 095908: bmNewConsultTaskClass Not Found
--181018 095908: bmRequestForCreditTaskClass Not Found
--181018 095908: operatorMyConsultTaskClass Not Found
--181018 095918: coSubmitBmTaskClass Not Found
--181018 095918: bmRejectCoSubmitTaskClass Not Found
--181018 095918: bmNewConsultTaskClass Not Found
--181018 095918: bmRequestForCreditTaskClass Not Found
--181018 095918: operatorMyConsultTaskClass Not Found
--181018 095928: coSubmitBmTaskClass Not Found
--181018 095928: bmRejectCoSubmitTaskClass Not Found
--181018 095928: bmNewConsultTaskClass Not Found
--181018 095928: bmRequestForCreditTaskClass Not Found
--181018 095928: operatorMyConsultTaskClass Not Found
--181018 095938: coSubmitBmTaskClass Not Found
--181018 095938: bmRejectCoSubmitTaskClass Not Found
--181018 095938: bmNewConsultTaskClass Not Found
--181018 095938: bmRequestForCreditTaskClass Not Found
--181018 095938: operatorMyConsultTaskClass Not Found
--181018 095948: coSubmitBmTaskClass Not Found
--181018 095948: bmRejectCoSubmitTaskClass Not Found
--181018 095948: bmNewConsultTaskClass Not Found
--181018 095948: bmRequestForCreditTaskClass Not Found
--181018 095948: operatorMyConsultTaskClass Not Found
--181018 095958: coSubmitBmTaskClass Not Found
--181018 095958: bmRejectCoSubmitTaskClass Not Found
--181018 095958: bmNewConsultTaskClass Not Found
--181018 095958: bmRequestForCreditTaskClass Not Found
--181018 095958: operatorMyConsultTaskClass Not Found
--181018 100008: coSubmitBmTaskClass Not Found
--181018 100008: bmRejectCoSubmitTaskClass Not Found
--181018 100008: bmNewConsultTaskClass Not Found
--181018 100008: bmRequestForCreditTaskClass Not Found
--181018 100008: operatorMyConsultTaskClass Not Found
--181018 100018: coSubmitBmTaskClass Not Found
--181018 100018: bmRejectCoSubmitTaskClass Not Found
--181018 100018: bmNewConsultTaskClass Not Found
--181018 100018: bmRequestForCreditTaskClass Not Found
--181018 100018: operatorMyConsultTaskClass Not Found
--181018 100028: coSubmitBmTaskClass Not Found
--181018 100028: bmRejectCoSubmitTaskClass Not Found
--181018 100028: bmNewConsultTaskClass Not Found
--181018 100028: bmRequestForCreditTaskClass Not Found
--181018 100028: operatorMyConsultTaskClass Not Found
--181018 100038: coSubmitBmTaskClass Not Found
--181018 100038: bmRejectCoSubmitTaskClass Not Found
--181018 100038: bmNewConsultTaskClass Not Found
--181018 100038: bmRequestForCreditTaskClass Not Found
--181018 100038: operatorMyConsultTaskClass Not Found
--181018 100048: coSubmitBmTaskClass Not Found
--181018 100048: bmRejectCoSubmitTaskClass Not Found
--181018 100048: bmNewConsultTaskClass Not Found
--181018 100048: bmRequestForCreditTaskClass Not Found
--181018 100048: operatorMyConsultTaskClass Not Found
--181018 100058: coSubmitBmTaskClass Not Found
--181018 100058: bmRejectCoSubmitTaskClass Not Found
--181018 100058: bmNewConsultTaskClass Not Found
--181018 100058: bmRequestForCreditTaskClass Not Found
--181018 100058: operatorMyConsultTaskClass Not Found
--181018 100108: coSubmitBmTaskClass Not Found
--181018 100108: bmRejectCoSubmitTaskClass Not Found
--181018 100108: bmNewConsultTaskClass Not Found
--181018 100108: bmRequestForCreditTaskClass Not Found
--181018 100108: operatorMyConsultTaskClass Not Found
--181018 100118: coSubmitBmTaskClass Not Found
--181018 100118: bmRejectCoSubmitTaskClass Not Found
--181018 100118: bmNewConsultTaskClass Not Found
--181018 100118: bmRequestForCreditTaskClass Not Found
--181018 100118: operatorMyConsultTaskClass Not Found
--181018 100128: coSubmitBmTaskClass Not Found
--181018 100128: bmRejectCoSubmitTaskClass Not Found
--181018 100128: bmNewConsultTaskClass Not Found
--181018 100128: bmRequestForCreditTaskClass Not Found
--181018 100128: operatorMyConsultTaskClass Not Found
--181018 100138: coSubmitBmTaskClass Not Found
--181018 100138: bmRejectCoSubmitTaskClass Not Found
--181018 100138: bmNewConsultTaskClass Not Found
--181018 100138: bmRequestForCreditTaskClass Not Found
--181018 100138: operatorMyConsultTaskClass Not Found
--181018 100148: coSubmitBmTaskClass Not Found
--181018 100148: bmRejectCoSubmitTaskClass Not Found
--181018 100148: bmNewConsultTaskClass Not Found
--181018 100148: bmRequestForCreditTaskClass Not Found
--181018 100148: operatorMyConsultTaskClass Not Found
--181018 100158: coSubmitBmTaskClass Not Found
--181018 100158: bmRejectCoSubmitTaskClass Not Found
--181018 100158: bmNewConsultTaskClass Not Found
--181018 100158: bmRequestForCreditTaskClass Not Found
--181018 100158: operatorMyConsultTaskClass Not Found
--181018 100208: coSubmitBmTaskClass Not Found
--181018 100208: bmRejectCoSubmitTaskClass Not Found
--181018 100208: bmNewConsultTaskClass Not Found
--181018 100208: bmRequestForCreditTaskClass Not Found
--181018 100208: operatorMyConsultTaskClass Not Found
--181018 100218: coSubmitBmTaskClass Not Found
--181018 100218: bmRejectCoSubmitTaskClass Not Found
--181018 100218: bmNewConsultTaskClass Not Found
--181018 100218: bmRequestForCreditTaskClass Not Found
--181018 100218: operatorMyConsultTaskClass Not Found
--181018 100228: coSubmitBmTaskClass Not Found
--181018 100228: bmRejectCoSubmitTaskClass Not Found
--181018 100228: bmNewConsultTaskClass Not Found
--181018 100228: bmRequestForCreditTaskClass Not Found
--181018 100228: operatorMyConsultTaskClass Not Found
--181018 100238: coSubmitBmTaskClass Not Found
--181018 100238: bmRejectCoSubmitTaskClass Not Found
--181018 100238: bmNewConsultTaskClass Not Found
--181018 100238: bmRequestForCreditTaskClass Not Found
--181018 100238: operatorMyConsultTaskClass Not Found
--181018 100248: coSubmitBmTaskClass Not Found
--181018 100248: bmRejectCoSubmitTaskClass Not Found
--181018 100248: bmNewConsultTaskClass Not Found
--181018 100248: bmRequestForCreditTaskClass Not Found
--181018 100248: operatorMyConsultTaskClass Not Found
--181018 100258: coSubmitBmTaskClass Not Found
--181018 100258: bmRejectCoSubmitTaskClass Not Found
--181018 100258: bmNewConsultTaskClass Not Found
--181018 100258: bmRequestForCreditTaskClass Not Found
--181018 100258: operatorMyConsultTaskClass Not Found
--181018 100309: coSubmitBmTaskClass Not Found
--181018 100309: bmRejectCoSubmitTaskClass Not Found
--181018 100309: bmNewConsultTaskClass Not Found
--181018 100309: bmRequestForCreditTaskClass Not Found
--181018 100309: operatorMyConsultTaskClass Not Found
--181018 100318: coSubmitBmTaskClass Not Found
--181018 100318: bmRejectCoSubmitTaskClass Not Found
--181018 100318: bmNewConsultTaskClass Not Found
--181018 100318: bmRequestForCreditTaskClass Not Found
--181018 100318: operatorMyConsultTaskClass Not Found
--181018 100328: coSubmitBmTaskClass Not Found
--181018 100328: bmRejectCoSubmitTaskClass Not Found
--181018 100328: bmNewConsultTaskClass Not Found
--181018 100328: bmRequestForCreditTaskClass Not Found
--181018 100328: operatorMyConsultTaskClass Not Found
--181018 100338: coSubmitBmTaskClass Not Found
--181018 100338: bmRejectCoSubmitTaskClass Not Found
--181018 100338: bmNewConsultTaskClass Not Found
--181018 100338: bmRequestForCreditTaskClass Not Found
--181018 100338: operatorMyConsultTaskClass Not Found
--181018 100348: coSubmitBmTaskClass Not Found
--181018 100348: bmRejectCoSubmitTaskClass Not Found
--181018 100348: bmNewConsultTaskClass Not Found
--181018 100348: bmRequestForCreditTaskClass Not Found
--181018 100349: operatorMyConsultTaskClass Not Found
--181018 100358: coSubmitBmTaskClass Not Found
--181018 100358: bmRejectCoSubmitTaskClass Not Found
--181018 100358: bmNewConsultTaskClass Not Found
--181018 100358: bmRequestForCreditTaskClass Not Found
--181018 100358: operatorMyConsultTaskClass Not Found
--181018 100408: coSubmitBmTaskClass Not Found
--181018 100408: bmRejectCoSubmitTaskClass Not Found
--181018 100408: bmNewConsultTaskClass Not Found
--181018 100408: bmRequestForCreditTaskClass Not Found
--181018 100408: operatorMyConsultTaskClass Not Found
--181018 100418: coSubmitBmTaskClass Not Found
--181018 100418: bmRejectCoSubmitTaskClass Not Found
--181018 100418: bmNewConsultTaskClass Not Found
--181018 100418: bmRequestForCreditTaskClass Not Found
--181018 100418: operatorMyConsultTaskClass Not Found
--181018 100428: coSubmitBmTaskClass Not Found
--181018 100428: bmRejectCoSubmitTaskClass Not Found
--181018 100428: bmNewConsultTaskClass Not Found
--181018 100428: bmRequestForCreditTaskClass Not Found
--181018 100428: operatorMyConsultTaskClass Not Found
--181018 100438: coSubmitBmTaskClass Not Found
--181018 100438: bmRejectCoSubmitTaskClass Not Found
--181018 100438: bmNewConsultTaskClass Not Found
--181018 100438: bmRequestForCreditTaskClass Not Found
--181018 100438: operatorMyConsultTaskClass Not Found
--181018 100448: coSubmitBmTaskClass Not Found
--181018 100448: bmRejectCoSubmitTaskClass Not Found
--181018 100448: bmNewConsultTaskClass Not Found
--181018 100448: bmRequestForCreditTaskClass Not Found
--181018 100448: operatorMyConsultTaskClass Not Found
--181018 100458: coSubmitBmTaskClass Not Found
--181018 100458: bmRejectCoSubmitTaskClass Not Found
--181018 100458: bmNewConsultTaskClass Not Found
--181018 100458: bmRequestForCreditTaskClass Not Found
--181018 100458: operatorMyConsultTaskClass Not Found
--181018 100508: coSubmitBmTaskClass Not Found
--181018 100508: bmRejectCoSubmitTaskClass Not Found
--181018 100508: bmNewConsultTaskClass Not Found
--181018 100508: bmRequestForCreditTaskClass Not Found
--181018 100508: operatorMyConsultTaskClass Not Found
--181018 100518: coSubmitBmTaskClass Not Found
--181018 100518: bmRejectCoSubmitTaskClass Not Found
--181018 100518: bmNewConsultTaskClass Not Found
--181018 100518: bmRequestForCreditTaskClass Not Found
--181018 100518: operatorMyConsultTaskClass Not Found
--181018 100528: coSubmitBmTaskClass Not Found
--181018 100528: bmRejectCoSubmitTaskClass Not Found
--181018 100528: bmNewConsultTaskClass Not Found
--181018 100528: bmRequestForCreditTaskClass Not Found
--181018 100528: operatorMyConsultTaskClass Not Found
--181018 100538: coSubmitBmTaskClass Not Found
--181018 100538: bmRejectCoSubmitTaskClass Not Found
--181018 100538: bmNewConsultTaskClass Not Found
--181018 100538: bmRequestForCreditTaskClass Not Found
--181018 100538: operatorMyConsultTaskClass Not Found
--181018 100548: coSubmitBmTaskClass Not Found
--181018 100548: bmRejectCoSubmitTaskClass Not Found
--181018 100548: bmNewConsultTaskClass Not Found
--181018 100548: bmRequestForCreditTaskClass Not Found
--181018 100548: operatorMyConsultTaskClass Not Found
--181018 100558: coSubmitBmTaskClass Not Found
--181018 100558: bmRejectCoSubmitTaskClass Not Found
--181018 100558: bmNewConsultTaskClass Not Found
--181018 100558: bmRequestForCreditTaskClass Not Found
--181018 100558: operatorMyConsultTaskClass Not Found
--181018 100608: coSubmitBmTaskClass Not Found
--181018 100608: bmRejectCoSubmitTaskClass Not Found
--181018 100608: bmNewConsultTaskClass Not Found
--181018 100608: bmRequestForCreditTaskClass Not Found
--181018 100608: operatorMyConsultTaskClass Not Found
--181018 100618: coSubmitBmTaskClass Not Found
--181018 100618: bmRejectCoSubmitTaskClass Not Found
--181018 100618: bmNewConsultTaskClass Not Found
--181018 100618: bmRequestForCreditTaskClass Not Found
--181018 100618: operatorMyConsultTaskClass Not Found
--181018 100628: coSubmitBmTaskClass Not Found
--181018 100628: bmRejectCoSubmitTaskClass Not Found
--181018 100628: bmNewConsultTaskClass Not Found
--181018 100628: bmRequestForCreditTaskClass Not Found
--181018 100628: operatorMyConsultTaskClass Not Found
--181018 100638: coSubmitBmTaskClass Not Found
--181018 100638: bmRejectCoSubmitTaskClass Not Found
--181018 100638: bmNewConsultTaskClass Not Found
--181018 100638: bmRequestForCreditTaskClass Not Found
--181018 100638: operatorMyConsultTaskClass Not Found
--181018 100648: coSubmitBmTaskClass Not Found
--181018 100648: bmRejectCoSubmitTaskClass Not Found
--181018 100648: bmNewConsultTaskClass Not Found
--181018 100648: bmRequestForCreditTaskClass Not Found
--181018 100648: operatorMyConsultTaskClass Not Found
--181018 100658: coSubmitBmTaskClass Not Found
--181018 100658: bmRejectCoSubmitTaskClass Not Found
--181018 100658: bmNewConsultTaskClass Not Found
--181018 100658: bmRequestForCreditTaskClass Not Found
--181018 100658: operatorMyConsultTaskClass Not Found
--181018 100708: coSubmitBmTaskClass Not Found
--181018 100708: bmRejectCoSubmitTaskClass Not Found
--181018 100708: bmNewConsultTaskClass Not Found
--181018 100708: bmRequestForCreditTaskClass Not Found
--181018 100708: operatorMyConsultTaskClass Not Found
--181018 100718: coSubmitBmTaskClass Not Found
--181018 100718: bmRejectCoSubmitTaskClass Not Found
--181018 100718: bmNewConsultTaskClass Not Found
--181018 100718: bmRequestForCreditTaskClass Not Found
--181018 100718: operatorMyConsultTaskClass Not Found
--181018 100728: coSubmitBmTaskClass Not Found
--181018 100728: bmRejectCoSubmitTaskClass Not Found
--181018 100728: bmNewConsultTaskClass Not Found
--181018 100728: bmRequestForCreditTaskClass Not Found
--181018 100728: operatorMyConsultTaskClass Not Found
--181018 100738: coSubmitBmTaskClass Not Found
--181018 100738: bmRejectCoSubmitTaskClass Not Found
--181018 100738: bmNewConsultTaskClass Not Found
--181018 100738: bmRequestForCreditTaskClass Not Found
--181018 100738: operatorMyConsultTaskClass Not Found
--181018 100748: coSubmitBmTaskClass Not Found
--181018 100748: bmRejectCoSubmitTaskClass Not Found
--181018 100748: bmNewConsultTaskClass Not Found
--181018 100748: bmRequestForCreditTaskClass Not Found
--181018 100748: operatorMyConsultTaskClass Not Found
--181018 100758: coSubmitBmTaskClass Not Found
--181018 100758: bmRejectCoSubmitTaskClass Not Found
--181018 100758: bmNewConsultTaskClass Not Found
--181018 100758: bmRequestForCreditTaskClass Not Found
--181018 100758: operatorMyConsultTaskClass Not Found
--181018 100808: coSubmitBmTaskClass Not Found
--181018 100808: bmRejectCoSubmitTaskClass Not Found
--181018 100808: bmNewConsultTaskClass Not Found
--181018 100808: bmRequestForCreditTaskClass Not Found
--181018 100808: operatorMyConsultTaskClass Not Found
--181018 100818: coSubmitBmTaskClass Not Found
--181018 100818: bmRejectCoSubmitTaskClass Not Found
--181018 100818: bmNewConsultTaskClass Not Found
--181018 100818: bmRequestForCreditTaskClass Not Found
--181018 100818: operatorMyConsultTaskClass Not Found
--181018 100828: coSubmitBmTaskClass Not Found
--181018 100828: bmRejectCoSubmitTaskClass Not Found
--181018 100828: bmNewConsultTaskClass Not Found
--181018 100828: bmRequestForCreditTaskClass Not Found
--181018 100828: operatorMyConsultTaskClass Not Found
--181018 100838: coSubmitBmTaskClass Not Found
--181018 100838: bmRejectCoSubmitTaskClass Not Found
--181018 100838: bmNewConsultTaskClass Not Found
--181018 100838: bmRequestForCreditTaskClass Not Found
--181018 100838: operatorMyConsultTaskClass Not Found
--181018 100848: coSubmitBmTaskClass Not Found
--181018 100848: bmRejectCoSubmitTaskClass Not Found
--181018 100848: bmNewConsultTaskClass Not Found
--181018 100848: bmRequestForCreditTaskClass Not Found
--181018 100848: operatorMyConsultTaskClass Not Found
--181018 100858: coSubmitBmTaskClass Not Found
--181018 100858: bmRejectCoSubmitTaskClass Not Found
--181018 100858: bmNewConsultTaskClass Not Found
--181018 100858: bmRequestForCreditTaskClass Not Found
--181018 100858: operatorMyConsultTaskClass Not Found
--181018 100908: coSubmitBmTaskClass Not Found
--181018 100908: bmRejectCoSubmitTaskClass Not Found
--181018 100908: bmNewConsultTaskClass Not Found
--181018 100908: bmRequestForCreditTaskClass Not Found
--181018 100908: operatorMyConsultTaskClass Not Found
--181018 100918: coSubmitBmTaskClass Not Found
--181018 100918: bmRejectCoSubmitTaskClass Not Found
--181018 100918: bmNewConsultTaskClass Not Found
--181018 100918: bmRequestForCreditTaskClass Not Found
--181018 100918: operatorMyConsultTaskClass Not Found
--181018 100928: coSubmitBmTaskClass Not Found
--181018 100928: bmRejectCoSubmitTaskClass Not Found
--181018 100928: bmNewConsultTaskClass Not Found
--181018 100928: bmRequestForCreditTaskClass Not Found
--181018 100928: operatorMyConsultTaskClass Not Found
--181018 100938: coSubmitBmTaskClass Not Found
--181018 100938: bmRejectCoSubmitTaskClass Not Found
--181018 100938: bmNewConsultTaskClass Not Found
--181018 100938: bmRequestForCreditTaskClass Not Found
--181018 100938: operatorMyConsultTaskClass Not Found
--181018 100948: coSubmitBmTaskClass Not Found
--181018 100948: bmRejectCoSubmitTaskClass Not Found
--181018 100948: bmNewConsultTaskClass Not Found
--181018 100948: bmRequestForCreditTaskClass Not Found
--181018 100948: operatorMyConsultTaskClass Not Found
--181018 100958: coSubmitBmTaskClass Not Found
--181018 100958: bmRejectCoSubmitTaskClass Not Found
--181018 100958: bmNewConsultTaskClass Not Found
--181018 100958: bmRequestForCreditTaskClass Not Found
--181018 100958: operatorMyConsultTaskClass Not Found
--181018 101008: coSubmitBmTaskClass Not Found
--181018 101008: bmRejectCoSubmitTaskClass Not Found
--181018 101008: bmNewConsultTaskClass Not Found
--181018 101008: bmRequestForCreditTaskClass Not Found
--181018 101008: operatorMyConsultTaskClass Not Found
--181018 101018: coSubmitBmTaskClass Not Found
--181018 101018: bmRejectCoSubmitTaskClass Not Found
--181018 101018: bmNewConsultTaskClass Not Found
--181018 101018: bmRequestForCreditTaskClass Not Found
--181018 101018: operatorMyConsultTaskClass Not Found
--181018 101028: coSubmitBmTaskClass Not Found
--181018 101028: bmRejectCoSubmitTaskClass Not Found
--181018 101028: bmNewConsultTaskClass Not Found
--181018 101028: bmRequestForCreditTaskClass Not Found
--181018 101028: operatorMyConsultTaskClass Not Found
--181018 101038: coSubmitBmTaskClass Not Found
--181018 101038: bmRejectCoSubmitTaskClass Not Found
--181018 101038: bmNewConsultTaskClass Not Found
--181018 101038: bmRequestForCreditTaskClass Not Found
--181018 101038: operatorMyConsultTaskClass Not Found
--181018 101048: coSubmitBmTaskClass Not Found
--181018 101048: bmRejectCoSubmitTaskClass Not Found
--181018 101048: bmNewConsultTaskClass Not Found
--181018 101048: bmRequestForCreditTaskClass Not Found
--181018 101048: operatorMyConsultTaskClass Not Found
--181018 101058: coSubmitBmTaskClass Not Found
--181018 101058: bmRejectCoSubmitTaskClass Not Found
--181018 101058: bmNewConsultTaskClass Not Found
--181018 101058: bmRequestForCreditTaskClass Not Found
--181018 101058: operatorMyConsultTaskClass Not Found
--181018 101108: coSubmitBmTaskClass Not Found
--181018 101108: bmRejectCoSubmitTaskClass Not Found
--181018 101108: bmNewConsultTaskClass Not Found
--181018 101108: bmRequestForCreditTaskClass Not Found
--181018 101108: operatorMyConsultTaskClass Not Found
--181018 101118: coSubmitBmTaskClass Not Found
--181018 101118: bmRejectCoSubmitTaskClass Not Found
--181018 101118: bmNewConsultTaskClass Not Found
--181018 101118: bmRequestForCreditTaskClass Not Found
--181018 101118: operatorMyConsultTaskClass Not Found
--181018 101128: coSubmitBmTaskClass Not Found
--181018 101128: bmRejectCoSubmitTaskClass Not Found
--181018 101128: bmNewConsultTaskClass Not Found
--181018 101128: bmRequestForCreditTaskClass Not Found
--181018 101128: operatorMyConsultTaskClass Not Found
--181018 101138: coSubmitBmTaskClass Not Found
--181018 101138: bmRejectCoSubmitTaskClass Not Found
--181018 101138: bmNewConsultTaskClass Not Found
--181018 101138: bmRequestForCreditTaskClass Not Found
--181018 101138: operatorMyConsultTaskClass Not Found
--181018 101148: coSubmitBmTaskClass Not Found
--181018 101148: bmRejectCoSubmitTaskClass Not Found
--181018 101148: bmNewConsultTaskClass Not Found
--181018 101148: bmRequestForCreditTaskClass Not Found
--181018 101148: operatorMyConsultTaskClass Not Found
--181018 101158: coSubmitBmTaskClass Not Found
--181018 101158: bmRejectCoSubmitTaskClass Not Found
--181018 101158: bmNewConsultTaskClass Not Found
--181018 101158: bmRequestForCreditTaskClass Not Found
--181018 101158: operatorMyConsultTaskClass Not Found
--181018 101208: coSubmitBmTaskClass Not Found
--181018 101208: bmRejectCoSubmitTaskClass Not Found
--181018 101208: bmNewConsultTaskClass Not Found
--181018 101208: bmRequestForCreditTaskClass Not Found
--181018 101208: operatorMyConsultTaskClass Not Found
--181018 101218: coSubmitBmTaskClass Not Found
--181018 101218: bmRejectCoSubmitTaskClass Not Found
--181018 101218: bmNewConsultTaskClass Not Found
--181018 101218: bmRequestForCreditTaskClass Not Found
--181018 101218: operatorMyConsultTaskClass Not Found
--181018 101228: coSubmitBmTaskClass Not Found
--181018 101228: bmRejectCoSubmitTaskClass Not Found
--181018 101228: bmNewConsultTaskClass Not Found
--181018 101228: bmRequestForCreditTaskClass Not Found
--181018 101228: operatorMyConsultTaskClass Not Found
--181018 101238: coSubmitBmTaskClass Not Found
--181018 101238: bmRejectCoSubmitTaskClass Not Found
--181018 101238: bmNewConsultTaskClass Not Found
--181018 101238: bmRequestForCreditTaskClass Not Found
--181018 101238: operatorMyConsultTaskClass Not Found
--181018 101248: coSubmitBmTaskClass Not Found
--181018 101248: bmRejectCoSubmitTaskClass Not Found
--181018 101248: bmNewConsultTaskClass Not Found
--181018 101248: bmRequestForCreditTaskClass Not Found
--181018 101248: operatorMyConsultTaskClass Not Found
--181018 101258: coSubmitBmTaskClass Not Found
--181018 101258: bmRejectCoSubmitTaskClass Not Found
--181018 101258: bmNewConsultTaskClass Not Found
--181018 101258: bmRequestForCreditTaskClass Not Found
--181018 101258: operatorMyConsultTaskClass Not Found
--181018 101308: coSubmitBmTaskClass Not Found
--181018 101308: bmRejectCoSubmitTaskClass Not Found
--181018 101308: bmNewConsultTaskClass Not Found
--181018 101308: bmRequestForCreditTaskClass Not Found
--181018 101308: operatorMyConsultTaskClass Not Found
--181018 101318: coSubmitBmTaskClass Not Found
--181018 101318: bmRejectCoSubmitTaskClass Not Found
--181018 101318: bmNewConsultTaskClass Not Found
--181018 101318: bmRequestForCreditTaskClass Not Found
--181018 101318: operatorMyConsultTaskClass Not Found
--181018 101328: coSubmitBmTaskClass Not Found
--181018 101328: bmRejectCoSubmitTaskClass Not Found
--181018 101328: bmNewConsultTaskClass Not Found
--181018 101328: bmRequestForCreditTaskClass Not Found
--181018 101328: operatorMyConsultTaskClass Not Found
--181018 101338: coSubmitBmTaskClass Not Found
--181018 101338: bmRejectCoSubmitTaskClass Not Found
--181018 101338: bmNewConsultTaskClass Not Found
--181018 101338: bmRequestForCreditTaskClass Not Found
--181018 101338: operatorMyConsultTaskClass Not Found
--181018 101348: coSubmitBmTaskClass Not Found
--181018 101348: bmRejectCoSubmitTaskClass Not Found
--181018 101348: bmNewConsultTaskClass Not Found
--181018 101348: bmRequestForCreditTaskClass Not Found
--181018 101348: operatorMyConsultTaskClass Not Found
--181018 101358: coSubmitBmTaskClass Not Found
--181018 101358: bmRejectCoSubmitTaskClass Not Found
--181018 101358: bmNewConsultTaskClass Not Found
--181018 101358: bmRequestForCreditTaskClass Not Found
--181018 101358: operatorMyConsultTaskClass Not Found
--181018 101408: coSubmitBmTaskClass Not Found
--181018 101408: bmRejectCoSubmitTaskClass Not Found
--181018 101408: bmNewConsultTaskClass Not Found
--181018 101408: bmRequestForCreditTaskClass Not Found
--181018 101408: operatorMyConsultTaskClass Not Found
--181018 101418: coSubmitBmTaskClass Not Found
--181018 101418: bmRejectCoSubmitTaskClass Not Found
--181018 101418: bmNewConsultTaskClass Not Found
--181018 101418: bmRequestForCreditTaskClass Not Found
--181018 101418: operatorMyConsultTaskClass Not Found
--181018 101428: coSubmitBmTaskClass Not Found
--181018 101428: bmRejectCoSubmitTaskClass Not Found
--181018 101428: bmNewConsultTaskClass Not Found
--181018 101428: bmRequestForCreditTaskClass Not Found
--181018 101428: operatorMyConsultTaskClass Not Found
--181018 101438: coSubmitBmTaskClass Not Found
--181018 101438: bmRejectCoSubmitTaskClass Not Found
--181018 101438: bmNewConsultTaskClass Not Found
--181018 101438: bmRequestForCreditTaskClass Not Found
--181018 101438: operatorMyConsultTaskClass Not Found
--181018 101448: coSubmitBmTaskClass Not Found
--181018 101448: bmRejectCoSubmitTaskClass Not Found
--181018 101448: bmNewConsultTaskClass Not Found
--181018 101448: bmRequestForCreditTaskClass Not Found
--181018 101448: operatorMyConsultTaskClass Not Found
--181018 101458: coSubmitBmTaskClass Not Found
--181018 101458: bmRejectCoSubmitTaskClass Not Found
--181018 101458: bmNewConsultTaskClass Not Found
--181018 101458: bmRequestForCreditTaskClass Not Found
--181018 101458: operatorMyConsultTaskClass Not Found
--181018 101508: coSubmitBmTaskClass Not Found
--181018 101508: bmRejectCoSubmitTaskClass Not Found
--181018 101508: bmNewConsultTaskClass Not Found
--181018 101508: bmRequestForCreditTaskClass Not Found
--181018 101508: operatorMyConsultTaskClass Not Found
--181018 101518: coSubmitBmTaskClass Not Found
--181018 101518: bmRejectCoSubmitTaskClass Not Found
--181018 101518: bmNewConsultTaskClass Not Found
--181018 101518: bmRequestForCreditTaskClass Not Found
--181018 101518: operatorMyConsultTaskClass Not Found
--181018 101528: coSubmitBmTaskClass Not Found
--181018 101528: bmRejectCoSubmitTaskClass Not Found
--181018 101528: bmNewConsultTaskClass Not Found
--181018 101528: bmRequestForCreditTaskClass Not Found
--181018 101528: operatorMyConsultTaskClass Not Found
--181018 101538: coSubmitBmTaskClass Not Found
--181018 101538: bmRejectCoSubmitTaskClass Not Found
--181018 101538: bmNewConsultTaskClass Not Found
--181018 101538: bmRequestForCreditTaskClass Not Found
--181018 101538: operatorMyConsultTaskClass Not Found
--181018 101548: coSubmitBmTaskClass Not Found
--181018 101548: bmRejectCoSubmitTaskClass Not Found
--181018 101548: bmNewConsultTaskClass Not Found
--181018 101548: bmRequestForCreditTaskClass Not Found
--181018 101548: operatorMyConsultTaskClass Not Found
--181018 101558: coSubmitBmTaskClass Not Found
--181018 101558: bmRejectCoSubmitTaskClass Not Found
--181018 101558: bmNewConsultTaskClass Not Found
--181018 101558: bmRequestForCreditTaskClass Not Found
--181018 101558: operatorMyConsultTaskClass Not Found
--181018 101608: coSubmitBmTaskClass Not Found
--181018 101608: bmRejectCoSubmitTaskClass Not Found
--181018 101608: bmNewConsultTaskClass Not Found
--181018 101608: bmRequestForCreditTaskClass Not Found
--181018 101608: operatorMyConsultTaskClass Not Found
--181018 101618: coSubmitBmTaskClass Not Found
--181018 101618: bmRejectCoSubmitTaskClass Not Found
--181018 101618: bmNewConsultTaskClass Not Found
--181018 101618: bmRequestForCreditTaskClass Not Found
--181018 101618: operatorMyConsultTaskClass Not Found
--181018 101628: coSubmitBmTaskClass Not Found
--181018 101628: bmRejectCoSubmitTaskClass Not Found
--181018 101628: bmNewConsultTaskClass Not Found
--181018 101628: bmRequestForCreditTaskClass Not Found
--181018 101628: operatorMyConsultTaskClass Not Found
--181018 101638: coSubmitBmTaskClass Not Found
--181018 101638: bmRejectCoSubmitTaskClass Not Found
--181018 101638: bmNewConsultTaskClass Not Found
--181018 101638: bmRequestForCreditTaskClass Not Found
--181018 101638: operatorMyConsultTaskClass Not Found
--181018 101649: coSubmitBmTaskClass Not Found
--181018 101649: bmRejectCoSubmitTaskClass Not Found
--181018 101649: bmNewConsultTaskClass Not Found
--181018 101649: bmRequestForCreditTaskClass Not Found
--181018 101649: operatorMyConsultTaskClass Not Found
--181018 101659: coSubmitBmTaskClass Not Found
--181018 101659: bmRejectCoSubmitTaskClass Not Found
--181018 101659: bmNewConsultTaskClass Not Found
--181018 101659: bmRequestForCreditTaskClass Not Found
--181018 101659: operatorMyConsultTaskClass Not Found
--181018 101708: coSubmitBmTaskClass Not Found
--181018 101708: bmRejectCoSubmitTaskClass Not Found
--181018 101708: bmNewConsultTaskClass Not Found
--181018 101708: bmRequestForCreditTaskClass Not Found
--181018 101708: operatorMyConsultTaskClass Not Found
--181018 101718: coSubmitBmTaskClass Not Found
--181018 101718: bmRejectCoSubmitTaskClass Not Found
--181018 101718: bmNewConsultTaskClass Not Found
--181018 101718: bmRequestForCreditTaskClass Not Found
--181018 101718: operatorMyConsultTaskClass Not Found
--181018 101728: coSubmitBmTaskClass Not Found
--181018 101728: bmRejectCoSubmitTaskClass Not Found
--181018 101728: bmNewConsultTaskClass Not Found
--181018 101728: bmRequestForCreditTaskClass Not Found
--181018 101728: operatorMyConsultTaskClass Not Found
--181018 101738: coSubmitBmTaskClass Not Found
--181018 101738: bmRejectCoSubmitTaskClass Not Found
--181018 101738: bmNewConsultTaskClass Not Found
--181018 101738: bmRequestForCreditTaskClass Not Found
--181018 101738: operatorMyConsultTaskClass Not Found
--181018 101748: coSubmitBmTaskClass Not Found
--181018 101748: bmRejectCoSubmitTaskClass Not Found
--181018 101748: bmNewConsultTaskClass Not Found
--181018 101748: bmRequestForCreditTaskClass Not Found
--181018 101748: operatorMyConsultTaskClass Not Found
--181018 101758: coSubmitBmTaskClass Not Found
--181018 101758: bmRejectCoSubmitTaskClass Not Found
--181018 101758: bmNewConsultTaskClass Not Found
--181018 101758: bmRequestForCreditTaskClass Not Found
--181018 101758: operatorMyConsultTaskClass Not Found
--181018 101808: coSubmitBmTaskClass Not Found
--181018 101808: bmRejectCoSubmitTaskClass Not Found
--181018 101808: bmNewConsultTaskClass Not Found
--181018 101808: bmRequestForCreditTaskClass Not Found
--181018 101808: operatorMyConsultTaskClass Not Found
--181018 101818: coSubmitBmTaskClass Not Found
--181018 101818: bmRejectCoSubmitTaskClass Not Found
--181018 101818: bmNewConsultTaskClass Not Found
--181018 101818: bmRequestForCreditTaskClass Not Found
--181018 101818: operatorMyConsultTaskClass Not Found
--181018 101828: coSubmitBmTaskClass Not Found
--181018 101828: bmRejectCoSubmitTaskClass Not Found
--181018 101828: bmNewConsultTaskClass Not Found
--181018 101828: bmRequestForCreditTaskClass Not Found
--181018 101828: operatorMyConsultTaskClass Not Found
--181018 101838: coSubmitBmTaskClass Not Found
--181018 101838: bmRejectCoSubmitTaskClass Not Found
--181018 101838: bmNewConsultTaskClass Not Found
--181018 101838: bmRequestForCreditTaskClass Not Found
--181018 101838: operatorMyConsultTaskClass Not Found
--181018 101848: coSubmitBmTaskClass Not Found
--181018 101848: bmRejectCoSubmitTaskClass Not Found
--181018 101848: bmNewConsultTaskClass Not Found
--181018 101848: bmRequestForCreditTaskClass Not Found
--181018 101848: operatorMyConsultTaskClass Not Found
--181018 102244: bmRequestForCreditTaskClass Not Found
