--181025 091551: coSubmitBmTaskClass Not Found
--181025 091551: bmRejectCoSubmitTaskClass Not Found
--181025 091551: bmNewConsultTaskClass Not Found
--181025 091551: bmRequestForCreditTaskClass Not Found
--181025 091551: operatorMyConsultTaskClass Not Found
--181025 091553: coSubmitBmTaskClass Not Found
--181025 091553: bmRejectCoSubmitTaskClass Not Found
--181025 091553: bmNewConsultTaskClass Not Found
--181025 091554: bmRequestForCreditTaskClass Not Found
--181025 091554: operatorMyConsultTaskClass Not Found
--181025 091603: coSubmitBmTaskClass Not Found
--181025 091603: bmRejectCoSubmitTaskClass Not Found
--181025 091603: bmNewConsultTaskClass Not Found
--181025 091604: bmRequestForCreditTaskClass Not Found
--181025 091604: operatorMyConsultTaskClass Not Found
--181025 091613: coSubmitBmTaskClass Not Found
--181025 091613: bmRejectCoSubmitTaskClass Not Found
--181025 091613: bmNewConsultTaskClass Not Found
--181025 091614: bmRequestForCreditTaskClass Not Found
--181025 091614: operatorMyConsultTaskClass Not Found
--181025 091623: coSubmitBmTaskClass Not Found
--181025 091623: bmRejectCoSubmitTaskClass Not Found
--181025 091623: bmNewConsultTaskClass Not Found
--181025 091624: bmRequestForCreditTaskClass Not Found
--181025 091624: operatorMyConsultTaskClass Not Found
--181025 091643: coSubmitBmTaskClass Not Found
--181025 091643: bmRejectCoSubmitTaskClass Not Found
--181025 091643: bmNewConsultTaskClass Not Found
--181025 091643: bmRequestForCreditTaskClass Not Found
--181025 091644: operatorMyConsultTaskClass Not Found
--181025 091653: coSubmitBmTaskClass Not Found
--181025 091653: bmRejectCoSubmitTaskClass Not Found
--181025 091653: bmNewConsultTaskClass Not Found
--181025 091653: bmRequestForCreditTaskClass Not Found
--181025 091653: operatorMyConsultTaskClass Not Found
--181025 091703: coSubmitBmTaskClass Not Found
--181025 091703: bmRejectCoSubmitTaskClass Not Found
--181025 091703: bmNewConsultTaskClass Not Found
--181025 091703: bmRequestForCreditTaskClass Not Found
--181025 091703: operatorMyConsultTaskClass Not Found
--181025 091713: coSubmitBmTaskClass Not Found
--181025 091713: bmRejectCoSubmitTaskClass Not Found
--181025 091713: bmNewConsultTaskClass Not Found
--181025 091713: bmRequestForCreditTaskClass Not Found
--181025 091713: operatorMyConsultTaskClass Not Found
--181025 091723: coSubmitBmTaskClass Not Found
--181025 091723: bmRejectCoSubmitTaskClass Not Found
--181025 091723: bmNewConsultTaskClass Not Found
--181025 091723: bmRequestForCreditTaskClass Not Found
--181025 091723: operatorMyConsultTaskClass Not Found
--181025 091733: coSubmitBmTaskClass Not Found
--181025 091733: bmRejectCoSubmitTaskClass Not Found
--181025 091733: bmNewConsultTaskClass Not Found
--181025 091733: bmRequestForCreditTaskClass Not Found
--181025 091733: operatorMyConsultTaskClass Not Found
--181025 091743: coSubmitBmTaskClass Not Found
--181025 091743: bmRejectCoSubmitTaskClass Not Found
--181025 091743: bmNewConsultTaskClass Not Found
--181025 091743: bmRequestForCreditTaskClass Not Found
--181025 091743: operatorMyConsultTaskClass Not Found
--181025 091753: coSubmitBmTaskClass Not Found
--181025 091753: bmRejectCoSubmitTaskClass Not Found
--181025 091753: bmNewConsultTaskClass Not Found
--181025 091753: bmRequestForCreditTaskClass Not Found
--181025 091753: operatorMyConsultTaskClass Not Found
--181025 091803: coSubmitBmTaskClass Not Found
--181025 091803: bmRejectCoSubmitTaskClass Not Found
--181025 091803: bmNewConsultTaskClass Not Found
--181025 091803: bmRequestForCreditTaskClass Not Found
--181025 091803: operatorMyConsultTaskClass Not Found
--181025 091813: coSubmitBmTaskClass Not Found
--181025 091813: bmRejectCoSubmitTaskClass Not Found
--181025 091813: bmNewConsultTaskClass Not Found
--181025 091813: bmRequestForCreditTaskClass Not Found
--181025 091813: operatorMyConsultTaskClass Not Found
--181025 091823: coSubmitBmTaskClass Not Found
--181025 091823: bmRejectCoSubmitTaskClass Not Found
--181025 091823: bmNewConsultTaskClass Not Found
--181025 091823: bmRequestForCreditTaskClass Not Found
--181025 091823: operatorMyConsultTaskClass Not Found
--181025 091833: coSubmitBmTaskClass Not Found
--181025 091833: bmRejectCoSubmitTaskClass Not Found
--181025 091833: bmNewConsultTaskClass Not Found
--181025 091833: bmRequestForCreditTaskClass Not Found
--181025 091833: operatorMyConsultTaskClass Not Found
--181025 091843: coSubmitBmTaskClass Not Found
--181025 091843: bmRejectCoSubmitTaskClass Not Found
--181025 091843: bmNewConsultTaskClass Not Found
--181025 091843: bmRequestForCreditTaskClass Not Found
--181025 091843: operatorMyConsultTaskClass Not Found
--181025 091853: coSubmitBmTaskClass Not Found
--181025 091853: bmRejectCoSubmitTaskClass Not Found
--181025 091853: bmNewConsultTaskClass Not Found
--181025 091853: bmRequestForCreditTaskClass Not Found
--181025 091853: operatorMyConsultTaskClass Not Found
--181025 091903: coSubmitBmTaskClass Not Found
--181025 091903: bmRejectCoSubmitTaskClass Not Found
--181025 091903: bmNewConsultTaskClass Not Found
--181025 091903: bmRequestForCreditTaskClass Not Found
--181025 091903: operatorMyConsultTaskClass Not Found
--181025 091913: coSubmitBmTaskClass Not Found
--181025 091913: bmRejectCoSubmitTaskClass Not Found
--181025 091913: bmNewConsultTaskClass Not Found
--181025 091913: bmRequestForCreditTaskClass Not Found
--181025 091913: operatorMyConsultTaskClass Not Found
--181025 091923: coSubmitBmTaskClass Not Found
--181025 091923: bmRejectCoSubmitTaskClass Not Found
--181025 091923: bmNewConsultTaskClass Not Found
--181025 091923: bmRequestForCreditTaskClass Not Found
--181025 091923: operatorMyConsultTaskClass Not Found
--181025 091933: coSubmitBmTaskClass Not Found
--181025 091933: bmRejectCoSubmitTaskClass Not Found
--181025 091933: bmNewConsultTaskClass Not Found
--181025 091933: bmRequestForCreditTaskClass Not Found
--181025 091933: operatorMyConsultTaskClass Not Found
--181025 091943: coSubmitBmTaskClass Not Found
--181025 091943: bmRejectCoSubmitTaskClass Not Found
--181025 091943: bmNewConsultTaskClass Not Found
--181025 091943: bmRequestForCreditTaskClass Not Found
--181025 091943: operatorMyConsultTaskClass Not Found
--181025 091953: coSubmitBmTaskClass Not Found
--181025 091953: bmRejectCoSubmitTaskClass Not Found
--181025 091953: bmNewConsultTaskClass Not Found
--181025 091953: bmRequestForCreditTaskClass Not Found
--181025 091953: operatorMyConsultTaskClass Not Found
--181025 092003: coSubmitBmTaskClass Not Found
--181025 092003: bmRejectCoSubmitTaskClass Not Found
--181025 092003: bmNewConsultTaskClass Not Found
--181025 092003: bmRequestForCreditTaskClass Not Found
--181025 092003: operatorMyConsultTaskClass Not Found
--181025 092013: coSubmitBmTaskClass Not Found
--181025 092013: bmRejectCoSubmitTaskClass Not Found
--181025 092013: bmNewConsultTaskClass Not Found
--181025 092013: bmRequestForCreditTaskClass Not Found
--181025 092013: operatorMyConsultTaskClass Not Found
--181025 092023: coSubmitBmTaskClass Not Found
--181025 092023: bmRejectCoSubmitTaskClass Not Found
--181025 092023: bmNewConsultTaskClass Not Found
--181025 092023: bmRequestForCreditTaskClass Not Found
--181025 092023: operatorMyConsultTaskClass Not Found
--181025 092033: coSubmitBmTaskClass Not Found
--181025 092033: bmRejectCoSubmitTaskClass Not Found
--181025 092033: bmNewConsultTaskClass Not Found
--181025 092033: bmRequestForCreditTaskClass Not Found
--181025 092033: operatorMyConsultTaskClass Not Found
--181025 092043: coSubmitBmTaskClass Not Found
--181025 092043: bmRejectCoSubmitTaskClass Not Found
--181025 092043: bmNewConsultTaskClass Not Found
--181025 092043: bmRequestForCreditTaskClass Not Found
--181025 092043: operatorMyConsultTaskClass Not Found
--181025 092053: coSubmitBmTaskClass Not Found
--181025 092053: bmRejectCoSubmitTaskClass Not Found
--181025 092053: bmNewConsultTaskClass Not Found
--181025 092053: bmRequestForCreditTaskClass Not Found
--181025 092053: operatorMyConsultTaskClass Not Found
--181025 092103: coSubmitBmTaskClass Not Found
--181025 092103: bmRejectCoSubmitTaskClass Not Found
--181025 092103: bmNewConsultTaskClass Not Found
--181025 092103: bmRequestForCreditTaskClass Not Found
--181025 092103: operatorMyConsultTaskClass Not Found
--181025 092113: coSubmitBmTaskClass Not Found
--181025 092113: bmRejectCoSubmitTaskClass Not Found
--181025 092113: bmNewConsultTaskClass Not Found
--181025 092113: bmRequestForCreditTaskClass Not Found
--181025 092113: operatorMyConsultTaskClass Not Found
