--180920 130339: /microbank_tim/microbank/api/v2/co/submit.member.profile.cert.v2.php?officer_id=1&member_id=1&type=5&input_field=&image_list=%255B%257B%2522image_key%2522%253A%2522id_front%2522%252C%2522image_url%2522%253A%2522a.png%2522%252C%2522image_source%2522%253A0%257D%252C%257B%2522image_key%2522%253A%2522id_back%2522%252C%2522image_url%2522%253A%2522b.png%2522%252C%2522image_source%2522%253A1%257D%255D&token=
{"STS":false,"MSG":"Invalid token","DATA":null,"CODE":1010}
--180920 130431: /microbank_tim/microbank/api/v2/co/submit.member.profile.cert.v2.php?officer_id=1&member_id=1&type=5&input_field=&image_list=%255B%257B%2522image_key%2522%253A%2522id_front%2522%252C%2522image_url%2522%253A%2522a.png%2522%252C%2522image_source%2522%253A0%257D%252C%257B%2522image_key%2522%253A%2522id_back%2522%252C%2522image_url%2522%253A%2522b.png%2522%252C%2522image_source%2522%253A1%257D%255D&token=
{"STS":false,"MSG":"Unknown type:5","DATA":null,"CODE":10004}
--180920 130445: /microbank_tim/microbank/api/v2/co/submit.member.profile.cert.v2.php?officer_id=1&member_id=1&type=1&input_field=&image_list=%255B%257B%2522image_key%2522%253A%2522id_front%2522%252C%2522image_url%2522%253A%2522a.png%2522%252C%2522image_source%2522%253A0%257D%252C%257B%2522image_key%2522%253A%2522id_back%2522%252C%2522image_url%2522%253A%2522b.png%2522%252C%2522image_source%2522%253A1%257D%255D&token=
{"STS":false,"MSG":"Empty param:cert_name","DATA":null,"CODE":1003}
--180920 130457: /microbank_tim/microbank/api/v2/co/submit.member.profile.cert.v2.php?officer_id=1&member_id=1&type=13&input_field=&image_list=%255B%257B%2522image_key%2522%253A%2522id_front%2522%252C%2522image_url%2522%253A%2522a.png%2522%252C%2522image_source%2522%253A0%257D%252C%257B%2522image_key%2522%253A%2522id_back%2522%252C%2522image_url%2522%253A%2522b.png%2522%252C%2522image_source%2522%253A1%257D%255D&token=
{"STS":false,"MSG":"No member","DATA":null,"CODE":1009}
--180920 130510: /microbank_tim/microbank/api/v2/co/submit.member.profile.cert.v2.php?officer_id=1&member_id=1&type=1&input_field=&image_list=%255B%257B%2522image_key%2522%253A%2522id_front%2522%252C%2522image_url%2522%253A%2522a.png%2522%252C%2522image_source%2522%253A0%257D%252C%257B%2522image_key%2522%253A%2522id_back%2522%252C%2522image_url%2522%253A%2522b.png%2522%252C%2522image_source%2522%253A1%257D%255D&token=
{"STS":false,"MSG":"Empty param:cert_name","DATA":null,"CODE":1003}
--180920 133908: /microbank_tim/microbank/api/v2/co/submit.member.income.salary.v2.php?officer_id=1&member_id=1&relative_id=1&relative_name=test&company_name=Company&company_phone=028-45684512&position=Manager&salary=2000&coord_x=0.0&coord_y=0.0&address_detail=test&image_list=%255B%257B%2522image_url%2522%253A%2522a.png%2522%252C%2522image_source%2522%253A0%257D%252C%257B%2522image_url%2522%253A%2522b.png%2522%252C%2522image_source%2522%253A1%257D%255D&token=
{"STS":false,"MSG":"Invalid token","DATA":null,"CODE":1010}
--180920 141629: /microbank_tim/microbank/api/v2/co/edit.member.income.salary.v2.php?officer_id=1&uid=1&company_name=Company&company_phone=028-45684512&position=Manager&salary=2000&coord_x=0.0&coord_y=0.0&address_detail=test&delete_image_ids=&image_list=%255B%257B%2522image_url%2522%253A%2522a.png%2522%252C%2522image_source%2522%253A0%257D%252C%257B%2522image_url%2522%253A%2522b.png%2522%252C%2522image_source%2522%253A1%257D%255D&token=
{"STS":false,"MSG":"Invalid token","DATA":null,"CODE":1010}
--180920 150018: /microbank_tim/microbank/api/v2/co/submit.member.attachment.research.v2.php?officer_id=1&member_id=1&title=Other%20Income&ext_type=1&ext_amount=500&remark=%E6%8E%92%E6%AC%BE%E6%94%B6%E5%85%A5&image_list=%255B%257B%2522image_url%2522%253A%2522a.png%2522%252C%2522image_source%2522%253A0%257D%252C%257B%2522image_url%2522%253A%2522b.png%2522%252C%2522image_source%2522%253A1%257D%255D&token=
{"STS":false,"MSG":"Invalid token","DATA":null,"CODE":1010}
--180920 155106: /microbank_tim/microbank/api/v2/co/edit.member.attachment.research.v2.php?officer_id=1&uid=1&title=Other%20Income&ext_type=1&ext_amount=500&remark=%E6%8E%92%E6%AC%BE%E6%94%B6%E5%85%A5&delete_image_ids=&image_list=%255B%257B%2522image_url%2522%253A%2522c.png%2522%252C%2522image_source%2522%253A0%257D%252C%257B%2522image_url%2522%253A%2522d.png%2522%252C%2522image_source%2522%253A1%257D%255D&token=
{"STS":false,"MSG":"Invalid token","DATA":null,"CODE":1010}
--180920 160251: /microbank_tim/microbank/counter/index.php?_c=member_cash&_m=createClientWithdrawal&yoajax=1
{"STS":false,"MSG":"Member balance not enough.","DATA":null,"CODE":0}
--180920 160325: /microbank_tim/microbank/counter/index.php?_c=member_cash&_m=createClientWithdrawal&yoajax=1
{"STS":false,"MSG":"Member balance not enough.","DATA":null,"CODE":0}
--180920 160334: /microbank_tim/microbank/counter/index.php?_c=member_cash&_m=createClientWithdrawal&yoajax=1
{"STS":false,"MSG":"Exceed branch day limit.","DATA":null,"CODE":0}
--180920 160345: /microbank_tim/microbank/counter/index.php?_c=member_cash&_m=createClientWithdrawal&yoajax=1
{"STS":false,"MSG":"Exceed branch day limit.","DATA":null,"CODE":0}
--180920 160453: /microbank_tim/microbank/counter/index.php?_c=member_cash&_m=createClientDeposit&yoajax=1
{"STS":false,"MSG":"Exceed branch day limit.","DATA":null,"CODE":0}
--180920 160656: /microbank_tim/microbank/counter/index.php?_c=member_cash&_m=createClientDeposit&yoajax=1
{"STS":false,"MSG":"Exceed branch day limit:5000.00","DATA":null,"CODE":0}
--180920 160705: /microbank_tim/microbank/counter/index.php?_c=member_cash&_m=createClientDeposit&yoajax=1
{"STS":false,"MSG":"Exceed branch day limit:5000.00","DATA":null,"CODE":0}
--180920 161901: /microbank_tim/microbank/counter/index.php?_c=cash_in_vault&_m=submitCashIn&yoajax=1
{"STS":false,"MSG":"Branch cash in vault out of credit limit:1000","DATA":null,"CODE":0}
--180920 161928: /microbank_tim/microbank/counter/index.php?_c=cash_in_vault&_m=submitCashIn&yoajax=1
{"STS":false,"MSG":"Branch cash in vault out of credit limit:1000","DATA":null,"CODE":0}
--180920 164318: /microbank_tim/microbank/api/v2/co/submit.asset.rental.research.v2.php?officer_id=1&asset_id=1&renter=zhang%20san&monthly_rent=500&remark=%E7%A7%9F%E7%BB%99%E5%BC%A0%E4%B8%89%EF%BC%8C%E6%9C%88%E7%A7%9F500&image_list=%255B%257B%2522image_url%2522%253A%2522a.png%2522%252C%2522image_source%2522%253A0%257D%252C%257B%2522image_url%2522%253A%2522b.png%2522%252C%2522image_source%2522%253A1%257D%255D&token=
{"STS":false,"MSG":"Invalid token","DATA":null,"CODE":1010}
--180920 164342: /microbank_tim/microbank/api/v2/co/submit.asset.rental.research.v2.php?officer_id=1&asset_id=1&renter=zhang%20san&monthly_rent=500&remark=%E7%A7%9F%E7%BB%99%E5%BC%A0%E4%B8%89%EF%BC%8C%E6%9C%88%E7%A7%9F500&image_list=%255B%257B%2522image_url%2522%253A%2522a.png%2522%252C%2522image_source%2522%253A0%257D%252C%257B%2522image_url%2522%253A%2522b.png%2522%252C%2522image_source%2522%253A1%257D%255D&token=
{"STS":false,"MSG":"No asset info:1","DATA":null,"CODE":0}
