--181016 140958: /microbank_tim/microbank/wap_operator/index.php?act=home&op=addCreditRequest&cid=1000310&id=310&name=Allics
<h5>Not allow to edit credit</h5><h3>Please add credit-request of client at first</h3>
redirect to:javascript:history.back(-1);
--181016 141318: /microbank_tim/microbank/wap_operator/index.php?act=home&op=addCreditRequest&cid=1000310&id=310&name=Allics
<h5>Not allow to edit credit</h5><h3>Please add credit-request of client at first</h3>
redirect to:javascript:history.back(-1);
--181016 144811: /microbank_tim/microbank/wap_operator/index.php?act=home&op=addCreditRequest&cid=1000310&id=310&name=Allics
<h5>Not allow to edit credit</h5><h3>Please add credit-request of client at first</h3>
redirect to:javascript:history.back(-1);
--181016 144814: /microbank_tim/microbank/wap_operator/index.php?act=home&op=addCreditRequest&cid=1000310&id=310&name=Allics
<h5>Not allow to edit credit</h5><h3>Please add credit-request of client at first</h3>
redirect to:javascript:history.back(-1);
--181016 144819: /microbank_tim/microbank/wap_operator/index.php?act=home&op=addCreditRequest&cid=1000310&id=310&name=Allics
<h5>Not allow to edit credit</h5><h3>Please add credit-request of client at first</h3>
redirect to:javascript:history.back(-1);
--181016 144944: /microbank_tim/microbank/wap_operator/index.php?act=home&op=addCreditRequest&cid=1000310&id=310&name=Allics
<h5>Not allow to edit credit</h5><h3>Please add credit-request of client at first</h3>
redirect to:javascript:history.back(-1);
--181016 144949: /microbank_tim/microbank/wap_operator/index.php?act=home&op=addCreditRequest&cid=1000310&id=310&name=Allics
<h5>Not allow to edit credit</h5><h3>Please add credit-request of client at first</h3>
redirect to:javascript:history.back(-1);
--181016 144950: /microbank_tim/microbank/wap_operator/index.php?act=home&op=addCreditRequest&cid=1000310&id=310&name=Allics
<h5>Not allow to edit credit</h5><h3>Please add credit-request of client at first</h3>
redirect to:javascript:history.back(-1);
--181016 144955: /microbank_tim/microbank/wap_operator/index.php?act=home&op=addCreditRequest&cid=1000310&id=310&name=Allics
<h5>Not allow to edit credit</h5><h3>Please add credit-request of client at first</h3>
redirect to:javascript:history.back(-1);
--181016 145007: /microbank_tim/microbank/wap_operator/index.php?act=home&op=addCreditRequest&cid=1000310&id=310&name=Allics
<h5>Not allow to edit credit</h5><h3>Please add credit-request of client at first</h3>
redirect to:javascript:history.back(-1);
--181016 145625: /microbank_tim/microbank/wap_operator/index.php?act=home&op=addCreditRequest&cid=1000310&id=310&name=Allics
<h5>Not allow to edit credit</h5><h3>Please add credit-request of client at first</h3>
redirect to:javascript:history.back(-1);
--181016 145922: /microbank_tim/microbank/wap_operator/index.php?act=home&op=addCreditRequest&cid=1000310&id=310&name=Allics
<h5>Not allow to edit credit</h5><h3>Please add credit-request of client at first</h3>
redirect to:javascript:history.back(-1);
--181016 145934: /microbank_tim/microbank/wap_operator/index.php?act=home&op=addCreditRequest&cid=1000310&id=310&name=Allics
<h5>Not allow to edit credit</h5><h3>Please add credit-request of client at first</h3>
redirect to:javascript:history.back(-1);
--181016 145937: /microbank_tim/microbank/wap_operator/index.php?act=home&op=addCreditRequest&cid=1000310&id=310&name=Allics
<h5>Not allow to edit credit</h5><h3>Please add credit-request of client at first</h3>
redirect to:javascript:history.back(-1);
--181016 150451: /microbank_tim/microbank/wap_operator/index.php?act=home&op=addCreditRequest&cid=1000310&id=310&name=Allics
<h5>Not allow to edit credit</h5><h3>Please add credit-request of client at first</h3>
redirect to:javascript:history.back(-1);
--181016 150457: /microbank_tim/microbank/wap_operator/index.php?act=home&op=addCreditRequest&cid=1000310&id=310&name=Allics
<h5>Not allow to edit credit</h5><h3>Please add credit-request of client at first</h3>
redirect to:javascript:history.back(-1);
--181016 150502: /microbank_tim/microbank/wap_operator/index.php?act=home&op=addCreditRequest&cid=1000310&id=310&name=Allics
<h5>Not allow to edit credit</h5><h3>Please add credit-request of client at first</h3>
redirect to:javascript:history.back(-1);
--181016 150646: /microbank_tim/microbank/wap_operator/index.php?act=home&op=addCreditRequest&cid=1000310&id=310&name=Allics
<h5>Not allow to edit credit</h5><h3>Please add credit-request of client at first</h3>
redirect to:javascript:history.back(-1);
--181016 150650: /microbank_tim/microbank/wap_operator/index.php?act=home&op=addCreditRequest&cid=1000310&id=310&name=Allics
<h5>Not allow to edit credit</h5><h3>Please add credit-request of client at first</h3>
redirect to:javascript:history.back(-1);
--181016 152245: /microbank_tim/microbank/wap_operator/index.php?act=home&op=addCreditRequest&cid=1000310&id=310&name=Allics
<h5>Not allow to edit credit</h5><h3>Please add credit-request of client at first</h3>
redirect to:javascript:history.back(-1);
--181016 152329: /microbank_tim/microbank/wap_operator/index.php?act=home&op=addCreditRequest&cid=1000310&id=310&name=Allics
<h5>Not allow to edit credit</h5><h3>Please add credit-request of client at first</h3>
redirect to:javascript:history.back(-1);
--181016 152331: /microbank_tim/microbank/wap_operator/index.php?act=home&op=addCreditRequest&cid=1000310&id=310&name=Allics
<h5>Not allow to edit credit</h5><h3>Please add credit-request of client at first</h3>
redirect to:javascript:history.back(-1);
--181016 152336: /microbank_tim/microbank/wap_operator/index.php?act=home&op=addCreditRequest&cid=1000310&id=310&name=Allics
<h5>Not allow to edit credit</h5><h3>Please add credit-request of client at first</h3>
redirect to:javascript:history.back(-1);
--181016 152344: /microbank_tim/microbank/wap_operator/index.php?act=home&op=addCreditRequest&cid=1000310&id=310&name=Allics
<h5>Not allow to edit credit</h5><h3>Please add credit-request of client at first</h3>
redirect to:javascript:history.back(-1);
--181016 152423: /microbank_tim/microbank/wap_operator/index.php?act=home&op=addCreditRequest&cid=1000310&id=310&name=Allics
<h5>Not allow to edit credit</h5><h3>Please add credit-request of client at first</h3>
redirect to:javascript:history.back(-1);
--181016 152431: /microbank_tim/microbank/wap_operator/index.php?act=home&op=addCreditRequest&cid=1000310&id=310&name=Allics
<h5>Not allow to edit credit</h5><h3>Please add credit-request of client at first</h3>
redirect to:javascript:history.back(-1);
--181016 165708: /microbank_tim/microbank/backoffice/index.php?act=web_credit&op=editMemberCreditCategoryProductPage&member_id=728&uid=420
Saved Success!
redirect to:http://localhost/microbank_tim/microbank/backoffice/index.php?act=web_credit&op=editMemberCreditCategory&uid=728
--181016 171246: /microbank_tim/microbank/counter/index.php?act=print_form&op=printPreviewInstallmentSchemeByGrantProductUid&grant_product_uid=&currency=USD
Product credit is less than 0 of USD
redirect to:
